###############################################################################
#
# IAR ANSI C/C++ Compiler V7.10.1.6676/W32 for ARM        25/Apr/2015  15:48:28
# Copyright 1999-2014 IAR Systems AB.
#
#    Cpu mode     =  thumb
#    Endian       =  little
#    Source file  =  
#        G:\test\LPLD_OSKinetis_V3_now02\project\LPLD_OV7670\app\Interface.c
#    Command line =  
#        G:\test\LPLD_OSKinetis_V3_now02\project\LPLD_OV7670\app\Interface.c -D
#        LPLD_K60 -lCN
#        G:\test\LPLD_OSKinetis_V3_now02\project\LPLD_OV7670\iar\FLASH\List\
#        -lB
#        G:\test\LPLD_OSKinetis_V3_now02\project\LPLD_OV7670\iar\FLASH\List\ -o
#        G:\test\LPLD_OSKinetis_V3_now02\project\LPLD_OV7670\iar\FLASH\Obj\
#        --no_cse --no_unroll --no_inline --no_code_motion --no_tbaa
#        --no_clustering --no_scheduling --debug --endian=little
#        --cpu=Cortex-M4 -e --fpu=None --dlib_config
#        E:\iar\arm\INC\c\DLib_Config_Normal.h -I
#        G:\test\LPLD_OSKinetis_V3_now02\project\LPLD_OV7670\iar\..\app\ -I
#        G:\test\LPLD_OSKinetis_V3_now02\project\LPLD_OV7670\iar\..\..\..\lib\CPU\
#        -I
#        G:\test\LPLD_OSKinetis_V3_now02\project\LPLD_OV7670\iar\..\..\..\lib\common\
#        -I
#        G:\test\LPLD_OSKinetis_V3_now02\project\LPLD_OV7670\iar\..\..\..\lib\LPLD\
#        -I
#        G:\test\LPLD_OSKinetis_V3_now02\project\LPLD_OV7670\iar\..\..\..\lib\LPLD\HW\
#        -I
#        G:\test\LPLD_OSKinetis_V3_now02\project\LPLD_OV7670\iar\..\..\..\lib\LPLD\DEV\
#        -I
#        G:\test\LPLD_OSKinetis_V3_now02\project\LPLD_OV7670\iar\..\..\..\lib\uCOS-II\Ports\
#        -I
#        G:\test\LPLD_OSKinetis_V3_now02\project\LPLD_OV7670\iar\..\..\..\lib\uCOS-II\Source\
#        -I
#        G:\test\LPLD_OSKinetis_V3_now02\project\LPLD_OV7670\iar\..\..\..\lib\FatFs\
#        -I
#        G:\test\LPLD_OSKinetis_V3_now02\project\LPLD_OV7670\iar\..\..\..\lib\FatFs\option\
#        -I
#        G:\test\LPLD_OSKinetis_V3_now02\project\LPLD_OV7670\iar\..\..\..\lib\USB\common\
#        -I
#        G:\test\LPLD_OSKinetis_V3_now02\project\LPLD_OV7670\iar\..\..\..\lib\USB\driver\
#        -I
#        G:\test\LPLD_OSKinetis_V3_now02\project\LPLD_OV7670\iar\..\..\..\lib\USB\descriptor\
#        -I
#        G:\test\LPLD_OSKinetis_V3_now02\project\LPLD_OV7670\iar\..\..\..\lib\USB\class\
#        -I
#        G:\test\LPLD_OSKinetis_V3_now02\project\LPLD_OV7670\iar\..\..\..\lib\Security\
#        -I
#        G:\test\LPLD_OSKinetis_V3_now02\project\LPLD_OV7670\iar\..\..\..\lib\SQC\
#        -Ol -I E:\iar\arm\CMSIS\Include\ -D ARM_MATH_CM4
#    List file    =  
#        G:\test\LPLD_OSKinetis_V3_now02\project\LPLD_OV7670\iar\FLASH\List\Interface.lst
#    Object file  =  
#        G:\test\LPLD_OSKinetis_V3_now02\project\LPLD_OV7670\iar\FLASH\Obj\Interface.o
#
###############################################################################

G:\test\LPLD_OSKinetis_V3_now02\project\LPLD_OV7670\app\Interface.c
      1          /**
      2           * @file Interface.c
      3           * @version 1.0[By finley]
      4           * @date 2015-04-16
      5           * @brief 接口初始化函数
      6           *
      7           *
      8           * 版权所有:宿迁学院物联网实验室
      9           * http://www.sqc.edu.cn
     10           *
     11           * @par
     12           * 本代码由宿迁学院[SQC]开发并维护，并向所有使用者开放源代码。
     13           * 开发者可以随意修使用或改源代码。但本段及以上注释应予以保留。
     14           * 不得更改或删除原版权所有者姓名，二次开发者可以加注二次版权所有者。
     15           * 但应在遵守此协议的基础上，开放源代码、不得出售代码本身。
     16           * 宿迁学院不负责由于使用本代码所带来的任何事故、法律责任或相关不良影响。
     17           * 宿迁学院无义务解释、说明本代码的具体原理、功能、实现方法。
     18           * 除非宿迁学院[SQC]授权，开发者不得将本代码用于商业产品。
     19           */
     20          
     21          
     22          #include "common.h"
     23          #include "Interface.h"
     24          #include "SQC_OV7670.h"
     25          #include "SQC_ME3000.h"
     26          #include "SQC_UM220.h"
     27          #include <stdarg.h>
     28          
     29          

   \                                 In section .bss, align 4
     30          UART_InitTypeDef uart0_init_struct;
   \                     uart0_init_struct:
   \   00000000                      DS8 20

   \                                 In section .bss, align 4
     31          UART_InitTypeDef uart1_init_struct;
   \                     uart1_init_struct:
   \   00000000                      DS8 20

   \                                 In section .bss, align 4
     32          UART_InitTypeDef uart2_init_struct;
   \                     uart2_init_struct:
   \   00000000                      DS8 20

   \                                 In section .bss, align 4
     33          UART_InitTypeDef uart3_init_struct;
   \                     uart3_init_struct:
   \   00000000                      DS8 20

   \                                 In section .bss, align 4
     34          UART_InitTypeDef uart4_init_struct;
   \                     uart4_init_struct:
   \   00000000                      DS8 20

   \                                 In section .bss, align 4
     35          UART_InitTypeDef uart5_init_struct;
   \                     uart5_init_struct:
   \   00000000                      DS8 20
     36          

   \                                 In section .bss, align 4
     37          GPIO_InitTypeDef pta_init;
   \                     pta_init:
   \   00000000                      DS8 20

   \                                 In section .bss, align 4
     38          GPIO_InitTypeDef ptb_init;
   \                     ptb_init:
   \   00000000                      DS8 20

   \                                 In section .bss, align 4
     39          GPIO_InitTypeDef ptc_init;
   \                     ptc_init:
   \   00000000                      DS8 20

   \                                 In section .bss, align 4
     40          GPIO_InitTypeDef pte_init;
   \                     pte_init:
   \   00000000                      DS8 20

   \                                 In section .bss, align 4
     41          GPIO_InitTypeDef ptd_init;
   \                     ptd_init:
   \   00000000                      DS8 20
     42              
     43          

   \                                 In section .text, align 2, keep-with-next
     44          void uart_init(void)
     45          {
   \                     uart_init: (+1)
   \   00000000   0xB580             PUSH     {R7,LR}
     46          
     47            
     48            /*
     49            UART0   TXD0:PTB17   RXD0:PTB16      USB->UART 
     50            UART1   TXD1:PTE0    RXD1:PTE1       WIFI
     51            //UART2   TXD2:PTE0    RXD2:PTE1    
     52            UART3   TXD3:PTE4    RXD3:PTE5       北斗/GPS
     53            UART4   TXD4:PTE24   RXD4:PTE25      Zigbee
     54            UART5   TXD5:PTE8    RXD5:PTE9       GPRS
     55            */
     56            /*   init uart0   USB->UART  115200*/
     57            uart0_init_struct.UART_Uartx = UART0; //使用UART0
   \   00000002   0x.... 0x....      LDR.W    R0,??DataTable7  ;; 0x4006a000
   \   00000006   0x.... 0x....      LDR.W    R1,??DataTable7_1
   \   0000000A   0x6008             STR      R0,[R1, #+0]
     58            uart0_init_struct.UART_BaudRate = 9600; //设置波特率115200
   \   0000000C   0xF44F 0x5016      MOV      R0,#+9600
   \   00000010   0x.... 0x....      LDR.W    R1,??DataTable7_1
   \   00000014   0x6048             STR      R0,[R1, #+4]
     59            uart0_init_struct.UART_RxPin = PTB16;  //接收引脚为PTE16
   \   00000016   0x2030             MOVS     R0,#+48
   \   00000018   0x.... 0x....      LDR.W    R1,??DataTable7_1
   \   0000001C   0x7248             STRB     R0,[R1, #+9]
     60            uart0_init_struct.UART_TxPin = PTB17;  //发送引脚为PTE17
   \   0000001E   0x2031             MOVS     R0,#+49
   \   00000020   0x.... 0x....      LDR.W    R1,??DataTable7_1
   \   00000024   0x7208             STRB     R0,[R1, #+8]
     61            uart0_init_struct.UART_RxIntEnable = TRUE;    //使能接收中断
   \   00000026   0x2001             MOVS     R0,#+1
   \   00000028   0x.... 0x....      LDR.W    R1,??DataTable7_1
   \   0000002C   0x7288             STRB     R0,[R1, #+10]
     62            uart0_init_struct.UART_RxIsr = uart0_isr;      //设置接收中断函数
   \   0000002E   0x.... 0x....      ADR.W    R0,uart0_isr
   \   00000032   0x.... 0x....      LDR.W    R1,??DataTable7_1
   \   00000036   0x60C8             STR      R0,[R1, #+12]
     63            LPLD_UART_Init(uart0_init_struct);//初始化UART 
   \   00000038   0x.... 0x....      LDR.W    R1,??DataTable7_1
   \   0000003C   0xB084             SUB      SP,SP,#+16
   \   0000003E   0x4668             MOV      R0,SP
   \   00000040   0x2214             MOVS     R2,#+20
   \   00000042   0x.... 0x....      BL       __aeabi_memcpy4
   \   00000046   0xBC0F             POP      {R0-R3}
   \   00000048   0x.... 0x....      BL       LPLD_UART_Init
     64            LPLD_UART_EnableIrq(uart0_init_struct);//使能UART中断
   \   0000004C   0x.... 0x....      LDR.W    R1,??DataTable7_1
   \   00000050   0xB084             SUB      SP,SP,#+16
   \   00000052   0x4668             MOV      R0,SP
   \   00000054   0x2214             MOVS     R2,#+20
   \   00000056   0x.... 0x....      BL       __aeabi_memcpy4
   \   0000005A   0xBC0F             POP      {R0-R3}
   \   0000005C   0x.... 0x....      BL       LPLD_UART_EnableIrq
     65            /*   init uart1  WIFI  115200     */
     66            uart1_init_struct.UART_Uartx = UART1; //使用UART1
   \   00000060   0x.... 0x....      LDR.W    R0,??DataTable7_2  ;; 0x4006b000
   \   00000064   0x.... 0x....      LDR.W    R1,??DataTable7_3
   \   00000068   0x6008             STR      R0,[R1, #+0]
     67            uart1_init_struct.UART_BaudRate = 115200; //设置波特率115200
   \   0000006A   0xF45F 0x30E1      MOVS     R0,#+115200
   \   0000006E   0x.... 0x....      LDR.W    R1,??DataTable7_3
   \   00000072   0x6048             STR      R0,[R1, #+4]
     68            uart1_init_struct.UART_RxPin = PTE2;  //接收引脚为PTE2
   \   00000074   0x207E             MOVS     R0,#+126
   \   00000076   0x.... 0x....      LDR.W    R1,??DataTable7_3
   \   0000007A   0x7248             STRB     R0,[R1, #+9]
     69            uart1_init_struct.UART_TxPin = PTE0;  //发送引脚为PTE0
   \   0000007C   0x207C             MOVS     R0,#+124
   \   0000007E   0x.... 0x....      LDR.W    R1,??DataTable7_3
   \   00000082   0x7208             STRB     R0,[R1, #+8]
     70            uart1_init_struct.UART_RxIntEnable = TRUE;    //使能接收中断
   \   00000084   0x2001             MOVS     R0,#+1
   \   00000086   0x.... 0x....      LDR.W    R1,??DataTable7_3
   \   0000008A   0x7288             STRB     R0,[R1, #+10]
     71            uart1_init_struct.UART_RxIsr = uart1_isr;      //设置接收中断函数
   \   0000008C   0x.... 0x....      ADR.W    R0,uart1_isr
   \   00000090   0x.... 0x....      LDR.W    R1,??DataTable7_3
   \   00000094   0x60C8             STR      R0,[R1, #+12]
     72            LPLD_UART_Init(uart1_init_struct);//初始化UART 
   \   00000096   0x.... 0x....      LDR.W    R1,??DataTable7_3
   \   0000009A   0xB084             SUB      SP,SP,#+16
   \   0000009C   0x4668             MOV      R0,SP
   \   0000009E   0x2214             MOVS     R2,#+20
   \   000000A0   0x.... 0x....      BL       __aeabi_memcpy4
   \   000000A4   0xBC0F             POP      {R0-R3}
   \   000000A6   0x.... 0x....      BL       LPLD_UART_Init
     73            LPLD_UART_EnableIrq(uart1_init_struct);//使能UART中断 
   \   000000AA   0x.... 0x....      LDR.W    R1,??DataTable7_3
   \   000000AE   0xB084             SUB      SP,SP,#+16
   \   000000B0   0x4668             MOV      R0,SP
   \   000000B2   0x2214             MOVS     R2,#+20
   \   000000B4   0x.... 0x....      BL       __aeabi_memcpy4
   \   000000B8   0xBC0F             POP      {R0-R3}
   \   000000BA   0x.... 0x....      BL       LPLD_UART_EnableIrq
     74            ////  /*   init uart2  */
     75            ////  uart2_init_struct.UART_Uartx = UART2; //使用UART2
     76            ////  uart2_init_struct.UART_BaudRate = 115200; //设置波特率9600
     77            ////  uart2_init_struct.UART_RxPin = PTE1;  //接收引脚为PTE9
     78            ////  uart2_init_struct.UART_TxPin = PTE0;  //发送引脚为PTE8
     79            ////  uart2_init_struct.UART_RxIntEnable = TRUE;    //使能接收中断
     80            ////  uart2_init_struct.UART_RxIsr = uart2_isr;      //设置接收中断函数
     81            ////  LPLD_UART_Init(uart2_init_struct);//初始化UART 
     82            ////  LPLD_UART_EnableIrq(uart2_init_struct);//使能UART中断
     83            /*   init uart3  北斗/GPS  115200  */
     84            uart3_init_struct.UART_Uartx = UART3; //使用UART3
   \   000000BE   0x.... 0x....      LDR.W    R0,??DataTable7_4  ;; 0x4006d000
   \   000000C2   0x.... 0x....      LDR.W    R1,??DataTable7_5
   \   000000C6   0x6008             STR      R0,[R1, #+0]
     85            uart3_init_struct.UART_BaudRate = 9600; //设置波特率9600
   \   000000C8   0xF44F 0x5016      MOV      R0,#+9600
   \   000000CC   0x.... 0x....      LDR.W    R1,??DataTable7_5
   \   000000D0   0x6048             STR      R0,[R1, #+4]
     86            uart3_init_struct.UART_RxPin = PTE5;  //接收引脚为PTE5
   \   000000D2   0x2081             MOVS     R0,#+129
   \   000000D4   0x.... 0x....      LDR.W    R1,??DataTable7_5
   \   000000D8   0x7248             STRB     R0,[R1, #+9]
     87            uart3_init_struct.UART_TxPin = PTE4;  //发送引脚为PTE4
   \   000000DA   0x2080             MOVS     R0,#+128
   \   000000DC   0x.... 0x....      LDR.W    R1,??DataTable7_5
   \   000000E0   0x7208             STRB     R0,[R1, #+8]
     88            uart3_init_struct.UART_RxIntEnable = TRUE;    //使能接收中断
   \   000000E2   0x2001             MOVS     R0,#+1
   \   000000E4   0x.... 0x....      LDR.W    R1,??DataTable7_5
   \   000000E8   0x7288             STRB     R0,[R1, #+10]
     89            uart3_init_struct.UART_RxIsr = uart3_isr;      //设置接收中断函数
   \   000000EA   0x.... 0x....      ADR.W    R0,uart3_isr
   \   000000EE   0x.... 0x....      LDR.W    R1,??DataTable7_5
   \   000000F2   0x60C8             STR      R0,[R1, #+12]
     90            LPLD_UART_Init(uart3_init_struct);//初始化UART 
   \   000000F4   0x.... 0x....      LDR.W    R1,??DataTable7_5
   \   000000F8   0xB084             SUB      SP,SP,#+16
   \   000000FA   0x4668             MOV      R0,SP
   \   000000FC   0x2214             MOVS     R2,#+20
   \   000000FE   0x.... 0x....      BL       __aeabi_memcpy4
   \   00000102   0xBC0F             POP      {R0-R3}
   \   00000104   0x.... 0x....      BL       LPLD_UART_Init
     91            LPLD_UART_EnableIrq(uart3_init_struct);//使能UART中断
   \   00000108   0x.... 0x....      LDR.W    R1,??DataTable7_5
   \   0000010C   0xB084             SUB      SP,SP,#+16
   \   0000010E   0x4668             MOV      R0,SP
   \   00000110   0x2214             MOVS     R2,#+20
   \   00000112   0x.... 0x....      BL       __aeabi_memcpy4
   \   00000116   0xBC0F             POP      {R0-R3}
   \   00000118   0x.... 0x....      BL       LPLD_UART_EnableIrq
     92            /*   init uart4    Zigbee */
     93            uart4_init_struct.UART_Uartx = UART4; //使用UART4
   \   0000011C   0x.... 0x....      LDR.W    R0,??DataTable7_6  ;; 0x400ea000
   \   00000120   0x.... 0x....      LDR.W    R1,??DataTable7_7
   \   00000124   0x6008             STR      R0,[R1, #+0]
     94            uart4_init_struct.UART_BaudRate = 115200; //设置波特率115200
   \   00000126   0xF45F 0x30E1      MOVS     R0,#+115200
   \   0000012A   0x.... 0x....      LDR.W    R1,??DataTable7_7
   \   0000012E   0x6048             STR      R0,[R1, #+4]
     95            uart4_init_struct.UART_RxPin = PTE25;  //接收引脚为PTE25
   \   00000130   0x2095             MOVS     R0,#+149
   \   00000132   0x.... 0x....      LDR.W    R1,??DataTable7_7
   \   00000136   0x7248             STRB     R0,[R1, #+9]
     96            uart4_init_struct.UART_TxPin = PTE24;  //发送引脚为PTE24
   \   00000138   0x2094             MOVS     R0,#+148
   \   0000013A   0x.... 0x....      LDR.W    R1,??DataTable7_7
   \   0000013E   0x7208             STRB     R0,[R1, #+8]
     97            uart4_init_struct.UART_RxIntEnable = TRUE;    //使能接收中断
   \   00000140   0x2001             MOVS     R0,#+1
   \   00000142   0x.... 0x....      LDR.W    R1,??DataTable7_7
   \   00000146   0x7288             STRB     R0,[R1, #+10]
     98            uart4_init_struct.UART_RxIsr = uart4_isr;      //设置接收中断函数
   \   00000148   0x.... 0x....      ADR.W    R0,uart4_isr
   \   0000014C   0x.... 0x....      LDR.W    R1,??DataTable7_7
   \   00000150   0x60C8             STR      R0,[R1, #+12]
     99            LPLD_UART_Init(uart4_init_struct);//初始化UART 
   \   00000152   0x.... 0x....      LDR.W    R1,??DataTable7_7
   \   00000156   0xB084             SUB      SP,SP,#+16
   \   00000158   0x4668             MOV      R0,SP
   \   0000015A   0x2214             MOVS     R2,#+20
   \   0000015C   0x.... 0x....      BL       __aeabi_memcpy4
   \   00000160   0xBC0F             POP      {R0-R3}
   \   00000162   0x.... 0x....      BL       LPLD_UART_Init
    100            LPLD_UART_EnableIrq(uart4_init_struct);//使能UART中断
   \   00000166   0x.... 0x....      LDR.W    R1,??DataTable7_7
   \   0000016A   0xB084             SUB      SP,SP,#+16
   \   0000016C   0x4668             MOV      R0,SP
   \   0000016E   0x2214             MOVS     R2,#+20
   \   00000170   0x.... 0x....      BL       __aeabi_memcpy4
   \   00000174   0xBC0F             POP      {R0-R3}
   \   00000176   0x.... 0x....      BL       LPLD_UART_EnableIrq
    101            /*   init uart5   GPRS  115200 */
    102            uart5_init_struct.UART_Uartx = UART5; //使用UART5
   \   0000017A   0x.... 0x....      LDR.W    R0,??DataTable7_8  ;; 0x400eb000
   \   0000017E   0x.... 0x....      LDR.W    R1,??DataTable7_9
   \   00000182   0x6008             STR      R0,[R1, #+0]
    103            uart5_init_struct.UART_BaudRate = 115200; //设置波特率115200
   \   00000184   0xF45F 0x30E1      MOVS     R0,#+115200
   \   00000188   0x....             LDR.N    R1,??DataTable7_9
   \   0000018A   0x6048             STR      R0,[R1, #+4]
    104            uart5_init_struct.UART_RxPin = PTE9;  //接收引脚为PTE9
   \   0000018C   0x2085             MOVS     R0,#+133
   \   0000018E   0x....             LDR.N    R1,??DataTable7_9
   \   00000190   0x7248             STRB     R0,[R1, #+9]
    105            uart5_init_struct.UART_TxPin = PTE8;  //发送引脚为PTE8
   \   00000192   0x2084             MOVS     R0,#+132
   \   00000194   0x....             LDR.N    R1,??DataTable7_9
   \   00000196   0x7208             STRB     R0,[R1, #+8]
    106            uart5_init_struct.UART_RxIntEnable = TRUE;    //使能接收中断
   \   00000198   0x2001             MOVS     R0,#+1
   \   0000019A   0x....             LDR.N    R1,??DataTable7_9
   \   0000019C   0x7288             STRB     R0,[R1, #+10]
    107            uart5_init_struct.UART_RxIsr = uart5_isr;      //设置接收中断函数
   \   0000019E   0x.... 0x....      ADR.W    R0,uart5_isr
   \   000001A2   0x....             LDR.N    R1,??DataTable7_9
   \   000001A4   0x60C8             STR      R0,[R1, #+12]
    108            LPLD_UART_Init(uart5_init_struct);//初始化UART 
   \   000001A6   0x....             LDR.N    R1,??DataTable7_9
   \   000001A8   0xB084             SUB      SP,SP,#+16
   \   000001AA   0x4668             MOV      R0,SP
   \   000001AC   0x2214             MOVS     R2,#+20
   \   000001AE   0x.... 0x....      BL       __aeabi_memcpy4
   \   000001B2   0xBC0F             POP      {R0-R3}
   \   000001B4   0x.... 0x....      BL       LPLD_UART_Init
    109            LPLD_UART_EnableIrq(uart5_init_struct);//使能UART中断
   \   000001B8   0x....             LDR.N    R1,??DataTable7_9
   \   000001BA   0xB084             SUB      SP,SP,#+16
   \   000001BC   0x4668             MOV      R0,SP
   \   000001BE   0x2214             MOVS     R2,#+20
   \   000001C0   0x.... 0x....      BL       __aeabi_memcpy4
   \   000001C4   0xBC0F             POP      {R0-R3}
   \   000001C6   0x.... 0x....      BL       LPLD_UART_EnableIrq
    110            
    111            
    112          }
   \   000001CA   0xBD01             POP      {R0,PC}          ;; return
    113          

   \                                 In section .text, align 2, keep-with-next
    114          void gpio_init()
    115          {
   \                     gpio_init: (+1)
   \   00000000   0xB580             PUSH     {R7,LR}
    116            /*
    117            wrst     PTA6
    118            rrst     PTA7
    119            oe       PTA8
    120            Y0~~Y7   PTA9-16
    121            RCK      PTA17
    122            VSYNC    PTA24
    123            wr       PTA25
    124            */
    125            //OV数据口初始化：PTD9~PTD16
    126            pta_init.GPIO_PTx = PTA;
   \   00000002   0x....             LDR.N    R0,??DataTable7_10  ;; 0x400ff000
   \   00000004   0x....             LDR.N    R1,??DataTable7_11
   \   00000006   0x6008             STR      R0,[R1, #+0]
    127            pta_init.GPIO_Dir = DIR_INPUT;
   \   00000008   0x2000             MOVS     R0,#+0
   \   0000000A   0x....             LDR.N    R1,??DataTable7_11
   \   0000000C   0x7308             STRB     R0,[R1, #+12]
    128            pta_init.GPIO_Pins = GPIO_Pin9_16;
   \   0000000E   0xF45F 0x30FF      MOVS     R0,#+130560
   \   00000012   0x....             LDR.N    R1,??DataTable7_11
   \   00000014   0x6048             STR      R0,[R1, #+4]
    129            // pta_init.GPIO_PinControl = IRQC_DIS | INPUT_PULL_DIS;
    130            pta_init.GPIO_PinControl = IRQC_DIS | INPUT_PULL_UP;
   \   00000016   0x2003             MOVS     R0,#+3
   \   00000018   0x....             LDR.N    R1,??DataTable7_11
   \   0000001A   0x6088             STR      R0,[R1, #+8]
    131            LPLD_GPIO_Init(pta_init);
   \   0000001C   0x....             LDR.N    R1,??DataTable7_11
   \   0000001E   0xB084             SUB      SP,SP,#+16
   \   00000020   0x4668             MOV      R0,SP
   \   00000022   0x2214             MOVS     R2,#+20
   \   00000024   0x.... 0x....      BL       __aeabi_memcpy4
   \   00000028   0xBC0F             POP      {R0-R3}
   \   0000002A   0x.... 0x....      BL       LPLD_GPIO_Init
    132            
    133            pta_init.GPIO_PTx = PTA;
   \   0000002E   0x....             LDR.N    R0,??DataTable7_10  ;; 0x400ff000
   \   00000030   0x....             LDR.N    R1,??DataTable7_11
   \   00000032   0x6008             STR      R0,[R1, #+0]
    134            pta_init.GPIO_Dir = DIR_INPUT;
   \   00000034   0x2000             MOVS     R0,#+0
   \   00000036   0x....             LDR.N    R1,??DataTable7_11
   \   00000038   0x7308             STRB     R0,[R1, #+12]
    135            pta_init.GPIO_Pins = GPIO_Pin24;
   \   0000003A   0xF05F 0x7080      MOVS     R0,#+16777216
   \   0000003E   0x....             LDR.N    R1,??DataTable7_11
   \   00000040   0x6048             STR      R0,[R1, #+4]
    136            pta_init.GPIO_PinControl = IRQC_RI|INPUT_PULL_DOWN;
   \   00000042   0x....             LDR.N    R0,??DataTable7_12  ;; 0x90002
   \   00000044   0x....             LDR.N    R1,??DataTable7_11
   \   00000046   0x6088             STR      R0,[R1, #+8]
    137            pta_init.GPIO_Isr = SQC_OV7670_Isr;
   \   00000048   0x....             LDR.N    R0,??DataTable7_13
   \   0000004A   0x....             LDR.N    R1,??DataTable7_11
   \   0000004C   0x6108             STR      R0,[R1, #+16]
    138            LPLD_GPIO_Init(pta_init); 
   \   0000004E   0x....             LDR.N    R1,??DataTable7_11
   \   00000050   0xB084             SUB      SP,SP,#+16
   \   00000052   0x4668             MOV      R0,SP
   \   00000054   0x2214             MOVS     R2,#+20
   \   00000056   0x.... 0x....      BL       __aeabi_memcpy4
   \   0000005A   0xBC0F             POP      {R0-R3}
   \   0000005C   0x.... 0x....      BL       LPLD_GPIO_Init
    139            
    140            //ov7670_wr   :PTA19
    141            pta_init.GPIO_PTx = PTA;
   \   00000060   0x....             LDR.N    R0,??DataTable7_10  ;; 0x400ff000
   \   00000062   0x....             LDR.N    R1,??DataTable7_11
   \   00000064   0x6008             STR      R0,[R1, #+0]
    142            pta_init.GPIO_Pins = GPIO_Pin6 |GPIO_Pin7 | GPIO_Pin17  | GPIO_Pin25;
   \   00000066   0x....             LDR.N    R0,??DataTable7_14  ;; 0x20200c0
   \   00000068   0x....             LDR.N    R1,??DataTable7_11
   \   0000006A   0x6048             STR      R0,[R1, #+4]
    143            pta_init.GPIO_Dir = OUTPUT_H;
   \   0000006C   0x2001             MOVS     R0,#+1
   \   0000006E   0x....             LDR.N    R1,??DataTable7_11
   \   00000070   0x7308             STRB     R0,[R1, #+12]
    144            pta_init.GPIO_PinControl = IRQC_DIS;
   \   00000072   0x2000             MOVS     R0,#+0
   \   00000074   0x....             LDR.N    R1,??DataTable7_11
   \   00000076   0x6088             STR      R0,[R1, #+8]
    145            LPLD_GPIO_Init(pta_init);
   \   00000078   0x....             LDR.N    R1,??DataTable7_11
   \   0000007A   0xB084             SUB      SP,SP,#+16
   \   0000007C   0x4668             MOV      R0,SP
   \   0000007E   0x2214             MOVS     R2,#+20
   \   00000080   0x.... 0x....      BL       __aeabi_memcpy4
   \   00000084   0xBC0F             POP      {R0-R3}
   \   00000086   0x.... 0x....      BL       LPLD_GPIO_Init
    146            
    147            pta_init.GPIO_PTx = PTA;
   \   0000008A   0x....             LDR.N    R0,??DataTable7_10  ;; 0x400ff000
   \   0000008C   0x....             LDR.N    R1,??DataTable7_11
   \   0000008E   0x6008             STR      R0,[R1, #+0]
    148            pta_init.GPIO_Pins = GPIO_Pin8;
   \   00000090   0xF44F 0x7080      MOV      R0,#+256
   \   00000094   0x....             LDR.N    R1,??DataTable7_11
   \   00000096   0x6048             STR      R0,[R1, #+4]
    149            pta_init.GPIO_Dir = OUTPUT_L;
   \   00000098   0x2000             MOVS     R0,#+0
   \   0000009A   0x....             LDR.N    R1,??DataTable7_11
   \   0000009C   0x7308             STRB     R0,[R1, #+12]
    150            pta_init.GPIO_PinControl = IRQC_DIS;
   \   0000009E   0x2000             MOVS     R0,#+0
   \   000000A0   0x....             LDR.N    R1,??DataTable7_11
   \   000000A2   0x6088             STR      R0,[R1, #+8]
    151            LPLD_GPIO_Init(pta_init);
   \   000000A4   0x....             LDR.N    R1,??DataTable7_11
   \   000000A6   0xB084             SUB      SP,SP,#+16
   \   000000A8   0x4668             MOV      R0,SP
   \   000000AA   0x2214             MOVS     R2,#+20
   \   000000AC   0x.... 0x....      BL       __aeabi_memcpy4
   \   000000B0   0xBC0F             POP      {R0-R3}
   \   000000B2   0x.... 0x....      BL       LPLD_GPIO_Init
    152            
    153            /*  继电器模块初始化  K1: PTE12    K2:PTE28 */
    154            pte_init.GPIO_PTx = PTE;
   \   000000B6   0x....             LDR.N    R0,??DataTable7_15  ;; 0x400ff100
   \   000000B8   0x....             LDR.N    R1,??DataTable7_16
   \   000000BA   0x6008             STR      R0,[R1, #+0]
    155            pte_init.GPIO_Pins = GPIO_Pin12 |GPIO_Pin28;
   \   000000BC   0xF05F 0x2010      MOVS     R0,#+268439552
   \   000000C0   0x....             LDR.N    R1,??DataTable7_16
   \   000000C2   0x6048             STR      R0,[R1, #+4]
    156            pte_init.GPIO_Dir = OUTPUT_H;
   \   000000C4   0x2001             MOVS     R0,#+1
   \   000000C6   0x....             LDR.N    R1,??DataTable7_16
   \   000000C8   0x7308             STRB     R0,[R1, #+12]
    157            pte_init.GPIO_PinControl = IRQC_DIS;
   \   000000CA   0x2000             MOVS     R0,#+0
   \   000000CC   0x....             LDR.N    R1,??DataTable7_16
   \   000000CE   0x6088             STR      R0,[R1, #+8]
    158            LPLD_GPIO_Init(pte_init);
   \   000000D0   0x....             LDR.N    R1,??DataTable7_16
   \   000000D2   0xB084             SUB      SP,SP,#+16
   \   000000D4   0x4668             MOV      R0,SP
   \   000000D6   0x2214             MOVS     R2,#+20
   \   000000D8   0x.... 0x....      BL       __aeabi_memcpy4
   \   000000DC   0xBC0F             POP      {R0-R3}
   \   000000DE   0x.... 0x....      BL       LPLD_GPIO_Init
    159            
    160              /*  LED模块初始化  LED1: PTE26    LED2:PTE27 */
    161            pte_init.GPIO_PTx = PTE;
   \   000000E2   0x....             LDR.N    R0,??DataTable7_15  ;; 0x400ff100
   \   000000E4   0x....             LDR.N    R1,??DataTable7_16
   \   000000E6   0x6008             STR      R0,[R1, #+0]
    162            pte_init.GPIO_Pins = GPIO_Pin26 |GPIO_Pin27;
   \   000000E8   0xF05F 0x6040      MOVS     R0,#+201326592
   \   000000EC   0x....             LDR.N    R1,??DataTable7_16
   \   000000EE   0x6048             STR      R0,[R1, #+4]
    163            pte_init.GPIO_Dir = OUTPUT_H;
   \   000000F0   0x2001             MOVS     R0,#+1
   \   000000F2   0x....             LDR.N    R1,??DataTable7_16
   \   000000F4   0x7308             STRB     R0,[R1, #+12]
    164            pte_init.GPIO_PinControl = IRQC_DIS;
   \   000000F6   0x2000             MOVS     R0,#+0
   \   000000F8   0x....             LDR.N    R1,??DataTable7_16
   \   000000FA   0x6088             STR      R0,[R1, #+8]
    165            LPLD_GPIO_Init(pte_init);
   \   000000FC   0x....             LDR.N    R1,??DataTable7_16
   \   000000FE   0xB084             SUB      SP,SP,#+16
   \   00000100   0x4668             MOV      R0,SP
   \   00000102   0x2214             MOVS     R2,#+20
   \   00000104   0x.... 0x....      BL       __aeabi_memcpy4
   \   00000108   0xBC0F             POP      {R0-R3}
   \   0000010A   0x.... 0x....      BL       LPLD_GPIO_Init
    166            
    167            
    168            /* GPRS PTC14 */
    169            ptc_init.GPIO_PTx = PTC;
   \   0000010E   0x....             LDR.N    R0,??DataTable7_17  ;; 0x400ff080
   \   00000110   0x....             LDR.N    R1,??DataTable7_18
   \   00000112   0x6008             STR      R0,[R1, #+0]
    170            ptc_init.GPIO_Pins = GPIO_Pin14 | GPIO_Pin19;
   \   00000114   0xF45F 0x2004      MOVS     R0,#+540672
   \   00000118   0x....             LDR.N    R1,??DataTable7_18
   \   0000011A   0x6048             STR      R0,[R1, #+4]
    171            ptc_init.GPIO_Dir = OUTPUT_H;
   \   0000011C   0x2001             MOVS     R0,#+1
   \   0000011E   0x....             LDR.N    R1,??DataTable7_18
   \   00000120   0x7308             STRB     R0,[R1, #+12]
    172            ptc_init.GPIO_PinControl = IRQC_DIS;
   \   00000122   0x2000             MOVS     R0,#+0
   \   00000124   0x....             LDR.N    R1,??DataTable7_18
   \   00000126   0x6088             STR      R0,[R1, #+8]
    173            LPLD_GPIO_Init(ptc_init);
   \   00000128   0x....             LDR.N    R1,??DataTable7_18
   \   0000012A   0xB084             SUB      SP,SP,#+16
   \   0000012C   0x4668             MOV      R0,SP
   \   0000012E   0x2214             MOVS     R2,#+20
   \   00000130   0x.... 0x....      BL       __aeabi_memcpy4
   \   00000134   0xBC0F             POP      {R0-R3}
   \   00000136   0x.... 0x....      BL       LPLD_GPIO_Init
    174          }
   \   0000013A   0xBD01             POP      {R0,PC}          ;; return
    175          
    176          /*    uart0  USB->UART中断服务函数    */

   \                                 In section .text, align 4, keep-with-next
    177          void uart0_isr(void)
    178          {
   \                     uart0_isr: (+1)
   \   00000000   0xB510             PUSH     {R4,LR}
    179            int8 recv;
    180            recv = LPLD_UART_GetChar(UART0);
   \   00000002   0x....             LDR.N    R0,??DataTable7  ;; 0x4006a000
   \   00000004   0x.... 0x....      BL       LPLD_UART_GetChar
   \   00000008   0x0004             MOVS     R4,R0
    181            LPLD_UART_PutChar(UART0,recv);
   \   0000000A   0x0021             MOVS     R1,R4
   \   0000000C   0xB249             SXTB     R1,R1            ;; SignExt  R1,R1,#+24,#+24
   \   0000000E   0x....             LDR.N    R0,??DataTable7  ;; 0x4006a000
   \   00000010   0x.... 0x....      BL       LPLD_UART_PutChar
    182            LPLD_UART_PutChar(UART3,recv);
   \   00000014   0x0021             MOVS     R1,R4
   \   00000016   0xB249             SXTB     R1,R1            ;; SignExt  R1,R1,#+24,#+24
   \   00000018   0x....             LDR.N    R0,??DataTable7_4  ;; 0x4006d000
   \   0000001A   0x.... 0x....      BL       LPLD_UART_PutChar
    183          }
   \   0000001E   0xBD10             POP      {R4,PC}          ;; return
    184          
    185          /*    uart1 WIFI中断服务函数    */

   \                                 In section .text, align 4, keep-with-next
    186          void uart1_isr(void)
    187          {
   \                     uart1_isr: (+1)
   \   00000000   0xB580             PUSH     {R7,LR}
    188            int8 recv;
    189            recv = LPLD_UART_GetChar(UART1);
   \   00000002   0x....             LDR.N    R0,??DataTable7_2  ;; 0x4006b000
   \   00000004   0x.... 0x....      BL       LPLD_UART_GetChar
    190            LPLD_UART_PutChar(UART0, recv);
   \   00000008   0x0001             MOVS     R1,R0
   \   0000000A   0xB249             SXTB     R1,R1            ;; SignExt  R1,R1,#+24,#+24
   \   0000000C   0x....             LDR.N    R0,??DataTable7  ;; 0x4006a000
   \   0000000E   0x.... 0x....      BL       LPLD_UART_PutChar
    191            
    192          }
   \   00000012   0xBD01             POP      {R0,PC}          ;; return
    193          
    194          /*    uart2 中断服务函数    */

   \                                 In section .text, align 2, keep-with-next
    195          void uart2_isr(void)
    196          {
   \                     uart2_isr: (+1)
   \   00000000   0xB580             PUSH     {R7,LR}
    197            int8 recv;
    198            recv = LPLD_UART_GetChar(UART2);
   \   00000002   0x....             LDR.N    R0,??DataTable7_19  ;; 0x4006c000
   \   00000004   0x.... 0x....      BL       LPLD_UART_GetChar
    199            LPLD_UART_PutChar(UART0, recv);
   \   00000008   0x0001             MOVS     R1,R0
   \   0000000A   0xB249             SXTB     R1,R1            ;; SignExt  R1,R1,#+24,#+24
   \   0000000C   0x....             LDR.N    R0,??DataTable7  ;; 0x4006a000
   \   0000000E   0x.... 0x....      BL       LPLD_UART_PutChar
    200          }
   \   00000012   0xBD01             POP      {R0,PC}          ;; return
    201          
    202          /*    uart3  北斗/GPS中断服务函数    */

   \                                 In section .text, align 4, keep-with-next
    203          void uart3_isr(void)
    204          {
   \                     uart3_isr: (+1)
   \   00000000   0xB510             PUSH     {R4,LR}
    205            
    206            uint8 recv;
    207            struct UM220_BUF *buf;
    208            buf=Getpointer_buf();
   \   00000002   0x.... 0x....      BL       Getpointer_buf
   \   00000006   0x0004             MOVS     R4,R0
    209            recv = LPLD_UART_GetChar(UART3);
   \   00000008   0x....             LDR.N    R0,??DataTable7_4  ;; 0x4006d000
   \   0000000A   0x.... 0x....      BL       LPLD_UART_GetChar
    210            
    211          
    212          if(buf->gps_HeadFlag==1)
   \   0000000E   0xF894 0x1402      LDRB     R1,[R4, #+1026]
   \   00000012   0x2901             CMP      R1,#+1
   \   00000014   0xD118             BNE.N    ??uart3_isr_0
    213            {
    214             buf->gps_Rxbuf[buf->gps_buf_len]=recv;
   \   00000016   0xF8B4 0x1400      LDRH     R1,[R4, #+1024]
   \   0000001A   0x5508             STRB     R0,[R1, R4]
    215             //LPLD_UART_PutChar(UART0,buf->gps_Rxbuf[buf->gps_buf_len]);
    216              buf->gps_buf_len++;
   \   0000001C   0xF8B4 0x1400      LDRH     R1,[R4, #+1024]
   \   00000020   0x1C49             ADDS     R1,R1,#+1
   \   00000022   0xF8A4 0x1400      STRH     R1,[R4, #+1024]
    217              if(buf->gps_Rxbuf[buf->gps_buf_len-1]=='\n'
    218                 &&buf->gps_Rxbuf[buf->gps_buf_len-2]=='\r')
   \   00000026   0xF8B4 0x1400      LDRH     R1,[R4, #+1024]
   \   0000002A   0x1909             ADDS     R1,R1,R4
   \   0000002C   0xF911 0x1C01      LDRSB    R1,[R1, #-1]
   \   00000030   0x290A             CMP      R1,#+10
   \   00000032   0xD109             BNE.N    ??uart3_isr_0
   \   00000034   0xF8B4 0x1400      LDRH     R1,[R4, #+1024]
   \   00000038   0x1909             ADDS     R1,R1,R4
   \   0000003A   0xF911 0x1C02      LDRSB    R1,[R1, #-2]
   \   0000003E   0x290D             CMP      R1,#+13
   \   00000040   0xD102             BNE.N    ??uart3_isr_0
    219              {
    220                
    221                buf->gps_HeadFlag=0;
   \   00000042   0x2100             MOVS     R1,#+0
   \   00000044   0xF884 0x1402      STRB     R1,[R4, #+1026]
    222                
    223                
    224              }
    225            }
    226          if(recv=='$')
   \                     ??uart3_isr_0: (+1)
   \   00000048   0xB2C0             UXTB     R0,R0            ;; ZeroExt  R0,R0,#+24,#+24
   \   0000004A   0x2824             CMP      R0,#+36
   \   0000004C   0xD10D             BNE.N    ??uart3_isr_1
    227            {
    228              buf->gps_HeadFlag=1;
   \   0000004E   0x2101             MOVS     R1,#+1
   \   00000050   0xF884 0x1402      STRB     R1,[R4, #+1026]
    229              buf->gps_buf_len=0;  
   \   00000054   0x2100             MOVS     R1,#+0
   \   00000056   0xF8A4 0x1400      STRH     R1,[R4, #+1024]
    230              buf->gps_Rxbuf[buf->gps_buf_len]=recv;
   \   0000005A   0xF8B4 0x1400      LDRH     R1,[R4, #+1024]
   \   0000005E   0x5508             STRB     R0,[R1, R4]
    231              //LPLD_UART_PutChar(UART0,buf->gps_Rxbuf[buf->gps_buf_len]);
    232              buf->gps_buf_len++;
   \   00000060   0xF8B4 0x0400      LDRH     R0,[R4, #+1024]
   \   00000064   0x1C40             ADDS     R0,R0,#+1
   \   00000066   0xF8A4 0x0400      STRH     R0,[R4, #+1024]
    233             }
    234          
    235          }
   \                     ??uart3_isr_1: (+1)
   \   0000006A   0xBD10             POP      {R4,PC}          ;; return
    236          
    237          /*    uart4 Zigbee中断服务函数    */

   \                                 In section .text, align 4, keep-with-next
    238          void uart4_isr(void)
    239          {
   \                     uart4_isr: (+1)
   \   00000000   0xB580             PUSH     {R7,LR}
    240            int8 recv;
    241            recv = LPLD_UART_GetChar(UART4);
   \   00000002   0x....             LDR.N    R0,??DataTable7_6  ;; 0x400ea000
   \   00000004   0x.... 0x....      BL       LPLD_UART_GetChar
    242            LPLD_UART_PutChar(UART0, recv);
   \   00000008   0x0001             MOVS     R1,R0
   \   0000000A   0xB249             SXTB     R1,R1            ;; SignExt  R1,R1,#+24,#+24
   \   0000000C   0x....             LDR.N    R0,??DataTable7  ;; 0x4006a000
   \   0000000E   0x.... 0x....      BL       LPLD_UART_PutChar
    243          }
   \   00000012   0xBD01             POP      {R0,PC}          ;; return
    244          
    245          /*    uart5  GPRS中断服务函数    */

   \                                 In section .text, align 4, keep-with-next
    246          void uart5_isr(void)
    247          {
   \                     uart5_isr: (+1)
   \   00000000   0xB510             PUSH     {R4,LR}
    248            int8 recv;
    249            struct _ME3000_PIB * pib;
    250            pib = SQC_ME3000_GetPib();
   \   00000002   0x.... 0x....      BL       SQC_ME3000_GetPib
   \   00000006   0x0004             MOVS     R4,R0
    251            recv = LPLD_UART_GetChar(UART5);
   \   00000008   0x....             LDR.N    R0,??DataTable7_8  ;; 0x400eb000
   \   0000000A   0x.... 0x....      BL       LPLD_UART_GetChar
    252            if(recv == '+')
   \   0000000E   0xB240             SXTB     R0,R0            ;; SignExt  R0,R0,#+24,#+24
   \   00000010   0x282B             CMP      R0,#+43
   \   00000012   0xD10E             BNE.N    ??uart5_isr_0
    253            {
    254              pib->Rxflag = 1;
   \   00000014   0x2101             MOVS     R1,#+1
   \   00000016   0xF884 0x1402      STRB     R1,[R4, #+1026]
    255              pib->Rxlen = 0;
   \   0000001A   0x2100             MOVS     R1,#+0
   \   0000001C   0xF8A4 0x1400      STRH     R1,[R4, #+1024]
    256              pib->Rxbuf[pib->Rxlen] = recv;
   \   00000020   0xF8B4 0x1400      LDRH     R1,[R4, #+1024]
   \   00000024   0x5508             STRB     R0,[R1, R4]
    257              pib->Rxlen ++;
   \   00000026   0xF8B4 0x0400      LDRH     R0,[R4, #+1024]
   \   0000002A   0x1C40             ADDS     R0,R0,#+1
   \   0000002C   0xF8A4 0x0400      STRH     R0,[R4, #+1024]
    258              return;
   \   00000030   0xE04B             B.N      ??uart5_isr_1
    259            }
    260            if(recv == '>' && pib->Rxflag == 0)
   \                     ??uart5_isr_0: (+1)
   \   00000032   0xB240             SXTB     R0,R0            ;; SignExt  R0,R0,#+24,#+24
   \   00000034   0x283E             CMP      R0,#+62
   \   00000036   0xD10A             BNE.N    ??uart5_isr_2
   \   00000038   0xF894 0x1402      LDRB     R1,[R4, #+1026]
   \   0000003C   0x2900             CMP      R1,#+0
   \   0000003E   0xD106             BNE.N    ??uart5_isr_2
    261            {
    262              pib->Rxflag = 3;
   \   00000040   0x2003             MOVS     R0,#+3
   \   00000042   0xF884 0x0402      STRB     R0,[R4, #+1026]
    263              pib->Rxlen = 0;
   \   00000046   0x2000             MOVS     R0,#+0
   \   00000048   0xF8A4 0x0400      STRH     R0,[R4, #+1024]
    264              return;
   \   0000004C   0xE03D             B.N      ??uart5_isr_1
    265            }
    266            if(pib->Rxflag == 1)
   \                     ??uart5_isr_2: (+1)
   \   0000004E   0xF894 0x1402      LDRB     R1,[R4, #+1026]
   \   00000052   0x2901             CMP      R1,#+1
   \   00000054   0xD139             BNE.N    ??uart5_isr_3
    267            {
    268              pib->Rxbuf[pib->Rxlen] = recv;
   \   00000056   0xF8B4 0x1400      LDRH     R1,[R4, #+1024]
   \   0000005A   0x5508             STRB     R0,[R1, R4]
    269              pib->Rxlen ++;
   \   0000005C   0xF8B4 0x0400      LDRH     R0,[R4, #+1024]
   \   00000060   0x1C40             ADDS     R0,R0,#+1
   \   00000062   0xF8A4 0x0400      STRH     R0,[R4, #+1024]
    270              if(    pib->Rxbuf[pib->Rxlen-1] == 0x0A
    271                  && pib->Rxbuf[pib->Rxlen-2] == 0x0D)
   \   00000066   0xF8B4 0x0400      LDRH     R0,[R4, #+1024]
   \   0000006A   0x1900             ADDS     R0,R0,R4
   \   0000006C   0xF810 0x0C01      LDRB     R0,[R0, #-1]
   \   00000070   0x280A             CMP      R0,#+10
   \   00000072   0xD129             BNE.N    ??uart5_isr_4
   \   00000074   0xF8B4 0x0400      LDRH     R0,[R4, #+1024]
   \   00000078   0x1900             ADDS     R0,R0,R4
   \   0000007A   0xF810 0x0C02      LDRB     R0,[R0, #-2]
   \   0000007E   0x280D             CMP      R0,#+13
   \   00000080   0xD122             BNE.N    ??uart5_isr_4
    272                  //&& pib->Rxbuf[pib->Rxlen-3] == 0x4B
    273                  //&& pib->Rxbuf[pib->Rxlen-4] == 0x4F)
    274              {
    275                pib->Rxbuf[pib->Rxlen] = 0;
   \   00000082   0x2000             MOVS     R0,#+0
   \   00000084   0xF8B4 0x1400      LDRH     R1,[R4, #+1024]
   \   00000088   0x5508             STRB     R0,[R1, R4]
    276                if(strchr(pib->Rxbuf,':') == 0)
   \   0000008A   0x213A             MOVS     R1,#+58
   \   0000008C   0x0020             MOVS     R0,R4
   \   0000008E   0x.... 0x....      BL       strchr
   \   00000092   0x2800             CMP      R0,#+0
   \   00000094   0xD106             BNE.N    ??uart5_isr_5
    277                {
    278                  pib->Rxflag =0;
   \   00000096   0x2000             MOVS     R0,#+0
   \   00000098   0xF884 0x0402      STRB     R0,[R4, #+1026]
    279                  pib->Rxlen = 0;
   \   0000009C   0x2000             MOVS     R0,#+0
   \   0000009E   0xF8A4 0x0400      STRH     R0,[R4, #+1024]
    280                  return;
   \   000000A2   0xE012             B.N      ??uart5_isr_1
    281                }
    282                else
    283                {
    284                  if(!SQC_ME3000_Recive(pib->Rxbuf,pib->Rxlen))
   \                     ??uart5_isr_5: (+1)
   \   000000A4   0xF8B4 0x1400      LDRH     R1,[R4, #+1024]
   \   000000A8   0x0020             MOVS     R0,R4
   \   000000AA   0x.... 0x....      BL       SQC_ME3000_Recive
   \   000000AE   0x2800             CMP      R0,#+0
   \   000000B0   0xD103             BNE.N    ??uart5_isr_6
    285                  {
    286                    pib->Rxflag =2;
   \   000000B2   0x2002             MOVS     R0,#+2
   \   000000B4   0xF884 0x0402      STRB     R0,[R4, #+1026]
    287                    return;
   \   000000B8   0xE007             B.N      ??uart5_isr_1
    288                  }
    289                  else
    290                  {
    291                    pib->Rxflag =0;
   \                     ??uart5_isr_6: (+1)
   \   000000BA   0x2000             MOVS     R0,#+0
   \   000000BC   0xF884 0x0402      STRB     R0,[R4, #+1026]
    292                    pib->Rxlen = 0;
   \   000000C0   0x2000             MOVS     R0,#+0
   \   000000C2   0xF8A4 0x0400      STRH     R0,[R4, #+1024]
    293                    return;
   \   000000C6   0xE000             B.N      ??uart5_isr_1
    294                  }      
    295                }
    296              }          
    297              return;
   \                     ??uart5_isr_4: (+1)
   \   000000C8   0xE7FF             B.N      ??uart5_isr_1
    298            }
    299            
    300              
    301            
    302          }
   \                     ??uart5_isr_3: (+1)
   \                     ??uart5_isr_1: (+1)
   \   000000CA   0xBD10             POP      {R4,PC}          ;; return

   \                                 In section .text, align 4, keep-with-next
   \                     ??DataTable7:
   \   00000000   0x4006A000         DC32     0x4006a000

   \                                 In section .text, align 4, keep-with-next
   \                     ??DataTable7_1:
   \   00000000   0x........         DC32     uart0_init_struct

   \                                 In section .text, align 4, keep-with-next
   \                     ??DataTable7_2:
   \   00000000   0x4006B000         DC32     0x4006b000

   \                                 In section .text, align 4, keep-with-next
   \                     ??DataTable7_3:
   \   00000000   0x........         DC32     uart1_init_struct

   \                                 In section .text, align 4, keep-with-next
   \                     ??DataTable7_4:
   \   00000000   0x4006D000         DC32     0x4006d000

   \                                 In section .text, align 4, keep-with-next
   \                     ??DataTable7_5:
   \   00000000   0x........         DC32     uart3_init_struct

   \                                 In section .text, align 4, keep-with-next
   \                     ??DataTable7_6:
   \   00000000   0x400EA000         DC32     0x400ea000

   \                                 In section .text, align 4, keep-with-next
   \                     ??DataTable7_7:
   \   00000000   0x........         DC32     uart4_init_struct

   \                                 In section .text, align 4, keep-with-next
   \                     ??DataTable7_8:
   \   00000000   0x400EB000         DC32     0x400eb000

   \                                 In section .text, align 4, keep-with-next
   \                     ??DataTable7_9:
   \   00000000   0x........         DC32     uart5_init_struct

   \                                 In section .text, align 4, keep-with-next
   \                     ??DataTable7_10:
   \   00000000   0x400FF000         DC32     0x400ff000

   \                                 In section .text, align 4, keep-with-next
   \                     ??DataTable7_11:
   \   00000000   0x........         DC32     pta_init

   \                                 In section .text, align 4, keep-with-next
   \                     ??DataTable7_12:
   \   00000000   0x00090002         DC32     0x90002

   \                                 In section .text, align 4, keep-with-next
   \                     ??DataTable7_13:
   \   00000000   0x........         DC32     SQC_OV7670_Isr

   \                                 In section .text, align 4, keep-with-next
   \                     ??DataTable7_14:
   \   00000000   0x020200C0         DC32     0x20200c0

   \                                 In section .text, align 4, keep-with-next
   \                     ??DataTable7_15:
   \   00000000   0x400FF100         DC32     0x400ff100

   \                                 In section .text, align 4, keep-with-next
   \                     ??DataTable7_16:
   \   00000000   0x........         DC32     pte_init

   \                                 In section .text, align 4, keep-with-next
   \                     ??DataTable7_17:
   \   00000000   0x400FF080         DC32     0x400ff080

   \                                 In section .text, align 4, keep-with-next
   \                     ??DataTable7_18:
   \   00000000   0x........         DC32     ptc_init

   \                                 In section .text, align 4, keep-with-next
   \                     ??DataTable7_19:
   \   00000000   0x4006C000         DC32     0x4006c000
    303          
    304          

   Maximum stack usage in bytes:

   .cstack Function
   ------- --------
      24   gpio_init
         8   -> LPLD_GPIO_Init
        24   -> __aeabi_memcpy4
       8   uart0_isr
         8   -> LPLD_UART_GetChar
         8   -> LPLD_UART_PutChar
       8   uart1_isr
         8   -> LPLD_UART_GetChar
         8   -> LPLD_UART_PutChar
       8   uart2_isr
         8   -> LPLD_UART_GetChar
         8   -> LPLD_UART_PutChar
       8   uart3_isr
         8   -> Getpointer_buf
         8   -> LPLD_UART_GetChar
       8   uart4_isr
         8   -> LPLD_UART_GetChar
         8   -> LPLD_UART_PutChar
       8   uart5_isr
         8   -> LPLD_UART_GetChar
         8   -> SQC_ME3000_GetPib
         8   -> SQC_ME3000_Recive
         8   -> strchr
      24   uart_init
         8   -> LPLD_UART_EnableIrq
         8   -> LPLD_UART_Init
        24   -> __aeabi_memcpy4


   Section sizes:

   Bytes  Function/Label
   -----  --------------
       4  ??DataTable7
       4  ??DataTable7_1
       4  ??DataTable7_10
       4  ??DataTable7_11
       4  ??DataTable7_12
       4  ??DataTable7_13
       4  ??DataTable7_14
       4  ??DataTable7_15
       4  ??DataTable7_16
       4  ??DataTable7_17
       4  ??DataTable7_18
       4  ??DataTable7_19
       4  ??DataTable7_2
       4  ??DataTable7_3
       4  ??DataTable7_4
       4  ??DataTable7_5
       4  ??DataTable7_6
       4  ??DataTable7_7
       4  ??DataTable7_8
       4  ??DataTable7_9
     316  gpio_init
      20  pta_init
      20  ptb_init
      20  ptc_init
      20  ptd_init
      20  pte_init
      20  uart0_init_struct
      32  uart0_isr
      20  uart1_init_struct
      20  uart1_isr
      20  uart2_init_struct
      20  uart2_isr
      20  uart3_init_struct
     108  uart3_isr
      20  uart4_init_struct
      20  uart4_isr
      20  uart5_init_struct
     204  uart5_isr
     460  uart_init

 
   220 bytes in section .bss
 1 260 bytes in section .text
 
 1 260 bytes of CODE memory
   220 bytes of DATA memory

Errors: none
Warnings: 1
