###############################################################################
#
# IAR ANSI C/C++ Compiler V7.10.1.6676/W32 for ARM        25/Apr/2015  16:14:30
# Copyright 1999-2014 IAR Systems AB.
#
#    Cpu mode     =  thumb
#    Endian       =  little
#    Source file  =  G:\test\LPLD_OSKinetis_V3_now02\lib\SQC\SQC_UM220.c
#    Command line =  
#        G:\test\LPLD_OSKinetis_V3_now02\lib\SQC\SQC_UM220.c -D LPLD_K60 -lCN
#        G:\test\LPLD_OSKinetis_V3_now02\project\LPLD_OV7670\iar\FLASH\List\
#        -lB
#        G:\test\LPLD_OSKinetis_V3_now02\project\LPLD_OV7670\iar\FLASH\List\ -o
#        G:\test\LPLD_OSKinetis_V3_now02\project\LPLD_OV7670\iar\FLASH\Obj\
#        --no_cse --no_unroll --no_inline --no_code_motion --no_tbaa
#        --no_clustering --no_scheduling --debug --endian=little
#        --cpu=Cortex-M4 -e --fpu=None --dlib_config
#        E:\iar\arm\INC\c\DLib_Config_Normal.h -I
#        G:\test\LPLD_OSKinetis_V3_now02\project\LPLD_OV7670\iar\..\app\ -I
#        G:\test\LPLD_OSKinetis_V3_now02\project\LPLD_OV7670\iar\..\..\..\lib\CPU\
#        -I
#        G:\test\LPLD_OSKinetis_V3_now02\project\LPLD_OV7670\iar\..\..\..\lib\common\
#        -I
#        G:\test\LPLD_OSKinetis_V3_now02\project\LPLD_OV7670\iar\..\..\..\lib\LPLD\
#        -I
#        G:\test\LPLD_OSKinetis_V3_now02\project\LPLD_OV7670\iar\..\..\..\lib\LPLD\HW\
#        -I
#        G:\test\LPLD_OSKinetis_V3_now02\project\LPLD_OV7670\iar\..\..\..\lib\LPLD\DEV\
#        -I
#        G:\test\LPLD_OSKinetis_V3_now02\project\LPLD_OV7670\iar\..\..\..\lib\uCOS-II\Ports\
#        -I
#        G:\test\LPLD_OSKinetis_V3_now02\project\LPLD_OV7670\iar\..\..\..\lib\uCOS-II\Source\
#        -I
#        G:\test\LPLD_OSKinetis_V3_now02\project\LPLD_OV7670\iar\..\..\..\lib\FatFs\
#        -I
#        G:\test\LPLD_OSKinetis_V3_now02\project\LPLD_OV7670\iar\..\..\..\lib\FatFs\option\
#        -I
#        G:\test\LPLD_OSKinetis_V3_now02\project\LPLD_OV7670\iar\..\..\..\lib\USB\common\
#        -I
#        G:\test\LPLD_OSKinetis_V3_now02\project\LPLD_OV7670\iar\..\..\..\lib\USB\driver\
#        -I
#        G:\test\LPLD_OSKinetis_V3_now02\project\LPLD_OV7670\iar\..\..\..\lib\USB\descriptor\
#        -I
#        G:\test\LPLD_OSKinetis_V3_now02\project\LPLD_OV7670\iar\..\..\..\lib\USB\class\
#        -I
#        G:\test\LPLD_OSKinetis_V3_now02\project\LPLD_OV7670\iar\..\..\..\lib\Security\
#        -I
#        G:\test\LPLD_OSKinetis_V3_now02\project\LPLD_OV7670\iar\..\..\..\lib\SQC\
#        -Ol -I E:\iar\arm\CMSIS\Include\ -D ARM_MATH_CM4
#    List file    =  
#        G:\test\LPLD_OSKinetis_V3_now02\project\LPLD_OV7670\iar\FLASH\List\SQC_UM220.lst
#    Object file  =  
#        G:\test\LPLD_OSKinetis_V3_now02\project\LPLD_OV7670\iar\FLASH\Obj\SQC_UM220.o
#
###############################################################################

G:\test\LPLD_OSKinetis_V3_now02\lib\SQC\SQC_UM220.c
      1          /**
      2           * @file SQC_UM220.h
      3           * @version 1.0[By Tivon]
      4           * @date 2015-04-16
      5           * @brief UM220 GPS 模块相关函数
      6           *
      7           * 更改建议:不建议修改
      8           *
      9           * 版权所有:宿迁学院物联网实验室
     10           * http://www.sqc.edu.cn
     11           *
     12           * @par
     13           * 本代码由宿迁学院[SQC]开发并维护，并向所有使用者开放源代码。
     14           * 开发者可以随意修使用或改源代码。但本段及以上注释应予以保留。
     15           * 不得更改或删除原版权所有者姓名，二次开发者可以加注二次版权所有者。
     16           * 但应在遵守此协议的基础上，开放源代码、不得出售代码本身。
     17           * 宿迁学院不负责由于使用本代码所带来的任何事故、法律责任或相关不良影响。
     18           * 宿迁学院无义务解释、说明本代码的具体原理、功能、实现方法。
     19           * 除非宿迁学院[SQC]授权，开发者不得将本代码用于商业产品。
     20           */
     21          
     22          #include "common.h"
     23          #include "SQC_UM220.h"
     24          #include "HW_UART.h"
     25          #include "DEV_LCD.h"

   \                                 In section .bss, align 4
     26          struct UM220_POS gps_pos;
   \                     gps_pos:
   \   00000000                      DS8 92

   \                                 In section .bss, align 4
     27          struct UM220_VTG gps_vtg;
   \                     gps_vtg:
   \   00000000                      DS8 32

   \                                 In section .bss, align 4
     28          struct UM220_BUF gps_buf;
   \                     gps_buf:
   \   00000000                      DS8 1028

   \                                 In section .bss, align 4
     29          struct UM220_ZDA gps_zda;
   \                     gps_zda:
   \   00000000                      DS8 32
     30          
     31          
     32          //初始化gps模块得到位置信息

   \                                 In section .text, align 2, keep-with-next
     33          uint8 SQC_UM220_Init()
     34          {
   \                     SQC_UM220_Init: (+1)
   \   00000000   0xB500             PUSH     {LR}
   \   00000002   0xB08D             SUB      SP,SP,#+52
     35            
     36            uint8 recv[50];
     37            sprintf(recv,"$CFGMSG,0,0,0\r\n");
   \   00000004   0x.... 0x....      LDR.W    R1,??DataTable8_3
   \   00000008   0xA800             ADD      R0,SP,#+0
   \   0000000A   0x.... 0x....      BL       sprintf
     38            LPLD_UART_PutCharArr(UART3, recv,strlen(recv));//gps的串口
   \   0000000E   0xA800             ADD      R0,SP,#+0
   \   00000010   0x.... 0x....      BL       strlen
   \   00000014   0x0002             MOVS     R2,R0
   \   00000016   0xA900             ADD      R1,SP,#+0
   \   00000018   0x.... 0x....      LDR.W    R0,??DataTable8_4  ;; 0x4006d000
   \   0000001C   0x.... 0x....      BL       LPLD_UART_PutCharArr
     39            sprintf(recv,"$CFGMSG,0,1,0\r\n");
   \   00000020   0x.... 0x....      LDR.W    R1,??DataTable8_5
   \   00000024   0xA800             ADD      R0,SP,#+0
   \   00000026   0x.... 0x....      BL       sprintf
     40            LPLD_UART_PutCharArr(UART3, recv,strlen(recv));
   \   0000002A   0xA800             ADD      R0,SP,#+0
   \   0000002C   0x.... 0x....      BL       strlen
   \   00000030   0x0002             MOVS     R2,R0
   \   00000032   0xA900             ADD      R1,SP,#+0
   \   00000034   0x.... 0x....      LDR.W    R0,??DataTable8_4  ;; 0x4006d000
   \   00000038   0x.... 0x....      BL       LPLD_UART_PutCharArr
     41            sprintf(recv,"$CFGMSG,0,2,0\r\n");
   \   0000003C   0x.... 0x....      LDR.W    R1,??DataTable8_6
   \   00000040   0xA800             ADD      R0,SP,#+0
   \   00000042   0x.... 0x....      BL       sprintf
     42            LPLD_UART_PutCharArr(UART3, recv,strlen(recv));
   \   00000046   0xA800             ADD      R0,SP,#+0
   \   00000048   0x.... 0x....      BL       strlen
   \   0000004C   0x0002             MOVS     R2,R0
   \   0000004E   0xA900             ADD      R1,SP,#+0
   \   00000050   0x.... 0x....      LDR.W    R0,??DataTable8_4  ;; 0x4006d000
   \   00000054   0x.... 0x....      BL       LPLD_UART_PutCharArr
     43            sprintf(recv,"$CFGMSG,0,3,0\r\n");
   \   00000058   0x.... 0x....      LDR.W    R1,??DataTable8_7
   \   0000005C   0xA800             ADD      R0,SP,#+0
   \   0000005E   0x.... 0x....      BL       sprintf
     44            LPLD_UART_PutCharArr(UART3, recv,strlen(recv));
   \   00000062   0xA800             ADD      R0,SP,#+0
   \   00000064   0x.... 0x....      BL       strlen
   \   00000068   0x0002             MOVS     R2,R0
   \   0000006A   0xA900             ADD      R1,SP,#+0
   \   0000006C   0x.... 0x....      LDR.W    R0,??DataTable8_4  ;; 0x4006d000
   \   00000070   0x.... 0x....      BL       LPLD_UART_PutCharArr
     45            sprintf(recv,"$CFGMSG,0,4,0\r\n");
   \   00000074   0x.... 0x....      LDR.W    R1,??DataTable8_8
   \   00000078   0xA800             ADD      R0,SP,#+0
   \   0000007A   0x.... 0x....      BL       sprintf
     46            LPLD_UART_PutCharArr(UART3, recv,strlen(recv));
   \   0000007E   0xA800             ADD      R0,SP,#+0
   \   00000080   0x.... 0x....      BL       strlen
   \   00000084   0x0002             MOVS     R2,R0
   \   00000086   0xA900             ADD      R1,SP,#+0
   \   00000088   0x.... 0x....      LDR.W    R0,??DataTable8_4  ;; 0x4006d000
   \   0000008C   0x.... 0x....      BL       LPLD_UART_PutCharArr
     47            sprintf(recv,"$CFGMSG,0,5,8\r\n");
   \   00000090   0x.... 0x....      LDR.W    R1,??DataTable8_9
   \   00000094   0xA800             ADD      R0,SP,#+0
   \   00000096   0x.... 0x....      BL       sprintf
     48            LPLD_UART_PutCharArr(UART3, recv,strlen(recv));
   \   0000009A   0xA800             ADD      R0,SP,#+0
   \   0000009C   0x.... 0x....      BL       strlen
   \   000000A0   0x0002             MOVS     R2,R0
   \   000000A2   0xA900             ADD      R1,SP,#+0
   \   000000A4   0x.... 0x....      LDR.W    R0,??DataTable8_4  ;; 0x4006d000
   \   000000A8   0x.... 0x....      BL       LPLD_UART_PutCharArr
     49            return 0 ;
   \   000000AC   0x2000             MOVS     R0,#+0
   \   000000AE   0xB00D             ADD      SP,SP,#+52
   \   000000B0   0xBD00             POP      {PC}             ;; return
     50          }
     51          
     52          
     53          //软件复位

   \                                 In section .text, align 2, keep-with-next
     54          uint8 SQC_UM220_Reset()
     55          {
   \                     SQC_UM220_Reset: (+1)
   \   00000000   0xB500             PUSH     {LR}
   \   00000002   0xB08D             SUB      SP,SP,#+52
     56            uint8 recv[50];
     57            sprintf(recv,"$RESET,0,0xFF0\r\n");
   \   00000004   0x.... 0x....      LDR.W    R1,??DataTable8_10
   \   00000008   0xA800             ADD      R0,SP,#+0
   \   0000000A   0x.... 0x....      BL       sprintf
     58            LPLD_UART_PutCharArr(UART3, recv,strlen(recv));
   \   0000000E   0xA800             ADD      R0,SP,#+0
   \   00000010   0x.... 0x....      BL       strlen
   \   00000014   0x0002             MOVS     R2,R0
   \   00000016   0xA900             ADD      R1,SP,#+0
   \   00000018   0x.... 0x....      LDR.W    R0,??DataTable8_4  ;; 0x4006d000
   \   0000001C   0x.... 0x....      BL       LPLD_UART_PutCharArr
     59            return 0;
   \   00000020   0x2000             MOVS     R0,#+0
   \   00000022   0xB00D             ADD      SP,SP,#+52
   \   00000024   0xBD00             POP      {PC}             ;; return
     60          }
     61          //信息头解析

   \                                 In section .text, align 2, keep-with-next
     62           uint8 SQC_UM220_Recog()
     63          {
     64           
     65            if(gps_buf.gps_Rxbuf[0]=='$'&&gps_buf.gps_Rxbuf[1]=='N'&&gps_buf.gps_Rxbuf[2]=='A'
     66               &&gps_buf.gps_Rxbuf[3]=='V'&&gps_buf.gps_Rxbuf[4]=='P'&&gps_buf.gps_Rxbuf[5]=='O'
     67                 &&gps_buf.gps_Rxbuf[6]=='S')
   \                     SQC_UM220_Recog: (+1)
   \   00000000   0x.... 0x....      LDR.W    R0,??DataTable8_11
   \   00000004   0xF990 0x0000      LDRSB    R0,[R0, #+0]
   \   00000008   0x2824             CMP      R0,#+36
   \   0000000A   0xD125             BNE.N    ??SQC_UM220_Recog_0
   \   0000000C   0x.... 0x....      LDR.W    R0,??DataTable8_11
   \   00000010   0xF990 0x0001      LDRSB    R0,[R0, #+1]
   \   00000014   0x284E             CMP      R0,#+78
   \   00000016   0xD11F             BNE.N    ??SQC_UM220_Recog_0
   \   00000018   0x.... 0x....      LDR.W    R0,??DataTable8_11
   \   0000001C   0xF990 0x0002      LDRSB    R0,[R0, #+2]
   \   00000020   0x2841             CMP      R0,#+65
   \   00000022   0xD119             BNE.N    ??SQC_UM220_Recog_0
   \   00000024   0x.... 0x....      LDR.W    R0,??DataTable8_11
   \   00000028   0xF990 0x0003      LDRSB    R0,[R0, #+3]
   \   0000002C   0x2856             CMP      R0,#+86
   \   0000002E   0xD113             BNE.N    ??SQC_UM220_Recog_0
   \   00000030   0x.... 0x....      LDR.W    R0,??DataTable8_11
   \   00000034   0xF990 0x0004      LDRSB    R0,[R0, #+4]
   \   00000038   0x2850             CMP      R0,#+80
   \   0000003A   0xD10D             BNE.N    ??SQC_UM220_Recog_0
   \   0000003C   0x.... 0x....      LDR.W    R0,??DataTable8_11
   \   00000040   0xF990 0x0005      LDRSB    R0,[R0, #+5]
   \   00000044   0x284F             CMP      R0,#+79
   \   00000046   0xD107             BNE.N    ??SQC_UM220_Recog_0
   \   00000048   0x.... 0x....      LDR.W    R0,??DataTable8_11
   \   0000004C   0xF990 0x0006      LDRSB    R0,[R0, #+6]
   \   00000050   0x2853             CMP      R0,#+83
   \   00000052   0xD101             BNE.N    ??SQC_UM220_Recog_0
     68              return 1;
   \   00000054   0x2001             MOVS     R0,#+1
   \   00000056   0xE04A             B.N      ??SQC_UM220_Recog_1
     69            if(gps_buf.gps_Rxbuf[0]=='$'&&gps_buf.gps_Rxbuf[1]=='G'&&gps_buf.gps_Rxbuf[2]=='N'
     70               &&gps_buf.gps_Rxbuf[3]=='V'&&gps_buf.gps_Rxbuf[4]=='T'&&gps_buf.gps_Rxbuf[5]=='G')
   \                     ??SQC_UM220_Recog_0: (+1)
   \   00000058   0x.... 0x....      LDR.W    R0,??DataTable8_11
   \   0000005C   0xF990 0x0000      LDRSB    R0,[R0, #+0]
   \   00000060   0x2824             CMP      R0,#+36
   \   00000062   0xD11F             BNE.N    ??SQC_UM220_Recog_2
   \   00000064   0x.... 0x....      LDR.W    R0,??DataTable8_11
   \   00000068   0xF990 0x0001      LDRSB    R0,[R0, #+1]
   \   0000006C   0x2847             CMP      R0,#+71
   \   0000006E   0xD119             BNE.N    ??SQC_UM220_Recog_2
   \   00000070   0x.... 0x....      LDR.W    R0,??DataTable8_11
   \   00000074   0xF990 0x0002      LDRSB    R0,[R0, #+2]
   \   00000078   0x284E             CMP      R0,#+78
   \   0000007A   0xD113             BNE.N    ??SQC_UM220_Recog_2
   \   0000007C   0x.... 0x....      LDR.W    R0,??DataTable8_11
   \   00000080   0xF990 0x0003      LDRSB    R0,[R0, #+3]
   \   00000084   0x2856             CMP      R0,#+86
   \   00000086   0xD10D             BNE.N    ??SQC_UM220_Recog_2
   \   00000088   0x.... 0x....      LDR.W    R0,??DataTable8_11
   \   0000008C   0xF990 0x0004      LDRSB    R0,[R0, #+4]
   \   00000090   0x2854             CMP      R0,#+84
   \   00000092   0xD107             BNE.N    ??SQC_UM220_Recog_2
   \   00000094   0x.... 0x....      LDR.W    R0,??DataTable8_11
   \   00000098   0xF990 0x0005      LDRSB    R0,[R0, #+5]
   \   0000009C   0x2847             CMP      R0,#+71
   \   0000009E   0xD101             BNE.N    ??SQC_UM220_Recog_2
     71            return 2;
   \   000000A0   0x2002             MOVS     R0,#+2
   \   000000A2   0xE024             B.N      ??SQC_UM220_Recog_1
     72            if(gps_buf.gps_Rxbuf[0]=='$'&&gps_buf.gps_Rxbuf[1]=='G'&&gps_buf.gps_Rxbuf[2]=='N'
     73               &&gps_buf.gps_Rxbuf[3]=='Z'&&gps_buf.gps_Rxbuf[4]=='D'&&gps_buf.gps_Rxbuf[5]=='A')
   \                     ??SQC_UM220_Recog_2: (+1)
   \   000000A4   0x.... 0x....      LDR.W    R0,??DataTable8_11
   \   000000A8   0xF990 0x0000      LDRSB    R0,[R0, #+0]
   \   000000AC   0x2824             CMP      R0,#+36
   \   000000AE   0xD11E             BNE.N    ??SQC_UM220_Recog_3
   \   000000B0   0x.... 0x....      LDR.W    R0,??DataTable8_11
   \   000000B4   0xF990 0x0001      LDRSB    R0,[R0, #+1]
   \   000000B8   0x2847             CMP      R0,#+71
   \   000000BA   0xD118             BNE.N    ??SQC_UM220_Recog_3
   \   000000BC   0x.... 0x....      LDR.W    R0,??DataTable8_11
   \   000000C0   0xF990 0x0002      LDRSB    R0,[R0, #+2]
   \   000000C4   0x284E             CMP      R0,#+78
   \   000000C6   0xD112             BNE.N    ??SQC_UM220_Recog_3
   \   000000C8   0x.... 0x....      LDR.W    R0,??DataTable8_11
   \   000000CC   0xF990 0x0003      LDRSB    R0,[R0, #+3]
   \   000000D0   0x285A             CMP      R0,#+90
   \   000000D2   0xD10C             BNE.N    ??SQC_UM220_Recog_3
   \   000000D4   0x.... 0x....      LDR.W    R0,??DataTable8_11
   \   000000D8   0xF990 0x0004      LDRSB    R0,[R0, #+4]
   \   000000DC   0x2844             CMP      R0,#+68
   \   000000DE   0xD106             BNE.N    ??SQC_UM220_Recog_3
   \   000000E0   0x....             LDR.N    R0,??DataTable8_11
   \   000000E2   0xF990 0x0005      LDRSB    R0,[R0, #+5]
   \   000000E6   0x2841             CMP      R0,#+65
   \   000000E8   0xD101             BNE.N    ??SQC_UM220_Recog_3
     74              return 3;
   \   000000EA   0x2003             MOVS     R0,#+3
   \   000000EC   0xE7FF             B.N      ??SQC_UM220_Recog_1
     75            
     76          }
   \                     ??SQC_UM220_Recog_3: (+1)
   \                     ??SQC_UM220_Recog_1: (+1)
   \   000000EE   0x4770             BX       LR               ;; return
     77          //信息打印

   \                                 In section .text, align 2, keep-with-next
     78          uint8 SQC_UM220_Req()
     79          {
   \                     SQC_UM220_Req: (+1)
   \   00000000   0xB570             PUSH     {R4-R6,LR}
   \   00000002   0xB08E             SUB      SP,SP,#+56
     80            int8 i=0,j=1,k=0;
   \   00000004   0x2400             MOVS     R4,#+0
   \   00000006   0x2501             MOVS     R5,#+1
   \   00000008   0x2600             MOVS     R6,#+0
     81            uint8 recv[50],t1;
     82           
     83            switch(SQC_UM220_Recog())
   \   0000000A   0x.... 0x....      BL       SQC_UM220_Recog
   \   0000000E   0x2801             CMP      R0,#+1
   \   00000010   0xD007             BEQ.N    ??SQC_UM220_Req_0
   \   00000012   0xF0C0 0x8110      BCC.W    ??SQC_UM220_Req_1
   \   00000016   0x2803             CMP      R0,#+3
   \   00000018   0xF000 0x80D7      BEQ.W    ??SQC_UM220_Req_2
   \   0000001C   0xF0C0 0x808A      BCC.W    ??SQC_UM220_Req_3
   \   00000020   0xE109             B.N      ??SQC_UM220_Req_1
     84            {
     85              
     86            case 1:
     87              SQC_UM220_save(gps_pos.lat,8,-1);
   \                     ??SQC_UM220_Req_0: (+1)
   \   00000022   0xF05F 0x32FF      MOVS     R2,#-1
   \   00000026   0x2108             MOVS     R1,#+8
   \   00000028   0x....             LDR.N    R0,??DataTable8_12
   \   0000002A   0x.... 0x....      BL       SQC_UM220_save
     88              SQC_UM220_save(gps_pos.lon,9,-1);
   \   0000002E   0xF05F 0x32FF      MOVS     R2,#-1
   \   00000032   0x2109             MOVS     R1,#+9
   \   00000034   0x....             LDR.N    R0,??DataTable8_13
   \   00000036   0x.... 0x....      BL       SQC_UM220_save
     89              SQC_UM220_save(gps_pos.height,10,-1);
   \   0000003A   0xF05F 0x32FF      MOVS     R2,#-1
   \   0000003E   0x210A             MOVS     R1,#+10
   \   00000040   0x....             LDR.N    R0,??DataTable8_14
   \   00000042   0x.... 0x....      BL       SQC_UM220_save
     90              if(gps_pos.lat[0]=='-')
   \   00000046   0x....             LDR.N    R0,??DataTable8_12
   \   00000048   0xF990 0x0000      LDRSB    R0,[R0, #+0]
   \   0000004C   0x282D             CMP      R0,#+45
   \   0000004E   0xD111             BNE.N    ??SQC_UM220_Req_4
     91              {
     92                 sprintf(gps_pos.lat,"%s",gps_pos.lat);
   \   00000050   0x....             LDR.N    R2,??DataTable8_12
   \   00000052   0x....             ADR.N    R1,??DataTable8  ;; 0x25, 0x73, 0x00, 0x00
   \   00000054   0x....             LDR.N    R0,??DataTable8_12
   \   00000056   0x.... 0x....      BL       sprintf
     93                 //printf("北纬 is %s°C\n",gps_pos.lat);
     94                LPLD_LCD_ShowStringno(100,120,"N",0x00ff);
   \   0000005A   0x23FF             MOVS     R3,#+255
   \   0000005C   0x....             ADR.N    R2,??DataTable4  ;; "N"
   \   0000005E   0x2178             MOVS     R1,#+120
   \   00000060   0x2064             MOVS     R0,#+100
   \   00000062   0x.... 0x....      BL       LPLD_LCD_ShowStringno
     95                LPLD_LCD_ShowStringno(120,120,gps_pos.lat,0x00ff);
   \   00000066   0x23FF             MOVS     R3,#+255
   \   00000068   0x....             LDR.N    R2,??DataTable8_12
   \   0000006A   0x2178             MOVS     R1,#+120
   \   0000006C   0x2078             MOVS     R0,#+120
   \   0000006E   0x.... 0x....      BL       LPLD_LCD_ShowStringno
   \   00000072   0xE010             B.N      ??SQC_UM220_Req_5
     96               }
     97              else
     98              {
     99                 sprintf(gps_pos.lat,"%s",gps_pos.lat);
   \                     ??SQC_UM220_Req_4: (+1)
   \   00000074   0x....             LDR.N    R2,??DataTable8_12
   \   00000076   0x....             ADR.N    R1,??DataTable8  ;; 0x25, 0x73, 0x00, 0x00
   \   00000078   0x....             LDR.N    R0,??DataTable8_12
   \   0000007A   0x.... 0x....      BL       sprintf
    100                 //printf("南纬 is %s°C\n",gps_pos.lat);
    101                  LPLD_LCD_ShowStringno(100,120,"S",0x00ff);
   \   0000007E   0x23FF             MOVS     R3,#+255
   \   00000080   0x....             ADR.N    R2,??DataTable7  ;; "S"
   \   00000082   0x2178             MOVS     R1,#+120
   \   00000084   0x2064             MOVS     R0,#+100
   \   00000086   0x.... 0x....      BL       LPLD_LCD_ShowStringno
    102                LPLD_LCD_ShowStringno(120,120,gps_pos.lat,0x00ff);
   \   0000008A   0x23FF             MOVS     R3,#+255
   \   0000008C   0x....             LDR.N    R2,??DataTable8_12
   \   0000008E   0x2178             MOVS     R1,#+120
   \   00000090   0x2078             MOVS     R0,#+120
   \   00000092   0x.... 0x....      BL       LPLD_LCD_ShowStringno
    103               }
    104              if(gps_pos.lon[0]=='-')
   \                     ??SQC_UM220_Req_5: (+1)
   \   00000096   0x....             LDR.N    R0,??DataTable8_12
   \   00000098   0xF990 0x001E      LDRSB    R0,[R0, #+30]
   \   0000009C   0x282D             CMP      R0,#+45
   \   0000009E   0xD111             BNE.N    ??SQC_UM220_Req_6
    105              {
    106                 sprintf(gps_pos.lon,"%s",gps_pos.lon);
   \   000000A0   0x....             LDR.N    R2,??DataTable8_13
   \   000000A2   0x....             ADR.N    R1,??DataTable8  ;; 0x25, 0x73, 0x00, 0x00
   \   000000A4   0x....             LDR.N    R0,??DataTable8_13
   \   000000A6   0x.... 0x....      BL       sprintf
    107                 //printf("西经 is %s°C\n",gps_pos.lon);
    108                  LPLD_LCD_ShowStringno(100,140,"W",0x00ff);
   \   000000AA   0x23FF             MOVS     R3,#+255
   \   000000AC   0x....             ADR.N    R2,??DataTable8_1  ;; "W"
   \   000000AE   0x218C             MOVS     R1,#+140
   \   000000B0   0x2064             MOVS     R0,#+100
   \   000000B2   0x.... 0x....      BL       LPLD_LCD_ShowStringno
    109                LPLD_LCD_ShowStringno(120,140,gps_pos.lon,0x00ff);
   \   000000B6   0x23FF             MOVS     R3,#+255
   \   000000B8   0x....             LDR.N    R2,??DataTable8_13
   \   000000BA   0x218C             MOVS     R1,#+140
   \   000000BC   0x2078             MOVS     R0,#+120
   \   000000BE   0x.... 0x....      BL       LPLD_LCD_ShowStringno
   \   000000C2   0xE010             B.N      ??SQC_UM220_Req_7
    110              }
    111              else
    112              {
    113                 sprintf(gps_pos.lat,"%s",gps_pos.lon);
   \                     ??SQC_UM220_Req_6: (+1)
   \   000000C4   0x....             LDR.N    R2,??DataTable8_13
   \   000000C6   0x....             ADR.N    R1,??DataTable8  ;; 0x25, 0x73, 0x00, 0x00
   \   000000C8   0x....             LDR.N    R0,??DataTable8_12
   \   000000CA   0x.... 0x....      BL       sprintf
    114                // printf("东经 is %s°C\n",gps_pos.lon);
    115                    LPLD_LCD_ShowStringno(100,140,"E",0x00ff);
   \   000000CE   0x23FF             MOVS     R3,#+255
   \   000000D0   0x....             ADR.N    R2,??DataTable8_2  ;; "E"
   \   000000D2   0x218C             MOVS     R1,#+140
   \   000000D4   0x2064             MOVS     R0,#+100
   \   000000D6   0x.... 0x....      BL       LPLD_LCD_ShowStringno
    116                LPLD_LCD_ShowStringno(120,140,gps_pos.lon,0x00ff);
   \   000000DA   0x23FF             MOVS     R3,#+255
   \   000000DC   0x....             LDR.N    R2,??DataTable8_13
   \   000000DE   0x218C             MOVS     R1,#+140
   \   000000E0   0x2078             MOVS     R0,#+120
   \   000000E2   0x.... 0x....      BL       LPLD_LCD_ShowStringno
    117              }   
    118              gps_buf.gps_buf_len=0; 
   \                     ??SQC_UM220_Req_7: (+1)
   \   000000E6   0x2000             MOVS     R0,#+0
   \   000000E8   0x....             LDR.N    R1,??DataTable8_11
   \   000000EA   0xF8A1 0x0400      STRH     R0,[R1, #+1024]
    119              
    120              sprintf(gps_pos.height,"%s",gps_pos.height);
   \   000000EE   0x....             LDR.N    R2,??DataTable8_14
   \   000000F0   0x....             ADR.N    R1,??DataTable8  ;; 0x25, 0x73, 0x00, 0x00
   \   000000F2   0x....             LDR.N    R0,??DataTable8_14
   \   000000F4   0x.... 0x....      BL       sprintf
    121              printf("高度 is %s 米\n",gps_pos.height);
   \   000000F8   0x....             LDR.N    R1,??DataTable8_14
   \   000000FA   0x....             LDR.N    R0,??DataTable8_15
   \   000000FC   0x.... 0x....      BL       printf
    122              sprintf(recv,"$CFGMSG,1,0,0\r\n");
   \   00000100   0x....             LDR.N    R1,??DataTable8_16
   \   00000102   0xA800             ADD      R0,SP,#+0
   \   00000104   0x.... 0x....      BL       sprintf
    123              LPLD_UART_PutCharArr(UART3, recv,strlen(recv)); 
   \   00000108   0xA800             ADD      R0,SP,#+0
   \   0000010A   0x.... 0x....      BL       strlen
   \   0000010E   0x0002             MOVS     R2,R0
   \   00000110   0xA900             ADD      R1,SP,#+0
   \   00000112   0x....             LDR.N    R0,??DataTable8_4  ;; 0x4006d000
   \   00000114   0x.... 0x....      BL       LPLD_UART_PutCharArr
    124              sprintf(recv,"$CFGMSG,0,5,5\r\n");
   \   00000118   0x....             LDR.N    R1,??DataTable8_17
   \   0000011A   0xA800             ADD      R0,SP,#+0
   \   0000011C   0x.... 0x....      BL       sprintf
    125              LPLD_UART_PutCharArr(UART3, recv,strlen(recv));
   \   00000120   0xA800             ADD      R0,SP,#+0
   \   00000122   0x.... 0x....      BL       strlen
   \   00000126   0x0002             MOVS     R2,R0
   \   00000128   0xA900             ADD      R1,SP,#+0
   \   0000012A   0x....             LDR.N    R0,??DataTable8_4  ;; 0x4006d000
   \   0000012C   0x.... 0x....      BL       LPLD_UART_PutCharArr
    126              break;
    127              
    128            case 2:
    129              SQC_UM220_save(gps_vtg.cogm,2,-1);
    130              SQC_UM220_save(gps_vtg.kph,8,-1);
    131              sprintf(gps_vtg.cogm,"%s",gps_vtg.cogm);
    132              sprintf(gps_vtg.kph,"%s",gps_vtg.kph);
    133              //printf("速度 %s km/h\n",gps_vtg.kph);
    134              //printf("方向 %s°C\n",gps_vtg.cogm);
    135               LPLD_LCD_ShowStringno(100,80,"speed is",0x00ff);
    136              LPLD_LCD_ShowStringno(170,80,gps_vtg.kph,0x00ff);
    137               LPLD_LCD_ShowStringno(100,100,"dir is",0x00ff);
    138              LPLD_LCD_ShowStringno(160,100,gps_vtg.cogm,0x00ff);
    139              gps_buf.gps_buf_len=0; 
    140              sprintf(recv,"$CFGMSG,0,5,0\r\n");
    141              LPLD_UART_PutCharArr(UART3, recv,strlen(recv));
    142              sprintf(recv,"$CFGMSG,0,6,5\r\n");
    143              LPLD_UART_PutCharArr(UART3, recv,strlen(recv));
    144              break;
    145              
    146            case 3:
    147              SQC_UM220_save(gps_zda.time,2,4);
    148              SQC_UM220_Time(gps_zda.time);
    149              sprintf(gps_zda.time,"%s",gps_zda.time); 
    150              //printf("time is %s\n",gps_zda.time);
    151              LPLD_LCD_ShowStringno(100,60,"time is",0x00ff);
    152              LPLD_LCD_ShowStringno(160,60,gps_zda.time,0x00ff);
    153              gps_buf.gps_buf_len=0;
    154              sprintf(recv,"$CFGMSG,0,6,0\r\n");
    155              LPLD_UART_PutCharArr(UART3, recv,strlen(recv));
    156              sprintf(recv,"$CFGMSG,1,0,5\r\n");
    157              LPLD_UART_PutCharArr(UART3, recv,strlen(recv));
    158              break;
    159            default:
    160              return 0;
    161              
    162            }
    163               
    164          }
   \                     ??SQC_UM220_Req_8: (+1)
   \                     ??SQC_UM220_Req_9: (+1)
   \   00000130   0xB00E             ADD      SP,SP,#+56
   \   00000132   0xBD70             POP      {R4-R6,PC}       ;; return
   \                     ??SQC_UM220_Req_3: (+1)
   \   00000134   0xF05F 0x32FF      MOVS     R2,#-1
   \   00000138   0x2102             MOVS     R1,#+2
   \   0000013A   0x....             LDR.N    R0,??DataTable8_18
   \   0000013C   0x.... 0x....      BL       SQC_UM220_save
   \   00000140   0xF05F 0x32FF      MOVS     R2,#-1
   \   00000144   0x2108             MOVS     R1,#+8
   \   00000146   0x....             LDR.N    R0,??DataTable8_19
   \   00000148   0x.... 0x....      BL       SQC_UM220_save
   \   0000014C   0x....             LDR.N    R2,??DataTable8_18
   \   0000014E   0x....             ADR.N    R1,??DataTable8  ;; 0x25, 0x73, 0x00, 0x00
   \   00000150   0x....             LDR.N    R0,??DataTable8_18
   \   00000152   0x.... 0x....      BL       sprintf
   \   00000156   0x....             LDR.N    R2,??DataTable8_19
   \   00000158   0x....             ADR.N    R1,??DataTable8  ;; 0x25, 0x73, 0x00, 0x00
   \   0000015A   0x....             LDR.N    R0,??DataTable8_19
   \   0000015C   0x.... 0x....      BL       sprintf
   \   00000160   0x23FF             MOVS     R3,#+255
   \   00000162   0x....             LDR.N    R2,??DataTable8_20
   \   00000164   0x2150             MOVS     R1,#+80
   \   00000166   0x2064             MOVS     R0,#+100
   \   00000168   0x.... 0x....      BL       LPLD_LCD_ShowStringno
   \   0000016C   0x23FF             MOVS     R3,#+255
   \   0000016E   0x....             LDR.N    R2,??DataTable8_19
   \   00000170   0x2150             MOVS     R1,#+80
   \   00000172   0x20AA             MOVS     R0,#+170
   \   00000174   0x.... 0x....      BL       LPLD_LCD_ShowStringno
   \   00000178   0x23FF             MOVS     R3,#+255
   \   0000017A   0x....             LDR.N    R2,??DataTable8_21
   \   0000017C   0x2164             MOVS     R1,#+100
   \   0000017E   0x2064             MOVS     R0,#+100
   \   00000180   0x.... 0x....      BL       LPLD_LCD_ShowStringno
   \   00000184   0x23FF             MOVS     R3,#+255
   \   00000186   0x....             LDR.N    R2,??DataTable8_18
   \   00000188   0x2164             MOVS     R1,#+100
   \   0000018A   0x20A0             MOVS     R0,#+160
   \   0000018C   0x.... 0x....      BL       LPLD_LCD_ShowStringno
   \   00000190   0x2000             MOVS     R0,#+0
   \   00000192   0x....             LDR.N    R1,??DataTable8_11
   \   00000194   0xF8A1 0x0400      STRH     R0,[R1, #+1024]
   \   00000198   0x....             LDR.N    R1,??DataTable8_22
   \   0000019A   0xA800             ADD      R0,SP,#+0
   \   0000019C   0x.... 0x....      BL       sprintf
   \   000001A0   0xA800             ADD      R0,SP,#+0
   \   000001A2   0x.... 0x....      BL       strlen
   \   000001A6   0x0002             MOVS     R2,R0
   \   000001A8   0xA900             ADD      R1,SP,#+0
   \   000001AA   0x....             LDR.N    R0,??DataTable8_4  ;; 0x4006d000
   \   000001AC   0x.... 0x....      BL       LPLD_UART_PutCharArr
   \   000001B0   0x....             LDR.N    R1,??DataTable8_23
   \   000001B2   0xA800             ADD      R0,SP,#+0
   \   000001B4   0x.... 0x....      BL       sprintf
   \   000001B8   0xA800             ADD      R0,SP,#+0
   \   000001BA   0x.... 0x....      BL       strlen
   \   000001BE   0x0002             MOVS     R2,R0
   \   000001C0   0xA900             ADD      R1,SP,#+0
   \   000001C2   0x....             LDR.N    R0,??DataTable8_4  ;; 0x4006d000
   \   000001C4   0x.... 0x....      BL       LPLD_UART_PutCharArr
   \   000001C8   0xE7B2             B.N      ??SQC_UM220_Req_8
   \                     ??SQC_UM220_Req_2: (+1)
   \   000001CA   0x2204             MOVS     R2,#+4
   \   000001CC   0x2102             MOVS     R1,#+2
   \   000001CE   0x....             LDR.N    R0,??DataTable8_24
   \   000001D0   0x.... 0x....      BL       SQC_UM220_save
   \   000001D4   0x....             LDR.N    R0,??DataTable8_24
   \   000001D6   0x.... 0x....      BL       SQC_UM220_Time
   \   000001DA   0x....             LDR.N    R2,??DataTable8_24
   \   000001DC   0x....             ADR.N    R1,??DataTable8  ;; 0x25, 0x73, 0x00, 0x00
   \   000001DE   0x....             LDR.N    R0,??DataTable8_24
   \   000001E0   0x.... 0x....      BL       sprintf
   \   000001E4   0x23FF             MOVS     R3,#+255
   \   000001E6   0x....             LDR.N    R2,??DataTable8_25
   \   000001E8   0x213C             MOVS     R1,#+60
   \   000001EA   0x2064             MOVS     R0,#+100
   \   000001EC   0x.... 0x....      BL       LPLD_LCD_ShowStringno
   \   000001F0   0x23FF             MOVS     R3,#+255
   \   000001F2   0x....             LDR.N    R2,??DataTable8_24
   \   000001F4   0x213C             MOVS     R1,#+60
   \   000001F6   0x20A0             MOVS     R0,#+160
   \   000001F8   0x.... 0x....      BL       LPLD_LCD_ShowStringno
   \   000001FC   0x2000             MOVS     R0,#+0
   \   000001FE   0x....             LDR.N    R1,??DataTable8_11
   \   00000200   0xF8A1 0x0400      STRH     R0,[R1, #+1024]
   \   00000204   0x....             LDR.N    R1,??DataTable8_26
   \   00000206   0xA800             ADD      R0,SP,#+0
   \   00000208   0x.... 0x....      BL       sprintf
   \   0000020C   0xA800             ADD      R0,SP,#+0
   \   0000020E   0x.... 0x....      BL       strlen
   \   00000212   0x0002             MOVS     R2,R0
   \   00000214   0xA900             ADD      R1,SP,#+0
   \   00000216   0x....             LDR.N    R0,??DataTable8_4  ;; 0x4006d000
   \   00000218   0x.... 0x....      BL       LPLD_UART_PutCharArr
   \   0000021C   0x....             LDR.N    R1,??DataTable8_27
   \   0000021E   0xA800             ADD      R0,SP,#+0
   \   00000220   0x.... 0x....      BL       sprintf
   \   00000224   0xA800             ADD      R0,SP,#+0
   \   00000226   0x.... 0x....      BL       strlen
   \   0000022A   0x0002             MOVS     R2,R0
   \   0000022C   0xA900             ADD      R1,SP,#+0
   \   0000022E   0x....             LDR.N    R0,??DataTable8_4  ;; 0x4006d000
   \   00000230   0x.... 0x....      BL       LPLD_UART_PutCharArr
   \   00000234   0xE77C             B.N      ??SQC_UM220_Req_8
   \                     ??SQC_UM220_Req_1: (+1)
   \   00000236   0x2000             MOVS     R0,#+0
   \   00000238   0xE77A             B.N      ??SQC_UM220_Req_9
    165          //UTC时间转化当地时间

   \                                 In section .text, align 2, keep-with-next
    166          void  SQC_UM220_Time(uint8 time[])
    167          {
    168            uint8 t1;  
    169            t1=(gps_zda.time[0]-0x30)*10;
   \                     SQC_UM220_Time: (+1)
   \   00000000   0x....             LDR.N    R0,??DataTable8_24
   \   00000002   0xF990 0x0000      LDRSB    R0,[R0, #+0]
   \   00000006   0x3830             SUBS     R0,R0,#+48
   \   00000008   0x210A             MOVS     R1,#+10
   \   0000000A   0xFB10 0xF001      SMULBB   R0,R0,R1
    170                 t1+=(gps_zda.time[1]-0x30);
   \   0000000E   0x....             LDR.N    R1,??DataTable8_24
   \   00000010   0xF991 0x1001      LDRSB    R1,[R1, #+1]
   \   00000014   0x3930             SUBS     R1,R1,#+48
   \   00000016   0x1808             ADDS     R0,R1,R0
    171                 t1+=8;
   \   00000018   0x3008             ADDS     R0,R0,#+8
    172                 if(t1>23) 
   \   0000001A   0xB2C0             UXTB     R0,R0            ;; ZeroExt  R0,R0,#+24,#+24
   \   0000001C   0x2818             CMP      R0,#+24
   \   0000001E   0xDB00             BLT.N    ??SQC_UM220_Time_0
    173                 t1-=24;
   \   00000020   0x3818             SUBS     R0,R0,#+24
    174                 gps_zda.time[0]=t1/10+0x30;
   \                     ??SQC_UM220_Time_0: (+1)
   \   00000022   0xB2C0             UXTB     R0,R0            ;; ZeroExt  R0,R0,#+24,#+24
   \   00000024   0x210A             MOVS     R1,#+10
   \   00000026   0xFB90 0xF1F1      SDIV     R1,R0,R1
   \   0000002A   0x3130             ADDS     R1,R1,#+48
   \   0000002C   0x....             LDR.N    R2,??DataTable8_24
   \   0000002E   0x7011             STRB     R1,[R2, #+0]
    175                 gps_zda.time[1]=t1%10+0x30; 
   \   00000030   0xB2C0             UXTB     R0,R0            ;; ZeroExt  R0,R0,#+24,#+24
   \   00000032   0x210A             MOVS     R1,#+10
   \   00000034   0xFB90 0xF2F1      SDIV     R2,R0,R1
   \   00000038   0xFB01 0x0012      MLS      R0,R1,R2,R0
   \   0000003C   0x3030             ADDS     R0,R0,#+48
   \   0000003E   0x....             LDR.N    R1,??DataTable8_24
   \   00000040   0x7048             STRB     R0,[R1, #+1]
    176                 gps_zda.time[4]=gps_zda.time[3];
   \   00000042   0x....             LDR.N    R0,??DataTable8_24
   \   00000044   0x78C0             LDRB     R0,[R0, #+3]
   \   00000046   0x....             LDR.N    R1,??DataTable8_24
   \   00000048   0x7108             STRB     R0,[R1, #+4]
    177                 gps_zda.time[3]=gps_zda.time[2]; 
   \   0000004A   0x....             LDR.N    R0,??DataTable8_24
   \   0000004C   0x7880             LDRB     R0,[R0, #+2]
   \   0000004E   0x....             LDR.N    R1,??DataTable8_24
   \   00000050   0x70C8             STRB     R0,[R1, #+3]
    178                 gps_zda.time[2]=':';
   \   00000052   0x203A             MOVS     R0,#+58
   \   00000054   0x....             LDR.N    R1,??DataTable8_24
   \   00000056   0x7088             STRB     R0,[R1, #+2]
    179          }
   \   00000058   0x4770             BX       LR               ;; return
    180          //数据存储

   \                                 In section .text, align 2, keep-with-next
    181          void SQC_UM220_save(uint8 a[],int q,int p)
    182          {
   \                     SQC_UM220_save: (+1)
   \   00000000   0xB470             PUSH     {R4-R6}
    183            int8 i=0,j=1,k=0;
   \   00000002   0x2600             MOVS     R6,#+0
   \   00000004   0x2301             MOVS     R3,#+1
   \   00000006   0x2400             MOVS     R4,#+0
    184            uint8 recv[50],t1;
    185           for(int i=0;i<gps_buf.gps_buf_len;i++)
   \   00000008   0x2500             MOVS     R5,#+0
   \   0000000A   0xE005             B.N      ??SQC_UM220_save_0
    186             {
    187               if(gps_buf.gps_Rxbuf[i]=='*')
    188                 break;
    189               if(gps_buf.gps_Rxbuf[i]==',')
    190               {
    191                 j++;
    192                 k=0;
    193                 continue;
    194               }
    195               if(j==q)
    196               {
    197                 if(k==p)
    198                 {
    199                   break;
    200                 }
    201                 a[k]=gps_buf.gps_Rxbuf[i];
   \                     ??SQC_UM220_save_1: (+1)
   \   0000000C   0x....             LDR.N    R6,??DataTable8_11
   \   0000000E   0x5DAE             LDRB     R6,[R5, R6]
   \   00000010   0xB264             SXTB     R4,R4            ;; SignExt  R4,R4,#+24,#+24
   \   00000012   0x5426             STRB     R6,[R4, R0]
    202                 k++;
   \   00000014   0x1C64             ADDS     R4,R4,#+1
   \                     ??SQC_UM220_save_2: (+1)
   \   00000016   0x1C6D             ADDS     R5,R5,#+1
   \                     ??SQC_UM220_save_0: (+1)
   \   00000018   0x....             LDR.N    R6,??DataTable8_11
   \   0000001A   0xF8B6 0x6400      LDRH     R6,[R6, #+1024]
   \   0000001E   0x42B5             CMP      R5,R6
   \   00000020   0xDA10             BGE.N    ??SQC_UM220_save_3
   \   00000022   0x....             LDR.N    R6,??DataTable8_11
   \   00000024   0x57AE             LDRSB    R6,[R5, R6]
   \   00000026   0x2E2A             CMP      R6,#+42
   \   00000028   0xD00C             BEQ.N    ??SQC_UM220_save_3
   \                     ??SQC_UM220_save_4: (+1)
   \   0000002A   0x....             LDR.N    R6,??DataTable8_11
   \   0000002C   0x57AE             LDRSB    R6,[R5, R6]
   \   0000002E   0x2E2C             CMP      R6,#+44
   \   00000030   0xD102             BNE.N    ??SQC_UM220_save_5
   \   00000032   0x1C5B             ADDS     R3,R3,#+1
   \   00000034   0x2400             MOVS     R4,#+0
   \   00000036   0xE7EE             B.N      ??SQC_UM220_save_2
   \                     ??SQC_UM220_save_5: (+1)
   \   00000038   0xB25B             SXTB     R3,R3            ;; SignExt  R3,R3,#+24,#+24
   \   0000003A   0x428B             CMP      R3,R1
   \   0000003C   0xD1EB             BNE.N    ??SQC_UM220_save_2
   \   0000003E   0xB264             SXTB     R4,R4            ;; SignExt  R4,R4,#+24,#+24
   \   00000040   0x4294             CMP      R4,R2
   \   00000042   0xD1E3             BNE.N    ??SQC_UM220_save_1
    203                 
    204               }  
    205              
    206             }
    207          }
   \                     ??SQC_UM220_save_3: (+1)
   \   00000044   0xBC70             POP      {R4-R6}
   \   00000046   0x4770             BX       LR               ;; return
    208          
    209          //获取gga指针

   \                                 In section .text, align 2, keep-with-next
    210          struct UM220_POS* Getpointer_pos()
    211          {
    212            return &gps_pos;
   \                     Getpointer_pos: (+1)
   \   00000000   0x....             LDR.N    R0,??DataTable8_12
   \   00000002   0x4770             BX       LR               ;; return
    213          }
    214          
    215          //获取vta指针

   \                                 In section .text, align 2, keep-with-next
    216          struct UM220_VTG* Getpointer_vtg()
    217          {
    218            return &gps_vtg;
   \                     Getpointer_vtg: (+1)
   \   00000000   0x....             LDR.N    R0,??DataTable8_19
   \   00000002   0x4770             BX       LR               ;; return
    219          }
    220          
    221          //获取buf指针

   \                                 In section .text, align 2, keep-with-next
    222          struct UM220_BUF* Getpointer_buf()
    223          {
    224            return &gps_buf;
   \                     Getpointer_buf: (+1)
   \   00000000   0x....             LDR.N    R0,??DataTable8_11
   \   00000002   0x4770             BX       LR               ;; return
    225          }

   \                                 In section .text, align 4, keep-with-next
   \                     ??DataTable4:
   \   00000000   0x4E 0x00          DC8      "N",0x0,0x0
   \              0x00 0x00    

   \                                 In section .text, align 4, keep-with-next
   \                     ??DataTable7:
   \   00000000   0x53 0x00          DC8      "S",0x0,0x0
   \              0x00 0x00    

   \                                 In section .text, align 4, keep-with-next
   \                     ??DataTable8:
   \   00000000   0x25 0x73          DC8      0x25, 0x73, 0x00, 0x00
   \              0x00 0x00    

   \                                 In section .text, align 4, keep-with-next
   \                     ??DataTable8_1:
   \   00000000   0x57 0x00          DC8      "W",0x0,0x0
   \              0x00 0x00    

   \                                 In section .text, align 4, keep-with-next
   \                     ??DataTable8_2:
   \   00000000   0x45 0x00          DC8      "E",0x0,0x0
   \              0x00 0x00    

   \                                 In section .text, align 4, keep-with-next
   \                     ??DataTable8_3:
   \   00000000   0x........         DC32     `?<Constant "$CFGMSG,0,0,0\\r\\n">`

   \                                 In section .text, align 4, keep-with-next
   \                     ??DataTable8_4:
   \   00000000   0x4006D000         DC32     0x4006d000

   \                                 In section .text, align 4, keep-with-next
   \                     ??DataTable8_5:
   \   00000000   0x........         DC32     `?<Constant "$CFGMSG,0,1,0\\r\\n">`

   \                                 In section .text, align 4, keep-with-next
   \                     ??DataTable8_6:
   \   00000000   0x........         DC32     `?<Constant "$CFGMSG,0,2,0\\r\\n">`

   \                                 In section .text, align 4, keep-with-next
   \                     ??DataTable8_7:
   \   00000000   0x........         DC32     `?<Constant "$CFGMSG,0,3,0\\r\\n">`

   \                                 In section .text, align 4, keep-with-next
   \                     ??DataTable8_8:
   \   00000000   0x........         DC32     `?<Constant "$CFGMSG,0,4,0\\r\\n">`

   \                                 In section .text, align 4, keep-with-next
   \                     ??DataTable8_9:
   \   00000000   0x........         DC32     `?<Constant "$CFGMSG,0,5,8\\r\\n">`

   \                                 In section .text, align 4, keep-with-next
   \                     ??DataTable8_10:
   \   00000000   0x........         DC32     `?<Constant "$RESET,0,0xFF0\\r\\n">`

   \                                 In section .text, align 4, keep-with-next
   \                     ??DataTable8_11:
   \   00000000   0x........         DC32     gps_buf

   \                                 In section .text, align 4, keep-with-next
   \                     ??DataTable8_12:
   \   00000000   0x........         DC32     gps_pos

   \                                 In section .text, align 4, keep-with-next
   \                     ??DataTable8_13:
   \   00000000   0x........         DC32     gps_pos+0x1E

   \                                 In section .text, align 4, keep-with-next
   \                     ??DataTable8_14:
   \   00000000   0x........         DC32     gps_pos+0x3C

   \                                 In section .text, align 4, keep-with-next
   \                     ??DataTable8_15:
   \   00000000   0x........         DC32     `?<Constant "\\270\\337\\266\\310 is %s \\303\\327\\n"`

   \                                 In section .text, align 4, keep-with-next
   \                     ??DataTable8_16:
   \   00000000   0x........         DC32     `?<Constant "$CFGMSG,1,0,0\\r\\n">`

   \                                 In section .text, align 4, keep-with-next
   \                     ??DataTable8_17:
   \   00000000   0x........         DC32     `?<Constant "$CFGMSG,0,5,5\\r\\n">`

   \                                 In section .text, align 4, keep-with-next
   \                     ??DataTable8_18:
   \   00000000   0x........         DC32     gps_vtg+0xA

   \                                 In section .text, align 4, keep-with-next
   \                     ??DataTable8_19:
   \   00000000   0x........         DC32     gps_vtg

   \                                 In section .text, align 4, keep-with-next
   \                     ??DataTable8_20:
   \   00000000   0x........         DC32     `?<Constant "speed is">`

   \                                 In section .text, align 4, keep-with-next
   \                     ??DataTable8_21:
   \   00000000   0x........         DC32     `?<Constant "dir is">`

   \                                 In section .text, align 4, keep-with-next
   \                     ??DataTable8_22:
   \   00000000   0x........         DC32     `?<Constant "$CFGMSG,0,5,0\\r\\n">`

   \                                 In section .text, align 4, keep-with-next
   \                     ??DataTable8_23:
   \   00000000   0x........         DC32     `?<Constant "$CFGMSG,0,6,5\\r\\n">`

   \                                 In section .text, align 4, keep-with-next
   \                     ??DataTable8_24:
   \   00000000   0x........         DC32     gps_zda

   \                                 In section .text, align 4, keep-with-next
   \                     ??DataTable8_25:
   \   00000000   0x........         DC32     `?<Constant "time is">`

   \                                 In section .text, align 4, keep-with-next
   \                     ??DataTable8_26:
   \   00000000   0x........         DC32     `?<Constant "$CFGMSG,0,6,0\\r\\n">`

   \                                 In section .text, align 4, keep-with-next
   \                     ??DataTable8_27:
   \   00000000   0x........         DC32     `?<Constant "$CFGMSG,1,0,5\\r\\n">`

   \                                 In section .rodata, align 4
   \                     `?<Constant "$CFGMSG,0,0,0\\r\\n">`:
   \   00000000   0x24 0x43          DC8 "$CFGMSG,0,0,0\015\012"
   \              0x46 0x47    
   \              0x4D 0x53    
   \              0x47 0x2C    
   \              0x30 0x2C    
   \              0x30 0x2C    
   \              0x30 0x0D    
   \              0x0A 0x00    

   \                                 In section .rodata, align 4
   \                     `?<Constant "$CFGMSG,0,1,0\\r\\n">`:
   \   00000000   0x24 0x43          DC8 "$CFGMSG,0,1,0\015\012"
   \              0x46 0x47    
   \              0x4D 0x53    
   \              0x47 0x2C    
   \              0x30 0x2C    
   \              0x31 0x2C    
   \              0x30 0x0D    
   \              0x0A 0x00    

   \                                 In section .rodata, align 4
   \                     `?<Constant "$CFGMSG,0,2,0\\r\\n">`:
   \   00000000   0x24 0x43          DC8 "$CFGMSG,0,2,0\015\012"
   \              0x46 0x47    
   \              0x4D 0x53    
   \              0x47 0x2C    
   \              0x30 0x2C    
   \              0x32 0x2C    
   \              0x30 0x0D    
   \              0x0A 0x00    

   \                                 In section .rodata, align 4
   \                     `?<Constant "$CFGMSG,0,3,0\\r\\n">`:
   \   00000000   0x24 0x43          DC8 "$CFGMSG,0,3,0\015\012"
   \              0x46 0x47    
   \              0x4D 0x53    
   \              0x47 0x2C    
   \              0x30 0x2C    
   \              0x33 0x2C    
   \              0x30 0x0D    
   \              0x0A 0x00    

   \                                 In section .rodata, align 4
   \                     `?<Constant "$CFGMSG,0,4,0\\r\\n">`:
   \   00000000   0x24 0x43          DC8 "$CFGMSG,0,4,0\015\012"
   \              0x46 0x47    
   \              0x4D 0x53    
   \              0x47 0x2C    
   \              0x30 0x2C    
   \              0x34 0x2C    
   \              0x30 0x0D    
   \              0x0A 0x00    

   \                                 In section .rodata, align 4
   \                     `?<Constant "$CFGMSG,0,5,8\\r\\n">`:
   \   00000000   0x24 0x43          DC8 "$CFGMSG,0,5,8\015\012"
   \              0x46 0x47    
   \              0x4D 0x53    
   \              0x47 0x2C    
   \              0x30 0x2C    
   \              0x35 0x2C    
   \              0x38 0x0D    
   \              0x0A 0x00    

   \                                 In section .rodata, align 4
   \                     `?<Constant "$RESET,0,0xFF0\\r\\n">`:
   \   00000000   0x24 0x52          DC8 "$RESET,0,0xFF0\015\012"
   \              0x45 0x53    
   \              0x45 0x54    
   \              0x2C 0x30    
   \              0x2C 0x30    
   \              0x78 0x46    
   \              0x46 0x30    
   \              0x0D 0x0A    
   \              0x00         
   \   00000011   0x00 0x00          DC8 0, 0, 0
   \              0x00         

   \                                 In section .rodata, align 4
   \   00000000   0x25 0x73          DC8 "%s"
   \              0x00         
   \   00000003   0x00               DC8 0

   \                                 In section .rodata, align 2
   \   00000000   0x4E 0x00          DC8 "N"

   \                                 In section .rodata, align 2
   \   00000000   0x53 0x00          DC8 "S"

   \                                 In section .rodata, align 2
   \   00000000   0x57 0x00          DC8 "W"

   \                                 In section .rodata, align 2
   \   00000000   0x45 0x00          DC8 "E"

   \                                 In section .rodata, align 4
   \                     `?<Constant "\\270\\337\\266\\310 is %s \\303\\327\\n"`:
   \   00000000   0xB8 0xDF          DC8 "\270\337\266\310 is %s \303\327\012"
   \              0xB6 0xC8    
   \              0x20 0x69    
   \              0x73 0x20    
   \              0x25 0x73    
   \              0x20 0xC3    
   \              0xD7 0x0A    
   \              0x00         
   \   0000000F   0x00               DC8 0

   \                                 In section .rodata, align 4
   \                     `?<Constant "$CFGMSG,1,0,0\\r\\n">`:
   \   00000000   0x24 0x43          DC8 "$CFGMSG,1,0,0\015\012"
   \              0x46 0x47    
   \              0x4D 0x53    
   \              0x47 0x2C    
   \              0x31 0x2C    
   \              0x30 0x2C    
   \              0x30 0x0D    
   \              0x0A 0x00    

   \                                 In section .rodata, align 4
   \                     `?<Constant "$CFGMSG,0,5,5\\r\\n">`:
   \   00000000   0x24 0x43          DC8 "$CFGMSG,0,5,5\015\012"
   \              0x46 0x47    
   \              0x4D 0x53    
   \              0x47 0x2C    
   \              0x30 0x2C    
   \              0x35 0x2C    
   \              0x35 0x0D    
   \              0x0A 0x00    

   \                                 In section .rodata, align 4
   \                     `?<Constant "speed is">`:
   \   00000000   0x73 0x70          DC8 "speed is"
   \              0x65 0x65    
   \              0x64 0x20    
   \              0x69 0x73    
   \              0x00         
   \   00000009   0x00 0x00          DC8 0, 0, 0
   \              0x00         

   \                                 In section .rodata, align 4
   \                     `?<Constant "dir is">`:
   \   00000000   0x64 0x69          DC8 "dir is"
   \              0x72 0x20    
   \              0x69 0x73    
   \              0x00         
   \   00000007   0x00               DC8 0

   \                                 In section .rodata, align 4
   \                     `?<Constant "$CFGMSG,0,5,0\\r\\n">`:
   \   00000000   0x24 0x43          DC8 "$CFGMSG,0,5,0\015\012"
   \              0x46 0x47    
   \              0x4D 0x53    
   \              0x47 0x2C    
   \              0x30 0x2C    
   \              0x35 0x2C    
   \              0x30 0x0D    
   \              0x0A 0x00    

   \                                 In section .rodata, align 4
   \                     `?<Constant "$CFGMSG,0,6,5\\r\\n">`:
   \   00000000   0x24 0x43          DC8 "$CFGMSG,0,6,5\015\012"
   \              0x46 0x47    
   \              0x4D 0x53    
   \              0x47 0x2C    
   \              0x30 0x2C    
   \              0x36 0x2C    
   \              0x35 0x0D    
   \              0x0A 0x00    

   \                                 In section .rodata, align 4
   \                     `?<Constant "time is">`:
   \   00000000   0x74 0x69          DC8 "time is"
   \              0x6D 0x65    
   \              0x20 0x69    
   \              0x73 0x00    

   \                                 In section .rodata, align 4
   \                     `?<Constant "$CFGMSG,0,6,0\\r\\n">`:
   \   00000000   0x24 0x43          DC8 "$CFGMSG,0,6,0\015\012"
   \              0x46 0x47    
   \              0x4D 0x53    
   \              0x47 0x2C    
   \              0x30 0x2C    
   \              0x36 0x2C    
   \              0x30 0x0D    
   \              0x0A 0x00    

   \                                 In section .rodata, align 4
   \                     `?<Constant "$CFGMSG,1,0,5\\r\\n">`:
   \   00000000   0x24 0x43          DC8 "$CFGMSG,1,0,5\015\012"
   \              0x46 0x47    
   \              0x4D 0x53    
   \              0x47 0x2C    
   \              0x31 0x2C    
   \              0x30 0x2C    
   \              0x35 0x0D    
   \              0x0A 0x00    

   Maximum stack usage in bytes:

   .cstack Function
   ------- --------
       0   Getpointer_buf
       0   Getpointer_pos
       0   Getpointer_vtg
      56   SQC_UM220_Init
        56   -> LPLD_UART_PutCharArr
        56   -> sprintf
        56   -> strlen
       0   SQC_UM220_Recog
      72   SQC_UM220_Req
        72   -> LPLD_LCD_ShowStringno
        72   -> LPLD_UART_PutCharArr
        72   -> SQC_UM220_Recog
        72   -> SQC_UM220_Time
        72   -> SQC_UM220_save
        72   -> printf
        72   -> sprintf
        72   -> strlen
      56   SQC_UM220_Reset
        56   -> LPLD_UART_PutCharArr
        56   -> sprintf
        56   -> strlen
       0   SQC_UM220_Time
      12   SQC_UM220_save


   Section sizes:

   Bytes  Function/Label
   -----  --------------
      16  ?<Constant "$CFGMSG,0,0,0\r\n">
      16  ?<Constant "$CFGMSG,0,1,0\r\n">
      16  ?<Constant "$CFGMSG,0,2,0\r\n">
      16  ?<Constant "$CFGMSG,0,3,0\r\n">
      16  ?<Constant "$CFGMSG,0,4,0\r\n">
      16  ?<Constant "$CFGMSG,0,5,0\r\n">
      16  ?<Constant "$CFGMSG,0,5,5\r\n">
      16  ?<Constant "$CFGMSG,0,5,8\r\n">
      16  ?<Constant "$CFGMSG,0,6,0\r\n">
      16  ?<Constant "$CFGMSG,0,6,5\r\n">
      16  ?<Constant "$CFGMSG,1,0,0\r\n">
      16  ?<Constant "$CFGMSG,1,0,5\r\n">
      20  ?<Constant "$RESET,0,0xFF0\r\n">
       4  ?<Constant "%s">
       2  ?<Constant "E">
       2  ?<Constant "N">
       2  ?<Constant "S">
       2  ?<Constant "W">
      16  ?<Constant "\270\337\266\310 is %s \303\327\n"
       8  ?<Constant "dir is">
      12  ?<Constant "speed is">
       8  ?<Constant "time is">
       4  ??DataTable4
       4  ??DataTable7
       4  ??DataTable8
       4  ??DataTable8_1
       4  ??DataTable8_10
       4  ??DataTable8_11
       4  ??DataTable8_12
       4  ??DataTable8_13
       4  ??DataTable8_14
       4  ??DataTable8_15
       4  ??DataTable8_16
       4  ??DataTable8_17
       4  ??DataTable8_18
       4  ??DataTable8_19
       4  ??DataTable8_2
       4  ??DataTable8_20
       4  ??DataTable8_21
       4  ??DataTable8_22
       4  ??DataTable8_23
       4  ??DataTable8_24
       4  ??DataTable8_25
       4  ??DataTable8_26
       4  ??DataTable8_27
       4  ??DataTable8_3
       4  ??DataTable8_4
       4  ??DataTable8_5
       4  ??DataTable8_6
       4  ??DataTable8_7
       4  ??DataTable8_8
       4  ??DataTable8_9
       4  Getpointer_buf
       4  Getpointer_pos
       4  Getpointer_vtg
     178  SQC_UM220_Init
     240  SQC_UM220_Recog
     570  SQC_UM220_Req
      38  SQC_UM220_Reset
      90  SQC_UM220_Time
      72  SQC_UM220_save
    1028  gps_buf
      92  gps_pos
      32  gps_vtg
      32  gps_zda

 
 1 184 bytes in section .bss
   268 bytes in section .rodata
 1 320 bytes in section .text
 
 1 320 bytes of CODE  memory
   268 bytes of CONST memory
 1 184 bytes of DATA  memory

Errors: none
Warnings: 62
