###############################################################################
#
# IAR ANSI C/C++ Compiler V7.10.1.6676/W32 for ARM        23/Apr/2015  14:23:25
# Copyright 1999-2014 IAR Systems AB.
#
#    Cpu mode     =  thumb
#    Endian       =  little
#    Source file  =  G:\test\LPLD_OSKinetis_V3_now02\lib\SQC\SQC_OV7670.c
#    Command line =  
#        G:\test\LPLD_OSKinetis_V3_now02\lib\SQC\SQC_OV7670.c -D LPLD_K60 -lCN
#        G:\test\LPLD_OSKinetis_V3_now02\project\LPLD_OV7670\iar\FLASH\List\
#        -lB
#        G:\test\LPLD_OSKinetis_V3_now02\project\LPLD_OV7670\iar\FLASH\List\ -o
#        G:\test\LPLD_OSKinetis_V3_now02\project\LPLD_OV7670\iar\FLASH\Obj\
#        --no_cse --no_unroll --no_inline --no_code_motion --no_tbaa
#        --no_clustering --no_scheduling --debug --endian=little
#        --cpu=Cortex-M4 -e --fpu=None --dlib_config
#        E:\iar\arm\INC\c\DLib_Config_Normal.h -I
#        G:\test\LPLD_OSKinetis_V3_now02\project\LPLD_OV7670\iar\..\app\ -I
#        G:\test\LPLD_OSKinetis_V3_now02\project\LPLD_OV7670\iar\..\..\..\lib\CPU\
#        -I
#        G:\test\LPLD_OSKinetis_V3_now02\project\LPLD_OV7670\iar\..\..\..\lib\common\
#        -I
#        G:\test\LPLD_OSKinetis_V3_now02\project\LPLD_OV7670\iar\..\..\..\lib\LPLD\
#        -I
#        G:\test\LPLD_OSKinetis_V3_now02\project\LPLD_OV7670\iar\..\..\..\lib\LPLD\HW\
#        -I
#        G:\test\LPLD_OSKinetis_V3_now02\project\LPLD_OV7670\iar\..\..\..\lib\LPLD\DEV\
#        -I
#        G:\test\LPLD_OSKinetis_V3_now02\project\LPLD_OV7670\iar\..\..\..\lib\uCOS-II\Ports\
#        -I
#        G:\test\LPLD_OSKinetis_V3_now02\project\LPLD_OV7670\iar\..\..\..\lib\uCOS-II\Source\
#        -I
#        G:\test\LPLD_OSKinetis_V3_now02\project\LPLD_OV7670\iar\..\..\..\lib\FatFs\
#        -I
#        G:\test\LPLD_OSKinetis_V3_now02\project\LPLD_OV7670\iar\..\..\..\lib\FatFs\option\
#        -I
#        G:\test\LPLD_OSKinetis_V3_now02\project\LPLD_OV7670\iar\..\..\..\lib\USB\common\
#        -I
#        G:\test\LPLD_OSKinetis_V3_now02\project\LPLD_OV7670\iar\..\..\..\lib\USB\driver\
#        -I
#        G:\test\LPLD_OSKinetis_V3_now02\project\LPLD_OV7670\iar\..\..\..\lib\USB\descriptor\
#        -I
#        G:\test\LPLD_OSKinetis_V3_now02\project\LPLD_OV7670\iar\..\..\..\lib\USB\class\
#        -I
#        G:\test\LPLD_OSKinetis_V3_now02\project\LPLD_OV7670\iar\..\..\..\lib\Security\
#        -I
#        G:\test\LPLD_OSKinetis_V3_now02\project\LPLD_OV7670\iar\..\..\..\lib\SQC\
#        -Ol -I E:\iar\arm\CMSIS\Include\ -D ARM_MATH_CM4
#    List file    =  
#        G:\test\LPLD_OSKinetis_V3_now02\project\LPLD_OV7670\iar\FLASH\List\SQC_OV7670.lst
#    Object file  =  
#        G:\test\LPLD_OSKinetis_V3_now02\project\LPLD_OV7670\iar\FLASH\Obj\SQC_OV7670.o
#
###############################################################################

G:\test\LPLD_OSKinetis_V3_now02\lib\SQC\SQC_OV7670.c
      1          /**
      2           * @file SQC_OV7670.c
      3           * @version 1.0[By finley]
      4           * @date 2015-04-16
      5           * @brief 摄像头模块相关函数
      6           *
      7           * 更改建议:不建议修改
      8           *
      9           * 版权所有:宿迁学院物联网实验室
     10           * http://www.sqc.edu.cn
     11           *
     12           * @par
     13           * 本代码由宿迁学院[SQC]开发并维护，并向所有使用者开放源代码。
     14           * 开发者可以随意修使用或改源代码。但本段及以上注释应予以保留。
     15           * 不得更改或删除原版权所有者姓名，二次开发者可以加注二次版权所有者。
     16           * 但应在遵守此协议的基础上，开放源代码、不得出售代码本身。
     17           * 宿迁学院不负责由于使用本代码所带来的任何事故、法律责任或相关不良影响。
     18           * 宿迁学院无义务解释、说明本代码的具体原理、功能、实现方法。
     19           * 除非宿迁学院[SQC]授权，开发者不得将本代码用于商业产品。
     20           */
     21          #include "common.h"

   \                                 In section .text, align 2, keep-with-next
   \   static __interwork __softfp void NVIC_EnableIRQ(IRQn_Type)
   \                     NVIC_EnableIRQ: (+1)
   \   00000000   0x2101             MOVS     R1,#+1
   \   00000002   0xF010 0x021F      ANDS     R2,R0,#0x1F
   \   00000006   0x4091             LSLS     R1,R1,R2
   \   00000008   0xB240             SXTB     R0,R0            ;; SignExt  R0,R0,#+24,#+24
   \   0000000A   0x0940             LSRS     R0,R0,#+5
   \   0000000C   0x.... 0x....      LDR.W    R2,??DataTable2  ;; 0xe000e100
   \   00000010   0xF842 0x1020      STR      R1,[R2, R0, LSL #+2]
   \   00000014   0x4770             BX       LR               ;; return
     22          #include "SQC_OV7670.h"
     23          #include "DEV_SCCB.h"
     24          #include "DEV_LCD.h"
     25          #include "HW_GPIO.h"
     26          

   \                                 In section .bss, align 1
     27          static uint8 Is_DispPhoto = 0;               //图像发送标志
   \                     Is_DispPhoto:
   \   00000000                      DS8 1
     28          

   \                                 In section .text, align 2, keep-with-next
     29          uint8 SQC_OV7670_Init(void)
     30          {
   \                     SQC_OV7670_Init: (+1)
   \   00000000   0xB510             PUSH     {R4,LR}
   \   00000002   0xB082             SUB      SP,SP,#+8
     31            uint16 i = 0;
   \   00000004   0x2400             MOVS     R4,#+0
     32            uint8 device_id = 0;
   \   00000006   0x2000             MOVS     R0,#+0
   \   00000008   0xF88D 0x0000      STRB     R0,[SP, #+0]
     33            
     34            LPLD_SCCB_Init();
   \   0000000C   0x.... 0x....      BL       LPLD_SCCB_Init
     35            
     36            delay();
   \   00000010   0x.... 0x....      BL       delay
     37            
     38            //复位OV7670寄存器
     39            while( 0 == LPLD_SCCB_WriteReg(0x12, 0x80 )) 
   \                     ??SQC_OV7670_Init_0: (+1)
   \   00000014   0x2180             MOVS     R1,#+128
   \   00000016   0x2012             MOVS     R0,#+18
   \   00000018   0x.... 0x....      BL       LPLD_SCCB_WriteReg
   \   0000001C   0x2800             CMP      R0,#+0
   \   0000001E   0xD106             BNE.N    ??SQC_OV7670_Init_1
     40            {
     41              i++;
   \   00000020   0x1C64             ADDS     R4,R4,#+1
     42              if(i == 500)
   \   00000022   0xB2A4             UXTH     R4,R4            ;; ZeroExt  R4,R4,#+16,#+16
   \   00000024   0xF5B4 0x7FFA      CMP      R4,#+500
   \   00000028   0xD1F4             BNE.N    ??SQC_OV7670_Init_0
     43              {
     44                return 0 ;
   \   0000002A   0x2000             MOVS     R0,#+0
   \   0000002C   0xE011             B.N      ??SQC_OV7670_Init_2
     45              }    
     46            }
     47            delay();
   \                     ??SQC_OV7670_Init_1: (+1)
   \   0000002E   0x.... 0x....      BL       delay
     48            
     49            //读取设备ID
     50            while( 0 == LPLD_SCCB_ReadReg(0x1C, &device_id, 1));	
   \                     ??SQC_OV7670_Init_3: (+1)
   \   00000032   0x2201             MOVS     R2,#+1
   \   00000034   0xA900             ADD      R1,SP,#+0
   \   00000036   0x201C             MOVS     R0,#+28
   \   00000038   0x.... 0x....      BL       LPLD_SCCB_ReadReg
   \   0000003C   0x2800             CMP      R0,#+0
   \   0000003E   0xD0F8             BEQ.N    ??SQC_OV7670_Init_3
     51            
     52            //如果为OV7670
     53            if(device_id == 0x7F)
   \   00000040   0xF89D 0x0000      LDRB     R0,[SP, #+0]
   \   00000044   0x287F             CMP      R0,#+127
   \   00000046   0xD103             BNE.N    ??SQC_OV7670_Init_4
     54            {  
     55              SQC_OV7670_Setreg();
   \   00000048   0x.... 0x....      BL       SQC_OV7670_Setreg
     56              //while( 0 == LPLD_SCCB_WriteReg(0x1E, 0x21) );
     57              // while( 0 == LPLD_SCCB_WriteReg(0x3E, 0x19) );	
     58              //while( 0 == LPLD_SCCB_WriteReg(0x73, 0x09) );	
     59              //while( 0 == LPLD_SCCB_WriteReg(0x15, 0x20) );	
     60            }
     61            else
     62            {
     63              return 0;
     64            }
     65            
     66            return 1;
   \   0000004C   0x2001             MOVS     R0,#+1
   \   0000004E   0xE000             B.N      ??SQC_OV7670_Init_2
   \                     ??SQC_OV7670_Init_4: (+1)
   \   00000050   0x2000             MOVS     R0,#+0
   \                     ??SQC_OV7670_Init_2: (+1)
   \   00000052   0xBD16             POP      {R1,R2,R4,PC}    ;; return
     67          }
     68          

   \                                 In section .text, align 2, keep-with-next
     69          void SQC_OV7670_Setreg(void)
     70          {
   \                     SQC_OV7670_Setreg: (+1)
   \   00000000   0xB580             PUSH     {R7,LR}
     71            LPLD_SCCB_WriteReg(0x3a, 0x04);
   \   00000002   0x2104             MOVS     R1,#+4
   \   00000004   0x203A             MOVS     R0,#+58
   \   00000006   0x.... 0x....      BL       LPLD_SCCB_WriteReg
     72            LPLD_SCCB_WriteReg(0x40, 0xd0);
   \   0000000A   0x21D0             MOVS     R1,#+208
   \   0000000C   0x2040             MOVS     R0,#+64
   \   0000000E   0x.... 0x....      BL       LPLD_SCCB_WriteReg
     73            LPLD_SCCB_WriteReg(0x12, 0x14);
   \   00000012   0x2114             MOVS     R1,#+20
   \   00000014   0x2012             MOVS     R0,#+18
   \   00000016   0x.... 0x....      BL       LPLD_SCCB_WriteReg
     74            LPLD_SCCB_WriteReg(0x32, 0x80);
   \   0000001A   0x2180             MOVS     R1,#+128
   \   0000001C   0x2032             MOVS     R0,#+50
   \   0000001E   0x.... 0x....      BL       LPLD_SCCB_WriteReg
     75            LPLD_SCCB_WriteReg(0x17, 0x16);
   \   00000022   0x2116             MOVS     R1,#+22
   \   00000024   0x2017             MOVS     R0,#+23
   \   00000026   0x.... 0x....      BL       LPLD_SCCB_WriteReg
     76            LPLD_SCCB_WriteReg(0x18, 0x04);
   \   0000002A   0x2104             MOVS     R1,#+4
   \   0000002C   0x2018             MOVS     R0,#+24
   \   0000002E   0x.... 0x....      BL       LPLD_SCCB_WriteReg
     77            LPLD_SCCB_WriteReg(0x19, 0x02);
   \   00000032   0x2102             MOVS     R1,#+2
   \   00000034   0x2019             MOVS     R0,#+25
   \   00000036   0x.... 0x....      BL       LPLD_SCCB_WriteReg
     78            LPLD_SCCB_WriteReg(0x1a, 0x7b);
   \   0000003A   0x217B             MOVS     R1,#+123
   \   0000003C   0x201A             MOVS     R0,#+26
   \   0000003E   0x.... 0x....      BL       LPLD_SCCB_WriteReg
     79            LPLD_SCCB_WriteReg(0x03, 0x06);
   \   00000042   0x2106             MOVS     R1,#+6
   \   00000044   0x2003             MOVS     R0,#+3
   \   00000046   0x.... 0x....      BL       LPLD_SCCB_WriteReg
     80            LPLD_SCCB_WriteReg(0x0c, 0x04);
   \   0000004A   0x2104             MOVS     R1,#+4
   \   0000004C   0x200C             MOVS     R0,#+12
   \   0000004E   0x.... 0x....      BL       LPLD_SCCB_WriteReg
     81            LPLD_SCCB_WriteReg(0x3e, 0x00);
   \   00000052   0x2100             MOVS     R1,#+0
   \   00000054   0x203E             MOVS     R0,#+62
   \   00000056   0x.... 0x....      BL       LPLD_SCCB_WriteReg
     82            LPLD_SCCB_WriteReg(0x70, 0x3a);
   \   0000005A   0x213A             MOVS     R1,#+58
   \   0000005C   0x2070             MOVS     R0,#+112
   \   0000005E   0x.... 0x....      BL       LPLD_SCCB_WriteReg
     83            LPLD_SCCB_WriteReg(0x71, 0x35);
   \   00000062   0x2135             MOVS     R1,#+53
   \   00000064   0x2071             MOVS     R0,#+113
   \   00000066   0x.... 0x....      BL       LPLD_SCCB_WriteReg
     84            LPLD_SCCB_WriteReg(0x72, 0x11);
   \   0000006A   0x2111             MOVS     R1,#+17
   \   0000006C   0x2072             MOVS     R0,#+114
   \   0000006E   0x.... 0x....      BL       LPLD_SCCB_WriteReg
     85            LPLD_SCCB_WriteReg(0x73, 0x00);
   \   00000072   0x2100             MOVS     R1,#+0
   \   00000074   0x2073             MOVS     R0,#+115
   \   00000076   0x.... 0x....      BL       LPLD_SCCB_WriteReg
     86            LPLD_SCCB_WriteReg(0xa2, 0x02);
   \   0000007A   0x2102             MOVS     R1,#+2
   \   0000007C   0x20A2             MOVS     R0,#+162
   \   0000007E   0x.... 0x....      BL       LPLD_SCCB_WriteReg
     87            LPLD_SCCB_WriteReg(0x11, 0x81);
   \   00000082   0x2181             MOVS     R1,#+129
   \   00000084   0x2011             MOVS     R0,#+17
   \   00000086   0x.... 0x....      BL       LPLD_SCCB_WriteReg
     88            
     89            LPLD_SCCB_WriteReg(0x7a, 0x20);
   \   0000008A   0x2120             MOVS     R1,#+32
   \   0000008C   0x207A             MOVS     R0,#+122
   \   0000008E   0x.... 0x....      BL       LPLD_SCCB_WriteReg
     90            LPLD_SCCB_WriteReg(0x7b, 0x1c);
   \   00000092   0x211C             MOVS     R1,#+28
   \   00000094   0x207B             MOVS     R0,#+123
   \   00000096   0x.... 0x....      BL       LPLD_SCCB_WriteReg
     91            LPLD_SCCB_WriteReg(0x7c, 0x28);
   \   0000009A   0x2128             MOVS     R1,#+40
   \   0000009C   0x207C             MOVS     R0,#+124
   \   0000009E   0x.... 0x....      BL       LPLD_SCCB_WriteReg
     92            LPLD_SCCB_WriteReg(0x7d, 0x3c);
   \   000000A2   0x213C             MOVS     R1,#+60
   \   000000A4   0x207D             MOVS     R0,#+125
   \   000000A6   0x.... 0x....      BL       LPLD_SCCB_WriteReg
     93            LPLD_SCCB_WriteReg(0x7e, 0x55);
   \   000000AA   0x2155             MOVS     R1,#+85
   \   000000AC   0x207E             MOVS     R0,#+126
   \   000000AE   0x.... 0x....      BL       LPLD_SCCB_WriteReg
     94            LPLD_SCCB_WriteReg(0x7f, 0x68);
   \   000000B2   0x2168             MOVS     R1,#+104
   \   000000B4   0x207F             MOVS     R0,#+127
   \   000000B6   0x.... 0x....      BL       LPLD_SCCB_WriteReg
     95            LPLD_SCCB_WriteReg(0x80, 0x76);
   \   000000BA   0x2176             MOVS     R1,#+118
   \   000000BC   0x2080             MOVS     R0,#+128
   \   000000BE   0x.... 0x....      BL       LPLD_SCCB_WriteReg
     96            LPLD_SCCB_WriteReg(0x81, 0x80);
   \   000000C2   0x2180             MOVS     R1,#+128
   \   000000C4   0x2081             MOVS     R0,#+129
   \   000000C6   0x.... 0x....      BL       LPLD_SCCB_WriteReg
     97            LPLD_SCCB_WriteReg(0x82, 0x88);
   \   000000CA   0x2188             MOVS     R1,#+136
   \   000000CC   0x2082             MOVS     R0,#+130
   \   000000CE   0x.... 0x....      BL       LPLD_SCCB_WriteReg
     98            LPLD_SCCB_WriteReg(0x83, 0x8f);
   \   000000D2   0x218F             MOVS     R1,#+143
   \   000000D4   0x2083             MOVS     R0,#+131
   \   000000D6   0x.... 0x....      BL       LPLD_SCCB_WriteReg
     99            LPLD_SCCB_WriteReg(0x84, 0x96);
   \   000000DA   0x2196             MOVS     R1,#+150
   \   000000DC   0x2084             MOVS     R0,#+132
   \   000000DE   0x.... 0x....      BL       LPLD_SCCB_WriteReg
    100            LPLD_SCCB_WriteReg(0x85, 0xa3);
   \   000000E2   0x21A3             MOVS     R1,#+163
   \   000000E4   0x2085             MOVS     R0,#+133
   \   000000E6   0x.... 0x....      BL       LPLD_SCCB_WriteReg
    101            LPLD_SCCB_WriteReg(0x86, 0xaf);
   \   000000EA   0x21AF             MOVS     R1,#+175
   \   000000EC   0x2086             MOVS     R0,#+134
   \   000000EE   0x.... 0x....      BL       LPLD_SCCB_WriteReg
    102            LPLD_SCCB_WriteReg(0x87, 0xc4);
   \   000000F2   0x21C4             MOVS     R1,#+196
   \   000000F4   0x2087             MOVS     R0,#+135
   \   000000F6   0x.... 0x....      BL       LPLD_SCCB_WriteReg
    103            LPLD_SCCB_WriteReg(0x88, 0xd7);
   \   000000FA   0x21D7             MOVS     R1,#+215
   \   000000FC   0x2088             MOVS     R0,#+136
   \   000000FE   0x.... 0x....      BL       LPLD_SCCB_WriteReg
    104            LPLD_SCCB_WriteReg(0x89, 0xe8);
   \   00000102   0x21E8             MOVS     R1,#+232
   \   00000104   0x2089             MOVS     R0,#+137
   \   00000106   0x.... 0x....      BL       LPLD_SCCB_WriteReg
    105            
    106            LPLD_SCCB_WriteReg(0x13, 0xe0);
   \   0000010A   0x21E0             MOVS     R1,#+224
   \   0000010C   0x2013             MOVS     R0,#+19
   \   0000010E   0x.... 0x....      BL       LPLD_SCCB_WriteReg
    107            LPLD_SCCB_WriteReg(0x00, 0x00);
   \   00000112   0x2100             MOVS     R1,#+0
   \   00000114   0x2000             MOVS     R0,#+0
   \   00000116   0x.... 0x....      BL       LPLD_SCCB_WriteReg
    108            
    109            LPLD_SCCB_WriteReg(0x10, 0x00);
   \   0000011A   0x2100             MOVS     R1,#+0
   \   0000011C   0x2010             MOVS     R0,#+16
   \   0000011E   0x.... 0x....      BL       LPLD_SCCB_WriteReg
    110            LPLD_SCCB_WriteReg(0x0d, 0x00);
   \   00000122   0x2100             MOVS     R1,#+0
   \   00000124   0x200D             MOVS     R0,#+13
   \   00000126   0x.... 0x....      BL       LPLD_SCCB_WriteReg
    111            LPLD_SCCB_WriteReg(0x14, 0x28);
   \   0000012A   0x2128             MOVS     R1,#+40
   \   0000012C   0x2014             MOVS     R0,#+20
   \   0000012E   0x.... 0x....      BL       LPLD_SCCB_WriteReg
    112            LPLD_SCCB_WriteReg(0xa5, 0x05);
   \   00000132   0x2105             MOVS     R1,#+5
   \   00000134   0x20A5             MOVS     R0,#+165
   \   00000136   0x.... 0x....      BL       LPLD_SCCB_WriteReg
    113            LPLD_SCCB_WriteReg(0xab, 0x07);
   \   0000013A   0x2107             MOVS     R1,#+7
   \   0000013C   0x20AB             MOVS     R0,#+171
   \   0000013E   0x.... 0x....      BL       LPLD_SCCB_WriteReg
    114            LPLD_SCCB_WriteReg(0x24, 0x75);
   \   00000142   0x2175             MOVS     R1,#+117
   \   00000144   0x2024             MOVS     R0,#+36
   \   00000146   0x.... 0x....      BL       LPLD_SCCB_WriteReg
    115            LPLD_SCCB_WriteReg(0x25, 0x63);
   \   0000014A   0x2163             MOVS     R1,#+99
   \   0000014C   0x2025             MOVS     R0,#+37
   \   0000014E   0x.... 0x....      BL       LPLD_SCCB_WriteReg
    116            LPLD_SCCB_WriteReg(0x26, 0xA5);
   \   00000152   0x21A5             MOVS     R1,#+165
   \   00000154   0x2026             MOVS     R0,#+38
   \   00000156   0x.... 0x....      BL       LPLD_SCCB_WriteReg
    117            LPLD_SCCB_WriteReg(0x9f, 0x78);
   \   0000015A   0x2178             MOVS     R1,#+120
   \   0000015C   0x209F             MOVS     R0,#+159
   \   0000015E   0x.... 0x....      BL       LPLD_SCCB_WriteReg
    118            LPLD_SCCB_WriteReg(0xa0, 0x68);
   \   00000162   0x2168             MOVS     R1,#+104
   \   00000164   0x20A0             MOVS     R0,#+160
   \   00000166   0x.... 0x....      BL       LPLD_SCCB_WriteReg
    119            LPLD_SCCB_WriteReg(0xa1, 0x03);
   \   0000016A   0x2103             MOVS     R1,#+3
   \   0000016C   0x20A1             MOVS     R0,#+161
   \   0000016E   0x.... 0x....      BL       LPLD_SCCB_WriteReg
    120            LPLD_SCCB_WriteReg(0xa6, 0xdf);
   \   00000172   0x21DF             MOVS     R1,#+223
   \   00000174   0x20A6             MOVS     R0,#+166
   \   00000176   0x.... 0x....      BL       LPLD_SCCB_WriteReg
    121            LPLD_SCCB_WriteReg(0xa7, 0xdf);
   \   0000017A   0x21DF             MOVS     R1,#+223
   \   0000017C   0x20A7             MOVS     R0,#+167
   \   0000017E   0x.... 0x....      BL       LPLD_SCCB_WriteReg
    122            LPLD_SCCB_WriteReg(0xa8, 0xf0);
   \   00000182   0x21F0             MOVS     R1,#+240
   \   00000184   0x20A8             MOVS     R0,#+168
   \   00000186   0x.... 0x....      BL       LPLD_SCCB_WriteReg
    123            LPLD_SCCB_WriteReg(0xa9, 0x90);
   \   0000018A   0x2190             MOVS     R1,#+144
   \   0000018C   0x20A9             MOVS     R0,#+169
   \   0000018E   0x.... 0x....      BL       LPLD_SCCB_WriteReg
    124            LPLD_SCCB_WriteReg(0xaa, 0x94);
   \   00000192   0x2194             MOVS     R1,#+148
   \   00000194   0x20AA             MOVS     R0,#+170
   \   00000196   0x.... 0x....      BL       LPLD_SCCB_WriteReg
    125            LPLD_SCCB_WriteReg(0x13, 0xe5);
   \   0000019A   0x21E5             MOVS     R1,#+229
   \   0000019C   0x2013             MOVS     R0,#+19
   \   0000019E   0x.... 0x....      BL       LPLD_SCCB_WriteReg
    126            
    127            LPLD_SCCB_WriteReg(0x0e, 0x61);
   \   000001A2   0x2161             MOVS     R1,#+97
   \   000001A4   0x200E             MOVS     R0,#+14
   \   000001A6   0x.... 0x....      BL       LPLD_SCCB_WriteReg
    128            LPLD_SCCB_WriteReg(0x0f, 0x4b);
   \   000001AA   0x214B             MOVS     R1,#+75
   \   000001AC   0x200F             MOVS     R0,#+15
   \   000001AE   0x.... 0x....      BL       LPLD_SCCB_WriteReg
    129            LPLD_SCCB_WriteReg(0x16, 0x02);
   \   000001B2   0x2102             MOVS     R1,#+2
   \   000001B4   0x2016             MOVS     R0,#+22
   \   000001B6   0x.... 0x....      BL       LPLD_SCCB_WriteReg
    130            LPLD_SCCB_WriteReg(0x1e, 0x07);
   \   000001BA   0x2107             MOVS     R1,#+7
   \   000001BC   0x201E             MOVS     R0,#+30
   \   000001BE   0x.... 0x....      BL       LPLD_SCCB_WriteReg
    131            LPLD_SCCB_WriteReg(0x21, 0x02);
   \   000001C2   0x2102             MOVS     R1,#+2
   \   000001C4   0x2021             MOVS     R0,#+33
   \   000001C6   0x.... 0x....      BL       LPLD_SCCB_WriteReg
    132            LPLD_SCCB_WriteReg(0x22, 0x91);
   \   000001CA   0x2191             MOVS     R1,#+145
   \   000001CC   0x2022             MOVS     R0,#+34
   \   000001CE   0x.... 0x....      BL       LPLD_SCCB_WriteReg
    133            LPLD_SCCB_WriteReg(0x29, 0x07);
   \   000001D2   0x2107             MOVS     R1,#+7
   \   000001D4   0x2029             MOVS     R0,#+41
   \   000001D6   0x.... 0x....      BL       LPLD_SCCB_WriteReg
    134            LPLD_SCCB_WriteReg(0x33, 0x0b);
   \   000001DA   0x210B             MOVS     R1,#+11
   \   000001DC   0x2033             MOVS     R0,#+51
   \   000001DE   0x.... 0x....      BL       LPLD_SCCB_WriteReg
    135            LPLD_SCCB_WriteReg(0x35, 0x0b);
   \   000001E2   0x210B             MOVS     R1,#+11
   \   000001E4   0x2035             MOVS     R0,#+53
   \   000001E6   0x.... 0x....      BL       LPLD_SCCB_WriteReg
    136            LPLD_SCCB_WriteReg(0x37, 0x1d);
   \   000001EA   0x211D             MOVS     R1,#+29
   \   000001EC   0x2037             MOVS     R0,#+55
   \   000001EE   0x.... 0x....      BL       LPLD_SCCB_WriteReg
    137            LPLD_SCCB_WriteReg(0x38, 0x71);
   \   000001F2   0x2171             MOVS     R1,#+113
   \   000001F4   0x2038             MOVS     R0,#+56
   \   000001F6   0x.... 0x....      BL       LPLD_SCCB_WriteReg
    138            LPLD_SCCB_WriteReg(0x39, 0x2a);
   \   000001FA   0x212A             MOVS     R1,#+42
   \   000001FC   0x2039             MOVS     R0,#+57
   \   000001FE   0x.... 0x....      BL       LPLD_SCCB_WriteReg
    139            LPLD_SCCB_WriteReg(0x3c, 0x78);
   \   00000202   0x2178             MOVS     R1,#+120
   \   00000204   0x203C             MOVS     R0,#+60
   \   00000206   0x.... 0x....      BL       LPLD_SCCB_WriteReg
    140            LPLD_SCCB_WriteReg(0x4d, 0x40);
   \   0000020A   0x2140             MOVS     R1,#+64
   \   0000020C   0x204D             MOVS     R0,#+77
   \   0000020E   0x.... 0x....      BL       LPLD_SCCB_WriteReg
    141            LPLD_SCCB_WriteReg(0x4e, 0x20);
   \   00000212   0x2120             MOVS     R1,#+32
   \   00000214   0x204E             MOVS     R0,#+78
   \   00000216   0x.... 0x....      BL       LPLD_SCCB_WriteReg
    142            LPLD_SCCB_WriteReg(0x69, 0x00);
   \   0000021A   0x2100             MOVS     R1,#+0
   \   0000021C   0x2069             MOVS     R0,#+105
   \   0000021E   0x.... 0x....      BL       LPLD_SCCB_WriteReg
    143            LPLD_SCCB_WriteReg(0x6b, 0x60);
   \   00000222   0x2160             MOVS     R1,#+96
   \   00000224   0x206B             MOVS     R0,#+107
   \   00000226   0x.... 0x....      BL       LPLD_SCCB_WriteReg
    144            LPLD_SCCB_WriteReg(0x74, 0x19);
   \   0000022A   0x2119             MOVS     R1,#+25
   \   0000022C   0x2074             MOVS     R0,#+116
   \   0000022E   0x.... 0x....      BL       LPLD_SCCB_WriteReg
    145            LPLD_SCCB_WriteReg(0x8d, 0x4f);
   \   00000232   0x214F             MOVS     R1,#+79
   \   00000234   0x208D             MOVS     R0,#+141
   \   00000236   0x.... 0x....      BL       LPLD_SCCB_WriteReg
    146            LPLD_SCCB_WriteReg(0x8e, 0x00);
   \   0000023A   0x2100             MOVS     R1,#+0
   \   0000023C   0x208E             MOVS     R0,#+142
   \   0000023E   0x.... 0x....      BL       LPLD_SCCB_WriteReg
    147            LPLD_SCCB_WriteReg(0x8f, 0x00);
   \   00000242   0x2100             MOVS     R1,#+0
   \   00000244   0x208F             MOVS     R0,#+143
   \   00000246   0x.... 0x....      BL       LPLD_SCCB_WriteReg
    148            LPLD_SCCB_WriteReg(0x90, 0x00);
   \   0000024A   0x2100             MOVS     R1,#+0
   \   0000024C   0x2090             MOVS     R0,#+144
   \   0000024E   0x.... 0x....      BL       LPLD_SCCB_WriteReg
    149            LPLD_SCCB_WriteReg(0x91, 0x00);
   \   00000252   0x2100             MOVS     R1,#+0
   \   00000254   0x2091             MOVS     R0,#+145
   \   00000256   0x.... 0x....      BL       LPLD_SCCB_WriteReg
    150            LPLD_SCCB_WriteReg(0x92, 0x00);
   \   0000025A   0x2100             MOVS     R1,#+0
   \   0000025C   0x2092             MOVS     R0,#+146
   \   0000025E   0x.... 0x....      BL       LPLD_SCCB_WriteReg
    151            LPLD_SCCB_WriteReg(0x96, 0x00);
   \   00000262   0x2100             MOVS     R1,#+0
   \   00000264   0x2096             MOVS     R0,#+150
   \   00000266   0x.... 0x....      BL       LPLD_SCCB_WriteReg
    152            LPLD_SCCB_WriteReg(0x9a, 0x80);
   \   0000026A   0x2180             MOVS     R1,#+128
   \   0000026C   0x209A             MOVS     R0,#+154
   \   0000026E   0x.... 0x....      BL       LPLD_SCCB_WriteReg
    153            LPLD_SCCB_WriteReg(0xb0, 0x84);
   \   00000272   0x2184             MOVS     R1,#+132
   \   00000274   0x20B0             MOVS     R0,#+176
   \   00000276   0x.... 0x....      BL       LPLD_SCCB_WriteReg
    154            LPLD_SCCB_WriteReg(0xb1, 0x0c);
   \   0000027A   0x210C             MOVS     R1,#+12
   \   0000027C   0x20B1             MOVS     R0,#+177
   \   0000027E   0x.... 0x....      BL       LPLD_SCCB_WriteReg
    155            LPLD_SCCB_WriteReg(0xb2, 0x0e);
   \   00000282   0x210E             MOVS     R1,#+14
   \   00000284   0x20B2             MOVS     R0,#+178
   \   00000286   0x.... 0x....      BL       LPLD_SCCB_WriteReg
    156            LPLD_SCCB_WriteReg(0xb3, 0x82);
   \   0000028A   0x2182             MOVS     R1,#+130
   \   0000028C   0x20B3             MOVS     R0,#+179
   \   0000028E   0x.... 0x....      BL       LPLD_SCCB_WriteReg
    157            LPLD_SCCB_WriteReg(0xb8, 0x0a);
   \   00000292   0x210A             MOVS     R1,#+10
   \   00000294   0x20B8             MOVS     R0,#+184
   \   00000296   0x.... 0x....      BL       LPLD_SCCB_WriteReg
    158            
    159            
    160            
    161            LPLD_SCCB_WriteReg(0x43, 0x14);
   \   0000029A   0x2114             MOVS     R1,#+20
   \   0000029C   0x2043             MOVS     R0,#+67
   \   0000029E   0x.... 0x....      BL       LPLD_SCCB_WriteReg
    162            LPLD_SCCB_WriteReg(0x44, 0xf0);
   \   000002A2   0x21F0             MOVS     R1,#+240
   \   000002A4   0x2044             MOVS     R0,#+68
   \   000002A6   0x.... 0x....      BL       LPLD_SCCB_WriteReg
    163            LPLD_SCCB_WriteReg(0x45, 0x34);
   \   000002AA   0x2134             MOVS     R1,#+52
   \   000002AC   0x2045             MOVS     R0,#+69
   \   000002AE   0x.... 0x....      BL       LPLD_SCCB_WriteReg
    164            LPLD_SCCB_WriteReg(0x46, 0x58);
   \   000002B2   0x2158             MOVS     R1,#+88
   \   000002B4   0x2046             MOVS     R0,#+70
   \   000002B6   0x.... 0x....      BL       LPLD_SCCB_WriteReg
    165            LPLD_SCCB_WriteReg(0x47, 0x28);
   \   000002BA   0x2128             MOVS     R1,#+40
   \   000002BC   0x2047             MOVS     R0,#+71
   \   000002BE   0x.... 0x....      BL       LPLD_SCCB_WriteReg
    166            LPLD_SCCB_WriteReg(0x48, 0x3a);
   \   000002C2   0x213A             MOVS     R1,#+58
   \   000002C4   0x2048             MOVS     R0,#+72
   \   000002C6   0x.... 0x....      BL       LPLD_SCCB_WriteReg
    167            LPLD_SCCB_WriteReg(0x59, 0x88);
   \   000002CA   0x2188             MOVS     R1,#+136
   \   000002CC   0x2059             MOVS     R0,#+89
   \   000002CE   0x.... 0x....      BL       LPLD_SCCB_WriteReg
    168            LPLD_SCCB_WriteReg(0x5a, 0x88);
   \   000002D2   0x2188             MOVS     R1,#+136
   \   000002D4   0x205A             MOVS     R0,#+90
   \   000002D6   0x.... 0x....      BL       LPLD_SCCB_WriteReg
    169            LPLD_SCCB_WriteReg(0x5b, 0x44);
   \   000002DA   0x2144             MOVS     R1,#+68
   \   000002DC   0x205B             MOVS     R0,#+91
   \   000002DE   0x.... 0x....      BL       LPLD_SCCB_WriteReg
    170            LPLD_SCCB_WriteReg(0x5c, 0x67);
   \   000002E2   0x2167             MOVS     R1,#+103
   \   000002E4   0x205C             MOVS     R0,#+92
   \   000002E6   0x.... 0x....      BL       LPLD_SCCB_WriteReg
    171            LPLD_SCCB_WriteReg(0x5d, 0x49);
   \   000002EA   0x2149             MOVS     R1,#+73
   \   000002EC   0x205D             MOVS     R0,#+93
   \   000002EE   0x.... 0x....      BL       LPLD_SCCB_WriteReg
    172            LPLD_SCCB_WriteReg(0x5e, 0x0e);
   \   000002F2   0x210E             MOVS     R1,#+14
   \   000002F4   0x205E             MOVS     R0,#+94
   \   000002F6   0x.... 0x....      BL       LPLD_SCCB_WriteReg
    173            LPLD_SCCB_WriteReg(0x64, 0x04);
   \   000002FA   0x2104             MOVS     R1,#+4
   \   000002FC   0x2064             MOVS     R0,#+100
   \   000002FE   0x.... 0x....      BL       LPLD_SCCB_WriteReg
    174            LPLD_SCCB_WriteReg(0x65, 0x20);
   \   00000302   0x2120             MOVS     R1,#+32
   \   00000304   0x2065             MOVS     R0,#+101
   \   00000306   0x.... 0x....      BL       LPLD_SCCB_WriteReg
    175            LPLD_SCCB_WriteReg(0x66, 0x05);
   \   0000030A   0x2105             MOVS     R1,#+5
   \   0000030C   0x2066             MOVS     R0,#+102
   \   0000030E   0x.... 0x....      BL       LPLD_SCCB_WriteReg
    176            LPLD_SCCB_WriteReg(0x94, 0x04);
   \   00000312   0x2104             MOVS     R1,#+4
   \   00000314   0x2094             MOVS     R0,#+148
   \   00000316   0x.... 0x....      BL       LPLD_SCCB_WriteReg
    177            LPLD_SCCB_WriteReg(0x95, 0x08);
   \   0000031A   0x2108             MOVS     R1,#+8
   \   0000031C   0x2095             MOVS     R0,#+149
   \   0000031E   0x.... 0x....      BL       LPLD_SCCB_WriteReg
    178            LPLD_SCCB_WriteReg(0x6c, 0x0a);
   \   00000322   0x210A             MOVS     R1,#+10
   \   00000324   0x206C             MOVS     R0,#+108
   \   00000326   0x.... 0x....      BL       LPLD_SCCB_WriteReg
    179            LPLD_SCCB_WriteReg(0x6d, 0x55);
   \   0000032A   0x2155             MOVS     R1,#+85
   \   0000032C   0x206D             MOVS     R0,#+109
   \   0000032E   0x.... 0x....      BL       LPLD_SCCB_WriteReg
    180            LPLD_SCCB_WriteReg(0x6e, 0x11);
   \   00000332   0x2111             MOVS     R1,#+17
   \   00000334   0x206E             MOVS     R0,#+110
   \   00000336   0x.... 0x....      BL       LPLD_SCCB_WriteReg
    181            LPLD_SCCB_WriteReg(0x6f, 0x9f);
   \   0000033A   0x219F             MOVS     R1,#+159
   \   0000033C   0x206F             MOVS     R0,#+111
   \   0000033E   0x.... 0x....      BL       LPLD_SCCB_WriteReg
    182            LPLD_SCCB_WriteReg(0x6a, 0x40);
   \   00000342   0x2140             MOVS     R1,#+64
   \   00000344   0x206A             MOVS     R0,#+106
   \   00000346   0x.... 0x....      BL       LPLD_SCCB_WriteReg
    183            LPLD_SCCB_WriteReg(0x01, 0x40);
   \   0000034A   0x2140             MOVS     R1,#+64
   \   0000034C   0x2001             MOVS     R0,#+1
   \   0000034E   0x.... 0x....      BL       LPLD_SCCB_WriteReg
    184            LPLD_SCCB_WriteReg(0x02, 0x40);
   \   00000352   0x2140             MOVS     R1,#+64
   \   00000354   0x2002             MOVS     R0,#+2
   \   00000356   0x.... 0x....      BL       LPLD_SCCB_WriteReg
    185            LPLD_SCCB_WriteReg(0x13, 0xe7);
   \   0000035A   0x21E7             MOVS     R1,#+231
   \   0000035C   0x2013             MOVS     R0,#+19
   \   0000035E   0x.... 0x....      BL       LPLD_SCCB_WriteReg
    186            LPLD_SCCB_WriteReg(0x15, 0x00);  
   \   00000362   0x2100             MOVS     R1,#+0
   \   00000364   0x2015             MOVS     R0,#+21
   \   00000366   0x.... 0x....      BL       LPLD_SCCB_WriteReg
    187            
    188            
    189            LPLD_SCCB_WriteReg(0x4f, 0x80);
   \   0000036A   0x2180             MOVS     R1,#+128
   \   0000036C   0x204F             MOVS     R0,#+79
   \   0000036E   0x.... 0x....      BL       LPLD_SCCB_WriteReg
    190            LPLD_SCCB_WriteReg(0x50, 0x80);
   \   00000372   0x2180             MOVS     R1,#+128
   \   00000374   0x2050             MOVS     R0,#+80
   \   00000376   0x.... 0x....      BL       LPLD_SCCB_WriteReg
    191            LPLD_SCCB_WriteReg(0x51, 0x00);
   \   0000037A   0x2100             MOVS     R1,#+0
   \   0000037C   0x2051             MOVS     R0,#+81
   \   0000037E   0x.... 0x....      BL       LPLD_SCCB_WriteReg
    192            LPLD_SCCB_WriteReg(0x52, 0x22);
   \   00000382   0x2122             MOVS     R1,#+34
   \   00000384   0x2052             MOVS     R0,#+82
   \   00000386   0x.... 0x....      BL       LPLD_SCCB_WriteReg
    193            LPLD_SCCB_WriteReg(0x53, 0x5e);
   \   0000038A   0x215E             MOVS     R1,#+94
   \   0000038C   0x2053             MOVS     R0,#+83
   \   0000038E   0x.... 0x....      BL       LPLD_SCCB_WriteReg
    194            LPLD_SCCB_WriteReg(0x54, 0x80);
   \   00000392   0x2180             MOVS     R1,#+128
   \   00000394   0x2054             MOVS     R0,#+84
   \   00000396   0x.... 0x....      BL       LPLD_SCCB_WriteReg
    195            LPLD_SCCB_WriteReg(0x58, 0x9e);
   \   0000039A   0x219E             MOVS     R1,#+158
   \   0000039C   0x2058             MOVS     R0,#+88
   \   0000039E   0x.... 0x....      BL       LPLD_SCCB_WriteReg
    196            
    197            LPLD_SCCB_WriteReg(0x41, 0x08);
   \   000003A2   0x2108             MOVS     R1,#+8
   \   000003A4   0x2041             MOVS     R0,#+65
   \   000003A6   0x.... 0x....      BL       LPLD_SCCB_WriteReg
    198            LPLD_SCCB_WriteReg(0x3f, 0x00);
   \   000003AA   0x2100             MOVS     R1,#+0
   \   000003AC   0x203F             MOVS     R0,#+63
   \   000003AE   0x.... 0x....      BL       LPLD_SCCB_WriteReg
    199            LPLD_SCCB_WriteReg(0x75, 0x05);
   \   000003B2   0x2105             MOVS     R1,#+5
   \   000003B4   0x2075             MOVS     R0,#+117
   \   000003B6   0x.... 0x....      BL       LPLD_SCCB_WriteReg
    200            LPLD_SCCB_WriteReg(0x76, 0xe1);
   \   000003BA   0x21E1             MOVS     R1,#+225
   \   000003BC   0x2076             MOVS     R0,#+118
   \   000003BE   0x.... 0x....      BL       LPLD_SCCB_WriteReg
    201            LPLD_SCCB_WriteReg(0x4c, 0x00);
   \   000003C2   0x2100             MOVS     R1,#+0
   \   000003C4   0x204C             MOVS     R0,#+76
   \   000003C6   0x.... 0x....      BL       LPLD_SCCB_WriteReg
    202            LPLD_SCCB_WriteReg(0x77, 0x01);
   \   000003CA   0x2101             MOVS     R1,#+1
   \   000003CC   0x2077             MOVS     R0,#+119
   \   000003CE   0x.... 0x....      BL       LPLD_SCCB_WriteReg
    203            LPLD_SCCB_WriteReg(0x3d, 0xc2);	
   \   000003D2   0x21C2             MOVS     R1,#+194
   \   000003D4   0x203D             MOVS     R0,#+61
   \   000003D6   0x.... 0x....      BL       LPLD_SCCB_WriteReg
    204            LPLD_SCCB_WriteReg(0x4b, 0x09);
   \   000003DA   0x2109             MOVS     R1,#+9
   \   000003DC   0x204B             MOVS     R0,#+75
   \   000003DE   0x.... 0x....      BL       LPLD_SCCB_WriteReg
    205            LPLD_SCCB_WriteReg(0xc9, 0x60);
   \   000003E2   0x2160             MOVS     R1,#+96
   \   000003E4   0x20C9             MOVS     R0,#+201
   \   000003E6   0x.... 0x....      BL       LPLD_SCCB_WriteReg
    206            LPLD_SCCB_WriteReg(0x41, 0x38);
   \   000003EA   0x2138             MOVS     R1,#+56
   \   000003EC   0x2041             MOVS     R0,#+65
   \   000003EE   0x.... 0x....      BL       LPLD_SCCB_WriteReg
    207            LPLD_SCCB_WriteReg(0x56, 0x40);
   \   000003F2   0x2140             MOVS     R1,#+64
   \   000003F4   0x2056             MOVS     R0,#+86
   \   000003F6   0x.... 0x....      BL       LPLD_SCCB_WriteReg
    208            
    209            LPLD_SCCB_WriteReg(0x34, 0x11);
   \   000003FA   0x2111             MOVS     R1,#+17
   \   000003FC   0x2034             MOVS     R0,#+52
   \   000003FE   0x.... 0x....      BL       LPLD_SCCB_WriteReg
    210            LPLD_SCCB_WriteReg(0x3b, 0x02); 
   \   00000402   0x2102             MOVS     R1,#+2
   \   00000404   0x203B             MOVS     R0,#+59
   \   00000406   0x.... 0x....      BL       LPLD_SCCB_WriteReg
    211            
    212            LPLD_SCCB_WriteReg(0xa4, 0x89);
   \   0000040A   0x2189             MOVS     R1,#+137
   \   0000040C   0x20A4             MOVS     R0,#+164
   \   0000040E   0x.... 0x....      BL       LPLD_SCCB_WriteReg
    213            LPLD_SCCB_WriteReg(0x96, 0x00);
   \   00000412   0x2100             MOVS     R1,#+0
   \   00000414   0x2096             MOVS     R0,#+150
   \   00000416   0x.... 0x....      BL       LPLD_SCCB_WriteReg
    214            LPLD_SCCB_WriteReg(0x97, 0x30);
   \   0000041A   0x2130             MOVS     R1,#+48
   \   0000041C   0x2097             MOVS     R0,#+151
   \   0000041E   0x.... 0x....      BL       LPLD_SCCB_WriteReg
    215            LPLD_SCCB_WriteReg(0x98, 0x20);
   \   00000422   0x2120             MOVS     R1,#+32
   \   00000424   0x2098             MOVS     R0,#+152
   \   00000426   0x.... 0x....      BL       LPLD_SCCB_WriteReg
    216            LPLD_SCCB_WriteReg(0x99, 0x30);
   \   0000042A   0x2130             MOVS     R1,#+48
   \   0000042C   0x2099             MOVS     R0,#+153
   \   0000042E   0x.... 0x....      BL       LPLD_SCCB_WriteReg
    217            LPLD_SCCB_WriteReg(0x9a, 0x84);
   \   00000432   0x2184             MOVS     R1,#+132
   \   00000434   0x209A             MOVS     R0,#+154
   \   00000436   0x.... 0x....      BL       LPLD_SCCB_WriteReg
    218            LPLD_SCCB_WriteReg(0x9b, 0x29);
   \   0000043A   0x2129             MOVS     R1,#+41
   \   0000043C   0x209B             MOVS     R0,#+155
   \   0000043E   0x.... 0x....      BL       LPLD_SCCB_WriteReg
    219            LPLD_SCCB_WriteReg(0x9c, 0x03);
   \   00000442   0x2103             MOVS     R1,#+3
   \   00000444   0x209C             MOVS     R0,#+156
   \   00000446   0x.... 0x....      BL       LPLD_SCCB_WriteReg
    220            LPLD_SCCB_WriteReg(0x9d, 0x4c);
   \   0000044A   0x214C             MOVS     R1,#+76
   \   0000044C   0x209D             MOVS     R0,#+157
   \   0000044E   0x.... 0x....      BL       LPLD_SCCB_WriteReg
    221            LPLD_SCCB_WriteReg(0x9e, 0x3f);
   \   00000452   0x213F             MOVS     R1,#+63
   \   00000454   0x209E             MOVS     R0,#+158
   \   00000456   0x.... 0x....      BL       LPLD_SCCB_WriteReg
    222            LPLD_SCCB_WriteReg(0x78, 0x04);
   \   0000045A   0x2104             MOVS     R1,#+4
   \   0000045C   0x2078             MOVS     R0,#+120
   \   0000045E   0x.... 0x....      BL       LPLD_SCCB_WriteReg
    223            
    224            LPLD_SCCB_WriteReg(0x79, 0x01);
   \   00000462   0x2101             MOVS     R1,#+1
   \   00000464   0x2079             MOVS     R0,#+121
   \   00000466   0x.... 0x....      BL       LPLD_SCCB_WriteReg
    225            LPLD_SCCB_WriteReg(0xc8, 0xf0);
   \   0000046A   0x21F0             MOVS     R1,#+240
   \   0000046C   0x20C8             MOVS     R0,#+200
   \   0000046E   0x.... 0x....      BL       LPLD_SCCB_WriteReg
    226            LPLD_SCCB_WriteReg(0x79, 0x0f);
   \   00000472   0x210F             MOVS     R1,#+15
   \   00000474   0x2079             MOVS     R0,#+121
   \   00000476   0x.... 0x....      BL       LPLD_SCCB_WriteReg
    227            LPLD_SCCB_WriteReg(0xc8, 0x00);
   \   0000047A   0x2100             MOVS     R1,#+0
   \   0000047C   0x20C8             MOVS     R0,#+200
   \   0000047E   0x.... 0x....      BL       LPLD_SCCB_WriteReg
    228            LPLD_SCCB_WriteReg(0x79, 0x10);
   \   00000482   0x2110             MOVS     R1,#+16
   \   00000484   0x2079             MOVS     R0,#+121
   \   00000486   0x.... 0x....      BL       LPLD_SCCB_WriteReg
    229            LPLD_SCCB_WriteReg(0xc8, 0x7e);
   \   0000048A   0x217E             MOVS     R1,#+126
   \   0000048C   0x20C8             MOVS     R0,#+200
   \   0000048E   0x.... 0x....      BL       LPLD_SCCB_WriteReg
    230            LPLD_SCCB_WriteReg(0x79, 0x0a);
   \   00000492   0x210A             MOVS     R1,#+10
   \   00000494   0x2079             MOVS     R0,#+121
   \   00000496   0x.... 0x....      BL       LPLD_SCCB_WriteReg
    231            LPLD_SCCB_WriteReg(0xc8, 0x80);
   \   0000049A   0x2180             MOVS     R1,#+128
   \   0000049C   0x20C8             MOVS     R0,#+200
   \   0000049E   0x.... 0x....      BL       LPLD_SCCB_WriteReg
    232            LPLD_SCCB_WriteReg(0x79, 0x0b);
   \   000004A2   0x210B             MOVS     R1,#+11
   \   000004A4   0x2079             MOVS     R0,#+121
   \   000004A6   0x.... 0x....      BL       LPLD_SCCB_WriteReg
    233            LPLD_SCCB_WriteReg(0xc8, 0x01);
   \   000004AA   0x2101             MOVS     R1,#+1
   \   000004AC   0x20C8             MOVS     R0,#+200
   \   000004AE   0x.... 0x....      BL       LPLD_SCCB_WriteReg
    234            LPLD_SCCB_WriteReg(0x79, 0x0c);
   \   000004B2   0x210C             MOVS     R1,#+12
   \   000004B4   0x2079             MOVS     R0,#+121
   \   000004B6   0x.... 0x....      BL       LPLD_SCCB_WriteReg
    235            LPLD_SCCB_WriteReg(0xc8, 0x0f);
   \   000004BA   0x210F             MOVS     R1,#+15
   \   000004BC   0x20C8             MOVS     R0,#+200
   \   000004BE   0x.... 0x....      BL       LPLD_SCCB_WriteReg
    236            LPLD_SCCB_WriteReg(0x79, 0x0d);
   \   000004C2   0x210D             MOVS     R1,#+13
   \   000004C4   0x2079             MOVS     R0,#+121
   \   000004C6   0x.... 0x....      BL       LPLD_SCCB_WriteReg
    237            LPLD_SCCB_WriteReg(0xc8, 0x20);
   \   000004CA   0x2120             MOVS     R1,#+32
   \   000004CC   0x20C8             MOVS     R0,#+200
   \   000004CE   0x.... 0x....      BL       LPLD_SCCB_WriteReg
    238            LPLD_SCCB_WriteReg(0x79, 0x09);
   \   000004D2   0x2109             MOVS     R1,#+9
   \   000004D4   0x2079             MOVS     R0,#+121
   \   000004D6   0x.... 0x....      BL       LPLD_SCCB_WriteReg
    239            LPLD_SCCB_WriteReg(0xc8, 0x80);
   \   000004DA   0x2180             MOVS     R1,#+128
   \   000004DC   0x20C8             MOVS     R0,#+200
   \   000004DE   0x.... 0x....      BL       LPLD_SCCB_WriteReg
    240            LPLD_SCCB_WriteReg(0x79, 0x02);
   \   000004E2   0x2102             MOVS     R1,#+2
   \   000004E4   0x2079             MOVS     R0,#+121
   \   000004E6   0x.... 0x....      BL       LPLD_SCCB_WriteReg
    241            LPLD_SCCB_WriteReg(0xc8, 0xc0);
   \   000004EA   0x21C0             MOVS     R1,#+192
   \   000004EC   0x20C8             MOVS     R0,#+200
   \   000004EE   0x.... 0x....      BL       LPLD_SCCB_WriteReg
    242            LPLD_SCCB_WriteReg(0x79, 0x03);
   \   000004F2   0x2103             MOVS     R1,#+3
   \   000004F4   0x2079             MOVS     R0,#+121
   \   000004F6   0x.... 0x....      BL       LPLD_SCCB_WriteReg
    243            LPLD_SCCB_WriteReg(0xc8, 0x40);
   \   000004FA   0x2140             MOVS     R1,#+64
   \   000004FC   0x20C8             MOVS     R0,#+200
   \   000004FE   0x.... 0x....      BL       LPLD_SCCB_WriteReg
    244            LPLD_SCCB_WriteReg(0x79, 0x05);
   \   00000502   0x2105             MOVS     R1,#+5
   \   00000504   0x2079             MOVS     R0,#+121
   \   00000506   0x.... 0x....      BL       LPLD_SCCB_WriteReg
    245            LPLD_SCCB_WriteReg(0xc8, 0x30);
   \   0000050A   0x2130             MOVS     R1,#+48
   \   0000050C   0x20C8             MOVS     R0,#+200
   \   0000050E   0x.... 0x....      BL       LPLD_SCCB_WriteReg
    246            LPLD_SCCB_WriteReg(0x79, 0x26); 
   \   00000512   0x2126             MOVS     R1,#+38
   \   00000514   0x2079             MOVS     R0,#+121
   \   00000516   0x.... 0x....      BL       LPLD_SCCB_WriteReg
    247            LPLD_SCCB_WriteReg(0x09, 0x00);	
   \   0000051A   0x2100             MOVS     R1,#+0
   \   0000051C   0x2009             MOVS     R0,#+9
   \   0000051E   0x.... 0x....      BL       LPLD_SCCB_WriteReg
    248            
    249            
    250            
    251            //     /*以下为OV7670 QVGA RGB565参数  */
    252            //  	LPLD_SCCB_WriteReg(0x3a, 0x04);//
    253            //	LPLD_SCCB_WriteReg(0x40, 0x10);
    254            //	LPLD_SCCB_WriteReg(0x12, 0x14);//QVGA,RGB输出
    255            //
    256            //	//输出窗口设置
    257            //	LPLD_SCCB_WriteReg(0x32, 0x80);
    258            //	LPLD_SCCB_WriteReg(0x17, 0x16);         
    259            //	LPLD_SCCB_WriteReg(0x18, 0x04);//5
    260            //	LPLD_SCCB_WriteReg(0x19, 0x02);
    261            //	LPLD_SCCB_WriteReg(0x1a, 0x7a);//0x7a,
    262            // 	LPLD_SCCB_WriteReg(0x03, 0x0a);//0x0a,
    263            //
    264            //
    265            //	LPLD_SCCB_WriteReg(0x0c, 0x0c);
    266            //	LPLD_SCCB_WriteReg(0x15, 0x00);
    267            //	LPLD_SCCB_WriteReg(0x3e, 0x00);//10
    268            //	LPLD_SCCB_WriteReg(0x70, 0x00);
    269            //	LPLD_SCCB_WriteReg(0x71, 0x01);
    270            //	LPLD_SCCB_WriteReg(0x72, 0x11);
    271            //	LPLD_SCCB_WriteReg(0x73, 0x09);//
    272            //        
    273            //	LPLD_SCCB_WriteReg(0xa2, 0x02);//15
    274            //	LPLD_SCCB_WriteReg(0x11, 0x00);//时钟分频设置,0,不分频.
    275            //	LPLD_SCCB_WriteReg(0x7a, 0x20);
    276            //	LPLD_SCCB_WriteReg(0x7b, 0x1c);
    277            //	LPLD_SCCB_WriteReg(0x7c, 0x28);
    278            //        
    279            //	LPLD_SCCB_WriteReg(0x7d, 0x3c);//20
    280            //	LPLD_SCCB_WriteReg(0x7e, 0x55);
    281            //	LPLD_SCCB_WriteReg(0x7f, 0x68);
    282            //	LPLD_SCCB_WriteReg(0x80, 0x76);
    283            //	LPLD_SCCB_WriteReg(0x81, 0x80);
    284            //        
    285            //	LPLD_SCCB_WriteReg(0x82, 0x88);
    286            //	LPLD_SCCB_WriteReg(0x83, 0x8f);
    287            //	LPLD_SCCB_WriteReg(0x84, 0x96);
    288            //	LPLD_SCCB_WriteReg(0x85, 0xa3);
    289            //	LPLD_SCCB_WriteReg(0x86, 0xaf);
    290            //        
    291            //	LPLD_SCCB_WriteReg(0x87, 0xc4);//30
    292            //	LPLD_SCCB_WriteReg(0x88, 0xd7);
    293            //	LPLD_SCCB_WriteReg(0x89, 0xe8);
    294            //	LPLD_SCCB_WriteReg(0x13, 0xe0);
    295            //	LPLD_SCCB_WriteReg(0x00, 0x00);//AGC
    296            //        
    297            //	LPLD_SCCB_WriteReg(0x10, 0x00);
    298            //	LPLD_SCCB_WriteReg(0x0d, 0x00); 
    299            //	LPLD_SCCB_WriteReg(0x14, 0x20);//0x38, limit the max gain
    300            //	LPLD_SCCB_WriteReg(0xa5, 0x05);
    301            //	LPLD_SCCB_WriteReg(0xab, 0x07);
    302            //        
    303            //	LPLD_SCCB_WriteReg(0x24, 0x75);//40
    304            //	LPLD_SCCB_WriteReg(0x25, 0x63);
    305            //	LPLD_SCCB_WriteReg(0x26, 0xA5);
    306            //	LPLD_SCCB_WriteReg(0x9f, 0x78);
    307            //	LPLD_SCCB_WriteReg(0xa0, 0x68);
    308            //        
    309            //	LPLD_SCCB_WriteReg(0xa1, 0x03);//0x0b,
    310            //	LPLD_SCCB_WriteReg(0xa6, 0xdf);//0xd8,
    311            //	LPLD_SCCB_WriteReg(0xa7, 0xdf);//0xd8,
    312            //	LPLD_SCCB_WriteReg(0xa8, 0xf0);
    313            //	LPLD_SCCB_WriteReg(0xa9, 0x90);
    314            //        
    315            //	LPLD_SCCB_WriteReg(0xaa, 0x94);//50
    316            //	LPLD_SCCB_WriteReg(0x13, 0xe5);
    317            //	LPLD_SCCB_WriteReg(0x0e, 0x61);
    318            //	LPLD_SCCB_WriteReg(0x0f, 0x4b);
    319            //	LPLD_SCCB_WriteReg(0x16, 0x02);
    320            //        
    321            //	LPLD_SCCB_WriteReg(0x1e, 0x27);//图像输出镜像控制.0x07,
    322            //	LPLD_SCCB_WriteReg(0x21, 0x02);
    323            //	LPLD_SCCB_WriteReg(0x22, 0x91);
    324            //	LPLD_SCCB_WriteReg(0x29, 0x07);
    325            //	LPLD_SCCB_WriteReg(0x33, 0x0b);
    326            //        
    327            //	LPLD_SCCB_WriteReg(0x35, 0x0b);//60
    328            //	LPLD_SCCB_WriteReg(0x37, 0x1d);
    329            //	LPLD_SCCB_WriteReg(0x38, 0x71);
    330            //	LPLD_SCCB_WriteReg(0x39, 0x2a);
    331            //	LPLD_SCCB_WriteReg(0x3c, 0x78);
    332            //        
    333            //	LPLD_SCCB_WriteReg(0x4d, 0x40);
    334            //	LPLD_SCCB_WriteReg(0x4e, 0x20);
    335            //	LPLD_SCCB_WriteReg(0x69, 0x5d);
    336            //	LPLD_SCCB_WriteReg(0x6b, 0x40);//PLL*4=48Mhz
    337            //	LPLD_SCCB_WriteReg(0x74, 0x19);
    338            //	LPLD_SCCB_WriteReg(0x8d, 0x4f);
    339            //        
    340            //	LPLD_SCCB_WriteReg(0x8e, 0x00);//70
    341            //	LPLD_SCCB_WriteReg(0x8f, 0x00);
    342            //	LPLD_SCCB_WriteReg(0x90, 0x00);
    343            //	LPLD_SCCB_WriteReg(0x91, 0x00);
    344            //	LPLD_SCCB_WriteReg(0x92, 0x00);//0x19,//0x66
    345            //        
    346            //	LPLD_SCCB_WriteReg(0x96, 0x00);
    347            //	LPLD_SCCB_WriteReg(0x9a, 0x80);
    348            //	LPLD_SCCB_WriteReg(0xb0, 0x84);
    349            //	LPLD_SCCB_WriteReg(0xb1, 0x0c);
    350            //	LPLD_SCCB_WriteReg(0xb2, 0x0e);
    351            //        
    352            //	LPLD_SCCB_WriteReg(0xb3, 0x82);//80
    353            //	LPLD_SCCB_WriteReg(0xb8, 0x0a);
    354            //	LPLD_SCCB_WriteReg(0x43, 0x14);
    355            //	LPLD_SCCB_WriteReg(0x44, 0xf0);
    356            //	LPLD_SCCB_WriteReg(0x45, 0x34);
    357            //        
    358            //	LPLD_SCCB_WriteReg(0x46, 0x58);
    359            //	LPLD_SCCB_WriteReg(0x47, 0x28);
    360            //	LPLD_SCCB_WriteReg(0x48, 0x3a);
    361            //	LPLD_SCCB_WriteReg(0x59, 0x88);
    362            //	LPLD_SCCB_WriteReg(0x5a, 0x88);
    363            //        
    364            //	LPLD_SCCB_WriteReg(0x5b, 0x44);//90
    365            //	LPLD_SCCB_WriteReg(0x5c, 0x67);
    366            //	LPLD_SCCB_WriteReg(0x5d, 0x49);
    367            //	LPLD_SCCB_WriteReg(0x5e, 0x0e);
    368            //	LPLD_SCCB_WriteReg(0x64, 0x04);
    369            //	LPLD_SCCB_WriteReg(0x65, 0x20);
    370            //        
    371            //	LPLD_SCCB_WriteReg(0x66, 0x05);
    372            //	LPLD_SCCB_WriteReg(0x94, 0x04);
    373            //	LPLD_SCCB_WriteReg(0x95, 0x08);
    374            //	LPLD_SCCB_WriteReg(0x6c, 0x0a);
    375            //	LPLD_SCCB_WriteReg(0x6d, 0x55);
    376            //        
    377            //        
    378            //	LPLD_SCCB_WriteReg(0x4f, 0x80);
    379            //	LPLD_SCCB_WriteReg(0x50, 0x80);
    380            //	LPLD_SCCB_WriteReg(0x51, 0x00);
    381            //	LPLD_SCCB_WriteReg(0x52, 0x22);
    382            //	LPLD_SCCB_WriteReg(0x53, 0x5e);
    383            //	LPLD_SCCB_WriteReg(0x54, 0x80);
    384            //        
    385            //	//LPLD_SCCB_WriteReg(0x54, 0x40);//110
    386            //        
    387            //        
    388            //	LPLD_SCCB_WriteReg(0x09, 0x03);//驱动能力最大
    389            //
    390            //	LPLD_SCCB_WriteReg(0x6e, 0x11);//100
    391            //	LPLD_SCCB_WriteReg(0x6f, 0x9f);//0x9e for advance AWB
    392            //    LPLD_SCCB_WriteReg(0x55, 0x00);//亮度
    393            //    LPLD_SCCB_WriteReg(0x56, 0x40);//对比度
    394            //    LPLD_SCCB_WriteReg(0x57, 0x80);//0x40,  change according to Jim's request	
    395            //  
    396            //  
    397            
    398            //    LPLD_SCCB_WriteReg(0x3a, 0x04);
    399            //  
    400            //    LPLD_SCCB_WriteReg(0x40, 0x10);
    401            //    LPLD_SCCB_WriteReg(0x12, 0x14);
    402            //    LPLD_SCCB_WriteReg(0x32, 0x80);
    403            //    LPLD_SCCB_WriteReg(0x17, 0x16);
    404            //    LPLD_SCCB_WriteReg(0x18, 0x04);
    405            //    LPLD_SCCB_WriteReg(0x19, 0x02);
    406            //    LPLD_SCCB_WriteReg(0x1a, 0x7a);
    407            //    LPLD_SCCB_WriteReg(0x03, 0x0a);
    408          //    LPLD_SCCB_WriteReg(0x0c, 0x0c);
    409          //    LPLD_SCCB_WriteReg(0x15, 0x00);
    410          //    LPLD_SCCB_WriteReg(0x3e, 0x00);
    411          //    LPLD_SCCB_WriteReg(0x70, 0x00);
    412          //    LPLD_SCCB_WriteReg(0x71, 0x35);
    413          //    LPLD_SCCB_WriteReg(0x72, 0x11);
    414          //    LPLD_SCCB_WriteReg(0x73, 0x09);
    415          //    LPLD_SCCB_WriteReg(0xa2, 0x02);//+++++++++++++++++++++++  
    416          //    LPLD_SCCB_WriteReg(0x11, 0x00);
    417          //    LPLD_SCCB_WriteReg(0x7a, 0x20);
    418          //    LPLD_SCCB_WriteReg(0x7b, 0x1c);
    419          //    LPLD_SCCB_WriteReg(0x7c, 0x28);
    420          //    LPLD_SCCB_WriteReg(0x7d, 0x3c);
    421          //    LPLD_SCCB_WriteReg(0x7e, 0x55);
    422          //    LPLD_SCCB_WriteReg(0x7f, 0x68);
    423          //    LPLD_SCCB_WriteReg(0x80, 0x76);
    424          //    LPLD_SCCB_WriteReg(0x81, 0x80);
    425          //    LPLD_SCCB_WriteReg(0x82, 0x88);
    426          //    LPLD_SCCB_WriteReg(0x83, 0x8f);
    427          //    LPLD_SCCB_WriteReg(0x84, 0x96);
    428          //    LPLD_SCCB_WriteReg(0x85, 0xa3);
    429          //    LPLD_SCCB_WriteReg(0x86, 0xaf);
    430          //    LPLD_SCCB_WriteReg(0x87, 0xc4);
    431          //    LPLD_SCCB_WriteReg(0x88, 0xd7);
    432          //    LPLD_SCCB_WriteReg(0x89, 0xe8);
    433          //    LPLD_SCCB_WriteReg(0x13, 0xe0);
    434          //    LPLD_SCCB_WriteReg(0x00, 0x00);
    435          //    LPLD_SCCB_WriteReg(0x10, 0x00);
    436          //    LPLD_SCCB_WriteReg(0x0d, 0x00);
    437          //    LPLD_SCCB_WriteReg(0x14, 0x20);
    438          //    LPLD_SCCB_WriteReg(0xa5, 0x05);
    439          //    LPLD_SCCB_WriteReg(0xab, 0x07);
    440          //    LPLD_SCCB_WriteReg(0x24, 0x75);
    441          //    LPLD_SCCB_WriteReg(0x25, 0x63);
    442          //    LPLD_SCCB_WriteReg(0x26, 0xA5);
    443          //    LPLD_SCCB_WriteReg(0x9f, 0x78);
    444          //    LPLD_SCCB_WriteReg(0xa0, 0x68);
    445          //    LPLD_SCCB_WriteReg(0xa1, 0x03);
    446          //    LPLD_SCCB_WriteReg(0xa6, 0xdf);
    447          //    LPLD_SCCB_WriteReg(0xa7, 0xdf);
    448          //    LPLD_SCCB_WriteReg(0xa8, 0xf0);
    449          //    LPLD_SCCB_WriteReg(0xa9, 0x90);
    450          //    LPLD_SCCB_WriteReg(0xaa, 0x94); 
    451          //    LPLD_SCCB_WriteReg(0x13, 0xe5);
    452          //    LPLD_SCCB_WriteReg(0x0e, 0x61);
    453          //    LPLD_SCCB_WriteReg(0x0f, 0x4b);
    454          //    LPLD_SCCB_WriteReg(0x16, 0x02);
    455          //    LPLD_SCCB_WriteReg(0x1e, 0x27);
    456          //    LPLD_SCCB_WriteReg(0x21, 0x02);
    457          //    LPLD_SCCB_WriteReg(0x22, 0x91);
    458          //    LPLD_SCCB_WriteReg(0x29, 0x07);
    459          //    LPLD_SCCB_WriteReg(0x33, 0x0b);
    460          //    LPLD_SCCB_WriteReg(0x35, 0x0b);
    461          //    LPLD_SCCB_WriteReg(0x37, 0x1d);
    462          //    LPLD_SCCB_WriteReg(0x38, 0x71);
    463          //    LPLD_SCCB_WriteReg(0x39, 0x2a);
    464          //    LPLD_SCCB_WriteReg(0x3c, 0x78);
    465          //    LPLD_SCCB_WriteReg(0x4d, 0x40);
    466          //    LPLD_SCCB_WriteReg(0x4e, 0x20);
    467          //    LPLD_SCCB_WriteReg(0x69, 0x5d);
    468          //    LPLD_SCCB_WriteReg(0x6b, 0x40);
    469          //    LPLD_SCCB_WriteReg(0x74, 0x19);
    470          //    LPLD_SCCB_WriteReg(0x8d, 0x4f);
    471          //    LPLD_SCCB_WriteReg(0x8e, 0x00);
    472          //    LPLD_SCCB_WriteReg(0x8f, 0x00);
    473          //    LPLD_SCCB_WriteReg(0x90, 0x00);
    474          //    LPLD_SCCB_WriteReg(0x91, 0x00);
    475          //    LPLD_SCCB_WriteReg(0x92, 0x00);
    476          //    LPLD_SCCB_WriteReg(0x96, 0x00);
    477          //    LPLD_SCCB_WriteReg(0x9a, 0x80);
    478          //    LPLD_SCCB_WriteReg(0xb0, 0x84);
    479          //    LPLD_SCCB_WriteReg(0xb1, 0x0c);
    480          //    LPLD_SCCB_WriteReg(0xb2, 0x0e);
    481          //    LPLD_SCCB_WriteReg(0xb3, 0x82); 
    482          //    LPLD_SCCB_WriteReg(0xb8, 0x0a);
    483          //    LPLD_SCCB_WriteReg(0x43, 0x14);
    484          //    LPLD_SCCB_WriteReg(0x44, 0xf0);
    485          //    LPLD_SCCB_WriteReg(0x45, 0x34);
    486          //    LPLD_SCCB_WriteReg(0x46, 0x58);
    487          //    LPLD_SCCB_WriteReg(0x47, 0x28);
    488          //    LPLD_SCCB_WriteReg(0x48, 0x3a);
    489          //    LPLD_SCCB_WriteReg(0x59, 0x88);
    490          //    LPLD_SCCB_WriteReg(0x5a, 0x88);
    491          //    LPLD_SCCB_WriteReg(0x5b, 0x44);
    492          //    LPLD_SCCB_WriteReg(0x5c, 0x67);
    493          //    LPLD_SCCB_WriteReg(0x5d, 0x49);
    494          //    LPLD_SCCB_WriteReg(0x5e, 0x0e);
    495          //    LPLD_SCCB_WriteReg(0x64, 0x04);
    496          //    LPLD_SCCB_WriteReg(0x65, 0x20);
    497          //    LPLD_SCCB_WriteReg(0x66, 0x05);
    498          //    LPLD_SCCB_WriteReg(0x94, 0x04);
    499          //    LPLD_SCCB_WriteReg(0x95, 0x08);
    500          //    LPLD_SCCB_WriteReg(0x6c, 0x0a);
    501          //    LPLD_SCCB_WriteReg(0x6d, 0x55);
    502          //    LPLD_SCCB_WriteReg(0x4f, 0x80);
    503          //    LPLD_SCCB_WriteReg(0x50, 0x80);
    504          //    LPLD_SCCB_WriteReg(0x51, 0x00);
    505          //    LPLD_SCCB_WriteReg(0x52, 0x22);
    506          //    LPLD_SCCB_WriteReg(0x53, 0x5e);
    507          //    LPLD_SCCB_WriteReg(0x54, 0x80);  
    508          //    LPLD_SCCB_WriteReg(0x09, 0x03);
    509          //    LPLD_SCCB_WriteReg(0x6e, 0x11);
    510          //    LPLD_SCCB_WriteReg(0x6f, 0x9f);
    511          //    LPLD_SCCB_WriteReg(0x55, 0x00);
    512          //    LPLD_SCCB_WriteReg(0x56, 0x40);
    513          //    LPLD_SCCB_WriteReg(0x57, 0x80);
    514          //    LPLD_SCCB_WriteReg(0x14, 0x61);
    515          //    LPLD_SCCB_WriteReg(0x70, 0x00);
    516          //    LPLD_SCCB_WriteReg(0x71, 0xb0);
    517            
    518            
    519            
    520            
    521          //  LPLD_SCCB_WriteReg(0x3a, 0x04);
    522          //  LPLD_SCCB_WriteReg(0x40, 0xd0);
    523          //  LPLD_SCCB_WriteReg(0x12, 0x14);
    524          //  LPLD_SCCB_WriteReg(0x32, 0x80);
    525          //  LPLD_SCCB_WriteReg(0x17, 0x16);
    526          //  LPLD_SCCB_WriteReg(0x18, 0x04);
    527          //  LPLD_SCCB_WriteReg(0x19, 0x02);
    528          //  LPLD_SCCB_WriteReg(0x1a, 0x7b);
    529          //  LPLD_SCCB_WriteReg(0x03, 0x06);
    530          //  LPLD_SCCB_WriteReg(0x0c, 0x04);
    531          //  LPLD_SCCB_WriteReg(0x3e, 0x00);
    532          //  LPLD_SCCB_WriteReg(0x70, 0x3a);
    533          //  LPLD_SCCB_WriteReg(0x71, 0x35);
    534          //  LPLD_SCCB_WriteReg(0x72, 0x11);
    535          //  LPLD_SCCB_WriteReg(0x73, 0x00);
    536          //  LPLD_SCCB_WriteReg(0xa2, 0x02);
    537          //  LPLD_SCCB_WriteReg(0x11, 0x00);  //++++++++++++++++  0x81
    538          //  
    539          //  LPLD_SCCB_WriteReg(0x7a, 0x20);
    540          //  LPLD_SCCB_WriteReg(0x7b, 0x1c);
    541          //  LPLD_SCCB_WriteReg(0x7c, 0x28);
    542          //  LPLD_SCCB_WriteReg(0x7d, 0x3c);
    543          //  LPLD_SCCB_WriteReg(0x7e, 0x55);
    544          //  LPLD_SCCB_WriteReg(0x7f, 0x68);
    545          //  LPLD_SCCB_WriteReg(0x80, 0x76);
    546          //  LPLD_SCCB_WriteReg(0x81, 0x80);
    547          //  LPLD_SCCB_WriteReg(0x82, 0x88);
    548          //  LPLD_SCCB_WriteReg(0x83, 0x8f);
    549          //  LPLD_SCCB_WriteReg(0x84, 0x96);
    550          //  LPLD_SCCB_WriteReg(0x85, 0xa3);
    551          //  LPLD_SCCB_WriteReg(0x86, 0xaf);
    552          //  LPLD_SCCB_WriteReg(0x87, 0xc4);
    553          //  LPLD_SCCB_WriteReg(0x88, 0xd7);
    554          //  LPLD_SCCB_WriteReg(0x89, 0xe8);
    555          //  
    556          //  LPLD_SCCB_WriteReg(0x13, 0xe0);
    557          //  LPLD_SCCB_WriteReg(0x00, 0x00);
    558          //  
    559          //  LPLD_SCCB_WriteReg(0x10, 0x00);
    560          //  LPLD_SCCB_WriteReg(0x0d, 0x00);
    561          //  LPLD_SCCB_WriteReg(0x14, 0x28);
    562          //  LPLD_SCCB_WriteReg(0xa5, 0x05);
    563          //  LPLD_SCCB_WriteReg(0xab, 0x07);
    564          //  LPLD_SCCB_WriteReg(0x24, 0x75);
    565          //  LPLD_SCCB_WriteReg(0x25, 0x63);
    566          //  LPLD_SCCB_WriteReg(0x26, 0xA5);
    567          //  LPLD_SCCB_WriteReg(0x9f, 0x78);
    568          //  LPLD_SCCB_WriteReg(0xa0, 0x68);
    569          //  LPLD_SCCB_WriteReg(0xa1, 0x03);
    570          //  LPLD_SCCB_WriteReg(0xa6, 0xdf);
    571          //  LPLD_SCCB_WriteReg(0xa7, 0xdf);
    572          //  LPLD_SCCB_WriteReg(0xa8, 0xf0);
    573          //  LPLD_SCCB_WriteReg(0xa9, 0x90);
    574          //  LPLD_SCCB_WriteReg(0xaa, 0x94);
    575          //  LPLD_SCCB_WriteReg(0x13, 0xe5);
    576          //  
    577          //  LPLD_SCCB_WriteReg(0x0e, 0x61);
    578          //  LPLD_SCCB_WriteReg(0x0f, 0x4b);
    579          //  LPLD_SCCB_WriteReg(0x16, 0x02);
    580          //  LPLD_SCCB_WriteReg(0x1e, 0x07);
    581          //  LPLD_SCCB_WriteReg(0x21, 0x02);
    582          //  LPLD_SCCB_WriteReg(0x22, 0x91);
    583          //  LPLD_SCCB_WriteReg(0x29, 0x07);
    584          //  LPLD_SCCB_WriteReg(0x33, 0x0b);
    585          //  LPLD_SCCB_WriteReg(0x35, 0x0b);
    586          //  LPLD_SCCB_WriteReg(0x37, 0x1d);
    587          //  LPLD_SCCB_WriteReg(0x38, 0x71);
    588          //  LPLD_SCCB_WriteReg(0x39, 0x2a);
    589          //  LPLD_SCCB_WriteReg(0x3c, 0x78);
    590          //  LPLD_SCCB_WriteReg(0x4d, 0x40);
    591          //  LPLD_SCCB_WriteReg(0x4e, 0x20);
    592          //  LPLD_SCCB_WriteReg(0x69, 0x00);
    593          //  LPLD_SCCB_WriteReg(0x6b, 0x60);
    594          //  LPLD_SCCB_WriteReg(0x74, 0x19);
    595          //  LPLD_SCCB_WriteReg(0x8d, 0x4f);
    596          //  LPLD_SCCB_WriteReg(0x8e, 0x00);
    597          //  LPLD_SCCB_WriteReg(0x8f, 0x00);
    598          //  LPLD_SCCB_WriteReg(0x90, 0x00);
    599          //  LPLD_SCCB_WriteReg(0x91, 0x00);
    600          //  LPLD_SCCB_WriteReg(0x92, 0x00);
    601          //  LPLD_SCCB_WriteReg(0x96, 0x00);
    602          //  LPLD_SCCB_WriteReg(0x9a, 0x80);
    603          //  LPLD_SCCB_WriteReg(0xb0, 0x84);
    604          //  LPLD_SCCB_WriteReg(0xb1, 0x0c);
    605          //  LPLD_SCCB_WriteReg(0xb2, 0x0e);
    606          //  LPLD_SCCB_WriteReg(0xb3, 0x82);
    607          //  LPLD_SCCB_WriteReg(0xb8, 0x0a);
    608          //  
    609          //  
    610          //  
    611          //  LPLD_SCCB_WriteReg(0x43, 0x14);
    612          //  LPLD_SCCB_WriteReg(0x44, 0xf0);
    613          //  LPLD_SCCB_WriteReg(0x45, 0x34);
    614          //  LPLD_SCCB_WriteReg(0x46, 0x58);
    615          //  LPLD_SCCB_WriteReg(0x47, 0x28);
    616          //  LPLD_SCCB_WriteReg(0x48, 0x3a);
    617          //  LPLD_SCCB_WriteReg(0x59, 0x88);
    618          //  LPLD_SCCB_WriteReg(0x5a, 0x88);
    619          //  LPLD_SCCB_WriteReg(0x5b, 0x44);
    620          //  LPLD_SCCB_WriteReg(0x5c, 0x67);
    621          //  LPLD_SCCB_WriteReg(0x5d, 0x49);
    622          //  LPLD_SCCB_WriteReg(0x5e, 0x0e);
    623          //  LPLD_SCCB_WriteReg(0x64, 0x04);
    624          //  LPLD_SCCB_WriteReg(0x65, 0x20);
    625          //  LPLD_SCCB_WriteReg(0x66, 0x05);
    626          //  LPLD_SCCB_WriteReg(0x94, 0x04);
    627          //  LPLD_SCCB_WriteReg(0x95, 0x08);
    628          //  LPLD_SCCB_WriteReg(0x6c, 0x0a);
    629          //  LPLD_SCCB_WriteReg(0x6d, 0x55);
    630          //  LPLD_SCCB_WriteReg(0x6e, 0x11);
    631          //  LPLD_SCCB_WriteReg(0x6f, 0x9f);
    632          //  LPLD_SCCB_WriteReg(0x6a, 0x40);
    633          //  LPLD_SCCB_WriteReg(0x01, 0x40);
    634          //  LPLD_SCCB_WriteReg(0x02, 0x40);
    635          //  LPLD_SCCB_WriteReg(0x13, 0xe7);
    636          //  LPLD_SCCB_WriteReg(0x15, 0x00);  
    637          //  
    638          //  
    639          //  LPLD_SCCB_WriteReg(0x4f, 0x80);
    640          //  LPLD_SCCB_WriteReg(0x50, 0x80);
    641          //  LPLD_SCCB_WriteReg(0x51, 0x00);
    642          //  LPLD_SCCB_WriteReg(0x52, 0x22);
    643          //  LPLD_SCCB_WriteReg(0x53, 0x5e);
    644          //  LPLD_SCCB_WriteReg(0x54, 0x80);
    645          //  LPLD_SCCB_WriteReg(0x58, 0x9e);
    646          //  
    647          //  LPLD_SCCB_WriteReg(0x41, 0x08);
    648          //  LPLD_SCCB_WriteReg(0x3f, 0x00);
    649          //  LPLD_SCCB_WriteReg(0x75, 0x05);
    650          //  LPLD_SCCB_WriteReg(0x76, 0xe1);
    651          //  LPLD_SCCB_WriteReg(0x4c, 0x00);
    652          //  LPLD_SCCB_WriteReg(0x77, 0x01);
    653          //  LPLD_SCCB_WriteReg(0x3d, 0xc2);	
    654          //  LPLD_SCCB_WriteReg(0x4b, 0x09);
    655          //  LPLD_SCCB_WriteReg(0xc9, 0x60);
    656          //  LPLD_SCCB_WriteReg(0x41, 0x38);
    657          //  LPLD_SCCB_WriteReg(0x56, 0x40);
    658          //  
    659          //  LPLD_SCCB_WriteReg(0x34, 0x11);
    660          //  LPLD_SCCB_WriteReg(0x3b, 0x02); 
    661          //  
    662          //  LPLD_SCCB_WriteReg(0xa4, 0x89);
    663          //  LPLD_SCCB_WriteReg(0x96, 0x00);
    664          //  LPLD_SCCB_WriteReg(0x97, 0x30);
    665          //  LPLD_SCCB_WriteReg(0x98, 0x20);
    666          //  LPLD_SCCB_WriteReg(0x99, 0x30);
    667          //  LPLD_SCCB_WriteReg(0x9a, 0x84);
    668          //  LPLD_SCCB_WriteReg(0x9b, 0x29);
    669          //  LPLD_SCCB_WriteReg(0x9c, 0x03);
    670          //  LPLD_SCCB_WriteReg(0x9d, 0x4c);
    671          //  LPLD_SCCB_WriteReg(0x9e, 0x3f);
    672          //  LPLD_SCCB_WriteReg(0x78, 0x04);
    673          //  
    674          //  LPLD_SCCB_WriteReg(0x79, 0x01);
    675          //  LPLD_SCCB_WriteReg(0xc8, 0xf0);
    676          //  LPLD_SCCB_WriteReg(0x79, 0x0f);
    677          //  LPLD_SCCB_WriteReg(0xc8, 0x00);
    678          //  LPLD_SCCB_WriteReg(0x79, 0x10);
    679          //  LPLD_SCCB_WriteReg(0xc8, 0x7e);
    680          //  LPLD_SCCB_WriteReg(0x79, 0x0a);
    681          //  LPLD_SCCB_WriteReg(0xc8, 0x80);
    682          //  LPLD_SCCB_WriteReg(0x79, 0x0b);
    683          //  LPLD_SCCB_WriteReg(0xc8, 0x01);
    684          //  LPLD_SCCB_WriteReg(0x79, 0x0c);
    685          //  LPLD_SCCB_WriteReg(0xc8, 0x0f);
    686          //  LPLD_SCCB_WriteReg(0x79, 0x0d);
    687          //  LPLD_SCCB_WriteReg(0xc8, 0x20);
    688          //  LPLD_SCCB_WriteReg(0x79, 0x09);
    689          //  LPLD_SCCB_WriteReg(0xc8, 0x80);
    690          //  LPLD_SCCB_WriteReg(0x79, 0x02);
    691          //  LPLD_SCCB_WriteReg(0xc8, 0xc0);
    692          //  LPLD_SCCB_WriteReg(0x79, 0x03);
    693          //  LPLD_SCCB_WriteReg(0xc8, 0x40);
    694          //  LPLD_SCCB_WriteReg(0x79, 0x05);
    695          //  LPLD_SCCB_WriteReg(0xc8, 0x30);
    696          //  LPLD_SCCB_WriteReg(0x79, 0x26); 
    697          //  LPLD_SCCB_WriteReg(0x09, 0x00);	
    698            
    699          }
   \   00000522   0xBD01             POP      {R0,PC}          ;; return
    700          

   \                                 In section .text, align 2, keep-with-next
    701          void SQC_OV7670_Show(void)
    702          {
   \                     SQC_OV7670_Show: (+1)
   \   00000000   0xB570             PUSH     {R4-R6,LR}
    703            uint16 i,j;
    704            uint16 coloer;
    705            
    706            for(i=0;i<240;i++)
   \   00000002   0x2400             MOVS     R4,#+0
   \   00000004   0xE011             B.N      ??SQC_OV7670_Show_0
    707              for(j=0;j<320;j++)
    708              {
    709                coloer = 0;
   \                     ??SQC_OV7670_Show_1: (+1)
   \   00000006   0x2600             MOVS     R6,#+0
    710                coloer = SQC_OV7670_Readfifo();
   \   00000008   0x.... 0x....      BL       SQC_OV7670_Readfifo
   \   0000000C   0x0006             MOVS     R6,R0
    711                LPLD_LCD_SetPoint(j,i,coloer);  
   \   0000000E   0x0032             MOVS     R2,R6
   \   00000010   0xB292             UXTH     R2,R2            ;; ZeroExt  R2,R2,#+16,#+16
   \   00000012   0x0021             MOVS     R1,R4
   \   00000014   0xB289             UXTH     R1,R1            ;; ZeroExt  R1,R1,#+16,#+16
   \   00000016   0x0028             MOVS     R0,R5
   \   00000018   0xB280             UXTH     R0,R0            ;; ZeroExt  R0,R0,#+16,#+16
   \   0000001A   0x.... 0x....      BL       LPLD_LCD_SetPoint
    712              }
   \   0000001E   0x1C6D             ADDS     R5,R5,#+1
   \                     ??SQC_OV7670_Show_2: (+1)
   \   00000020   0xB2AD             UXTH     R5,R5            ;; ZeroExt  R5,R5,#+16,#+16
   \   00000022   0xF5B5 0x7FA0      CMP      R5,#+320
   \   00000026   0xDBEE             BLT.N    ??SQC_OV7670_Show_1
   \   00000028   0x1C64             ADDS     R4,R4,#+1
   \                     ??SQC_OV7670_Show_0: (+1)
   \   0000002A   0xB2A4             UXTH     R4,R4            ;; ZeroExt  R4,R4,#+16,#+16
   \   0000002C   0x2CF0             CMP      R4,#+240
   \   0000002E   0xDA01             BGE.N    ??SQC_OV7670_Show_3
   \   00000030   0x2500             MOVS     R5,#+0
   \   00000032   0xE7F5             B.N      ??SQC_OV7670_Show_2
    713          }
   \                     ??SQC_OV7670_Show_3: (+1)
   \   00000034   0xBD70             POP      {R4-R6,PC}       ;; return
    714          

   \                                 In section .text, align 2, keep-with-next
    715          uint16 SQC_OV7670_Readfifo(void)
    716          {
   \                     SQC_OV7670_Readfifo: (+1)
   \   00000000   0xB538             PUSH     {R3-R5,LR}
    717            uint16 c1 = 0,c2 = 0 ;
   \   00000002   0x2400             MOVS     R4,#+0
   \   00000004   0x2500             MOVS     R5,#+0
    718            ov7670_rck=0;
   \   00000006   0x2000             MOVS     R0,#+0
   \   00000008   0x....             LDR.N    R1,??DataTable2_1  ;; 0x43fe0044
   \   0000000A   0x6008             STR      R0,[R1, #+0]
    719            c1 = LPLD_GPIO_Input_8b(PTA,9)&0xff;
   \   0000000C   0x2109             MOVS     R1,#+9
   \   0000000E   0x....             LDR.N    R0,??DataTable2_2  ;; 0x400ff000
   \   00000010   0x.... 0x....      BL       LPLD_GPIO_Input_8b
   \   00000014   0x0004             MOVS     R4,R0
    720            ov7670_rck = 1;
   \   00000016   0x2001             MOVS     R0,#+1
   \   00000018   0x....             LDR.N    R1,??DataTable2_1  ;; 0x43fe0044
   \   0000001A   0x6008             STR      R0,[R1, #+0]
    721            ov7670_rck = 0;
   \   0000001C   0x2000             MOVS     R0,#+0
   \   0000001E   0x....             LDR.N    R1,??DataTable2_1  ;; 0x43fe0044
   \   00000020   0x6008             STR      R0,[R1, #+0]
    722            c2 = LPLD_GPIO_Input_8b(PTA,9)&0xff;
   \   00000022   0x2109             MOVS     R1,#+9
   \   00000024   0x....             LDR.N    R0,??DataTable2_2  ;; 0x400ff000
   \   00000026   0x.... 0x....      BL       LPLD_GPIO_Input_8b
   \   0000002A   0x0005             MOVS     R5,R0
    723            ov7670_rck = 1;
   \   0000002C   0x2001             MOVS     R0,#+1
   \   0000002E   0x....             LDR.N    R1,??DataTable2_1  ;; 0x43fe0044
   \   00000030   0x6008             STR      R0,[R1, #+0]
    724            c1<<=8;
   \   00000032   0x0224             LSLS     R4,R4,#+8
    725            c2=c1|c2;
   \   00000034   0x4325             ORRS     R5,R4,R5
    726            return c2;  
   \   00000036   0x0028             MOVS     R0,R5
   \   00000038   0xB280             UXTH     R0,R0            ;; ZeroExt  R0,R0,#+16,#+16
   \   0000003A   0xBD32             POP      {R1,R4,R5,PC}    ;; return
    727          }
    728          

   \                                 In section .text, align 2, keep-with-next
    729          void SQC_OV7670_Isr()
    730          {
   \                     SQC_OV7670_Isr: (+1)
   \   00000000   0xB580             PUSH     {R7,LR}
    731            if(Is_DispPhoto==1 && LPLD_GPIO_IsPinxExt(PORTA, GPIO_Pin24))
   \   00000002   0x....             LDR.N    R0,??DataTable2_3
   \   00000004   0x7800             LDRB     R0,[R0, #+0]
   \   00000006   0x2801             CMP      R0,#+1
   \   00000008   0xD113             BNE.N    ??SQC_OV7670_Isr_0
   \   0000000A   0x....             LDR.N    R0,??DataTable2_4  ;; 0x400490a0
   \   0000000C   0x6800             LDR      R0,[R0, #+0]
   \   0000000E   0x01C0             LSLS     R0,R0,#+7
   \   00000010   0xD50F             BPL.N    ??SQC_OV7670_Isr_0
    732            {
    733              ov7670_wrst=0;  //写指针复位
   \   00000012   0x2000             MOVS     R0,#+0
   \   00000014   0x....             LDR.N    R1,??DataTable2_5  ;; 0x43fe0018
   \   00000016   0x6008             STR      R0,[R1, #+0]
    734              ov7670_wr=1;   //写使能
   \   00000018   0x2001             MOVS     R0,#+1
   \   0000001A   0x....             LDR.N    R1,??DataTable2_6  ;; 0x43fe0064
   \   0000001C   0x6008             STR      R0,[R1, #+0]
    735              Is_DispPhoto =2;
   \   0000001E   0x2002             MOVS     R0,#+2
   \   00000020   0x....             LDR.N    R1,??DataTable2_3
   \   00000022   0x7008             STRB     R0,[R1, #+0]
    736              ov7670_wr=1;   //写使能
   \   00000024   0x2001             MOVS     R0,#+1
   \   00000026   0x....             LDR.N    R1,??DataTable2_6  ;; 0x43fe0064
   \   00000028   0x6008             STR      R0,[R1, #+0]
    737              ov7670_wrst=1;
   \   0000002A   0x2001             MOVS     R0,#+1
   \   0000002C   0x....             LDR.N    R1,??DataTable2_5  ;; 0x43fe0018
   \   0000002E   0x6008             STR      R0,[R1, #+0]
   \   00000030   0xE030             B.N      ??SQC_OV7670_Isr_1
    738              
    739            }
    740            else if(Is_DispPhoto == 2 && LPLD_GPIO_IsPinxExt(PORTA, GPIO_Pin24))
   \                     ??SQC_OV7670_Isr_0: (+1)
   \   00000032   0x....             LDR.N    R0,??DataTable2_3
   \   00000034   0x7800             LDRB     R0,[R0, #+0]
   \   00000036   0x2802             CMP      R0,#+2
   \   00000038   0xD10A             BNE.N    ??SQC_OV7670_Isr_2
   \   0000003A   0x....             LDR.N    R0,??DataTable2_4  ;; 0x400490a0
   \   0000003C   0x6800             LDR      R0,[R0, #+0]
   \   0000003E   0x01C0             LSLS     R0,R0,#+7
   \   00000040   0xD506             BPL.N    ??SQC_OV7670_Isr_2
    741            {
    742              ov7670_wr=0;
   \   00000042   0x2000             MOVS     R0,#+0
   \   00000044   0x....             LDR.N    R1,??DataTable2_6  ;; 0x43fe0064
   \   00000046   0x6008             STR      R0,[R1, #+0]
    743              Is_DispPhoto = 3;
   \   00000048   0x2003             MOVS     R0,#+3
   \   0000004A   0x....             LDR.N    R1,??DataTable2_3
   \   0000004C   0x7008             STRB     R0,[R1, #+0]
   \   0000004E   0xE021             B.N      ??SQC_OV7670_Isr_1
    744              
    745            }
    746            else if(Is_DispPhoto==3)
   \                     ??SQC_OV7670_Isr_2: (+1)
   \   00000050   0x....             LDR.N    R0,??DataTable2_3
   \   00000052   0x7800             LDRB     R0,[R0, #+0]
   \   00000054   0x2803             CMP      R0,#+3
   \   00000056   0xD11D             BNE.N    ??SQC_OV7670_Isr_1
    747                  { 
    748                    ov7670_rrst=0;
   \   00000058   0x2000             MOVS     R0,#+0
   \   0000005A   0x....             LDR.N    R1,??DataTable2_7  ;; 0x43fe001c
   \   0000005C   0x6008             STR      R0,[R1, #+0]
    749                    ov7670_rck = 0;
   \   0000005E   0x2000             MOVS     R0,#+0
   \   00000060   0x....             LDR.N    R1,??DataTable2_1  ;; 0x43fe0044
   \   00000062   0x6008             STR      R0,[R1, #+0]
    750                    ov7670_rck=1;
   \   00000064   0x2001             MOVS     R0,#+1
   \   00000066   0x....             LDR.N    R1,??DataTable2_1  ;; 0x43fe0044
   \   00000068   0x6008             STR      R0,[R1, #+0]
    751                    ov7670_rrst=1;
   \   0000006A   0x2001             MOVS     R0,#+1
   \   0000006C   0x....             LDR.N    R1,??DataTable2_7  ;; 0x43fe001c
   \   0000006E   0x6008             STR      R0,[R1, #+0]
    752                    ov7670_rck=0;
   \   00000070   0x2000             MOVS     R0,#+0
   \   00000072   0x....             LDR.N    R1,??DataTable2_1  ;; 0x43fe0044
   \   00000074   0x6008             STR      R0,[R1, #+0]
    753                    ov7670_rck=1; 
   \   00000076   0x2001             MOVS     R0,#+1
   \   00000078   0x....             LDR.N    R1,??DataTable2_1  ;; 0x43fe0044
   \   0000007A   0x6008             STR      R0,[R1, #+0]
    754                    SQC_OV7670_Show();
   \   0000007C   0x.... 0x....      BL       SQC_OV7670_Show
    755                    //清PORTA中断标志
    756                    LPLD_GPIO_ClearIntFlag(PORTA);       
   \   00000080   0xF05F 0x30FF      MOVS     R0,#-1
   \   00000084   0x....             LDR.N    R1,??DataTable2_4  ;; 0x400490a0
   \   00000086   0x6008             STR      R0,[R1, #+0]
    757                    //使能PORTA中断
    758                    Is_DispPhoto = 1;
   \   00000088   0x2001             MOVS     R0,#+1
   \   0000008A   0x....             LDR.N    R1,??DataTable2_3
   \   0000008C   0x7008             STRB     R0,[R1, #+0]
    759                    enable_irq(PORTA_IRQn);
   \   0000008E   0x2057             MOVS     R0,#+87
   \   00000090   0x.... 0x....      BL       NVIC_EnableIRQ
    760                    
    761                  } 
    762            
    763          }
   \                     ??SQC_OV7670_Isr_1: (+1)
   \   00000094   0xBD01             POP      {R0,PC}          ;; return

   \                                 In section .text, align 4, keep-with-next
   \                     ??DataTable2:
   \   00000000   0xE000E100         DC32     0xe000e100

   \                                 In section .text, align 4, keep-with-next
   \                     ??DataTable2_1:
   \   00000000   0x43FE0044         DC32     0x43fe0044

   \                                 In section .text, align 4, keep-with-next
   \                     ??DataTable2_2:
   \   00000000   0x400FF000         DC32     0x400ff000

   \                                 In section .text, align 4, keep-with-next
   \                     ??DataTable2_3:
   \   00000000   0x........         DC32     Is_DispPhoto

   \                                 In section .text, align 4, keep-with-next
   \                     ??DataTable2_4:
   \   00000000   0x400490A0         DC32     0x400490a0

   \                                 In section .text, align 4, keep-with-next
   \                     ??DataTable2_5:
   \   00000000   0x43FE0018         DC32     0x43fe0018

   \                                 In section .text, align 4, keep-with-next
   \                     ??DataTable2_6:
   \   00000000   0x43FE0064         DC32     0x43fe0064

   \                                 In section .text, align 4, keep-with-next
   \                     ??DataTable2_7:
   \   00000000   0x43FE001C         DC32     0x43fe001c
    764          

   Maximum stack usage in bytes:

   .cstack Function
   ------- --------
       0   NVIC_EnableIRQ
      16   SQC_OV7670_Init
        16   -> LPLD_SCCB_Init
        16   -> LPLD_SCCB_ReadReg
        16   -> LPLD_SCCB_WriteReg
        16   -> SQC_OV7670_Setreg
        16   -> delay
       8   SQC_OV7670_Isr
         8   -> NVIC_EnableIRQ
         8   -> SQC_OV7670_Show
      16   SQC_OV7670_Readfifo
        16   -> LPLD_GPIO_Input_8b
       8   SQC_OV7670_Setreg
         8   -> LPLD_SCCB_WriteReg
      16   SQC_OV7670_Show
        16   -> LPLD_LCD_SetPoint
        16   -> SQC_OV7670_Readfifo


   Section sizes:

   Bytes  Function/Label
   -----  --------------
       4  ??DataTable2
       4  ??DataTable2_1
       4  ??DataTable2_2
       4  ??DataTable2_3
       4  ??DataTable2_4
       4  ??DataTable2_5
       4  ??DataTable2_6
       4  ??DataTable2_7
       1  Is_DispPhoto
      22  NVIC_EnableIRQ
      84  SQC_OV7670_Init
     150  SQC_OV7670_Isr
      60  SQC_OV7670_Readfifo
    1316  SQC_OV7670_Setreg
      54  SQC_OV7670_Show

 
     1 byte  in section .bss
 1 718 bytes in section .text
 
 1 718 bytes of CODE memory
     1 byte  of DATA memory

Errors: none
Warnings: none
